Ingested app: 'Block Buddy' (row 2261) in  0.5959 seconds
Ingested app: 'Learn languages, grammar & vocabulary with Memrise' (row 793) in  0.048 seconds
Ingested app: 'Cameringo Lite. Filters Camera' (row 2892) in  0.048 seconds
Ingested app: 'Daniel Tiger for Parents' (row 3620) in  0.048 seconds
Ingested app: 'Video Downloader for FB : Video Download with Link' (row 10226) in  0.0453 seconds
Ingested app: 'ScriptSave WellRx Rx Discounts' (row 2499) in  0.0433 seconds
Ingested app: 'Advanced EX for MITSUBISHI' (row 10046) in  0.044 seconds
Ingested app: 'English Grammar Complete Handbook' (row 150) in  0.044 seconds
Ingested app: 'Cheap Flights & Hotels momondo' (row 3180) in  0.0434 seconds
Ingested app: 'GMX Mail' (row 376) in  0.0451 seconds
Ingested app: 'Crime Wars S. Andreas' (row 4581) in  0.0463 seconds
Ingested app: 'Comunidad BH' (row 6235) in  0.048 seconds
Ingested app: 'SNCF' (row 3146) in  0.0481 seconds
Ingested app: 'Quiz&Learn Python' (row 752) in  0.048 seconds
Ingested app: 'Maricopa AH' (row 2436) in  0.048 seconds
Ingested app: 'Blood Pressure Companion' (row 6595) in  0.044 seconds
Ingested app: 'Toyota Cruisers & Trucks Mag' (row 10491) in  0.0475 seconds
Ingested app: 'FC Zenit official Android app' (row 10272) in  0.044 seconds
Ingested app: '5 Minute Clinical Consult 2019 - #1 for 25 years' (row 2381) in  0.048 seconds
Ingested app: 'B.M.Snowboard Free' (row 6452) in  0.0452 seconds
Ingested app: '\uac10\uc131\ud559\uc6d0 BL \uccab\uc0ac\ub791' (row 6420) in  0.044 seconds
Ingested app: 'Blood Pressure Log - MyDiary' (row 2323) in  0.048 seconds
Ingested app: 'Geometry Dash World' (row 4141) in  0.0441 seconds
Ingested app: 'Daily Ab Workout' (row 4868) in  0.0454 seconds
Ingested app: 'Inches to Centimeters' (row 7574) in  0.0491 seconds
Ingested app: 'Pixgram- video photo slideshow' (row 2946) in  0.044 seconds
Ingested app: 'Download Manager Pro FREE' (row 8516) in  0.0454 seconds
Ingested app: 'pCloud: Free Cloud Storage' (row 3572) in  0.052 seconds
Ingested app: 'Mingle - Online Dating App to Chat & Meet People' (row 587) in  0.048 seconds
Ingested app: 'Ferguson AH' (row 5165) in  0.0485 seconds
Ingested app: "Madagascar Surf n' Slides Free" (row 4398) in  0.0421 seconds
Ingested app: 'CV Templates 2018' (row 7970) in  0.0464 seconds
Ingested app: 'Casa CF' (row 7280) in  0.048 seconds
Ingested app: 'iSwipe Phone X' (row 4758) in  0.0495 seconds
Ingested app: 'Today Calendar 2017' (row 3553) in  0.0443 seconds
Ingested app: 'MC.Fitting' (row 8616) in  0.0481 seconds
Ingested app: 'Avakin Life - 3D virtual world' (row 5702) in  0.0458 seconds
Ingested app: 'House app: beautiful everyday ~' (row 1483) in  0.0441 seconds
Ingested app: 'TNEB Quick Pay Easy' (row 9202) in  0.0441 seconds
Ingested app: 'BF 3d Images' (row 6108) in  0.0465 seconds
Ingested app: 'Wolfify - Be a Werewolf' (row 3917) in  0.0484 seconds
Ingested app: 'Shooting King' (row 1692) in  0.0469 seconds
Ingested app: 'X Browser' (row 4754) in  0.0481 seconds
Ingested app: 'Google Earth' (row 9841) in  0.048 seconds
Ingested app: "We learn children's verses in kindergarten" (row 3589) in  0.048 seconds
Ingested app: 'Coupons.com \u2013 Grocery Coupons & Cash Back Savings' (row 2729) in  0.0459 seconds
Ingested app: 'Zapzapmath: K-6 Math Games' (row 4291) in  0.0479 seconds
Ingested app: 'BP Tracker' (row 6603) in  0.048 seconds
Ingested app: 'FN model 1900 pistol explained' (row 10668) in  0.048 seconds
Ingested app: "Texas Hold'em EV Calculator" (row 9969) in  0.0462 seconds
Ingested app: 'Gboard - the Google Keyboard' (row 3265) in  0.048 seconds
Ingested app: 'Ost. Zombies Cast - New Music and Lyrics' (row 620) in  0.0435 seconds
Ingested app: 'AI Sight' (row 5219) in  0.0441 seconds
Ingested app: 'CallApp: Caller ID, Blocker & Phone Call Recorder' (row 440) in  0.0463 seconds
Ingested app: 'App Seguridad AV Villas' (row 5710) in  0.0481 seconds
Ingested app: 'A&W Restaurants' (row 5736) in  0.084 seconds
Ingested app: 'Akinator' (row 3877) in  0.0881 seconds
Ingested app: 'GastroHunter.EU' (row 9915) in  0.0771 seconds
Ingested app: 'Inches to cm conversion' (row 7566) in  0.0855 seconds
Ingested app: 'Train Sim Pro' (row 9082) in  0.0829 seconds
Ingested app: 'Video Player All Format for Android' (row 3674) in  0.104 seconds
Ingested app: 'Carrier Landings Pro' (row 9304) in  0.1023 seconds
Ingested app: 'Official NBSTSA CSFA Exam Prep' (row 2417) in  0.0814 seconds
Ingested app: 'Word Crossy - A crossword game' (row 1810) in  0.0761 seconds
Ingested app: 'BC Hockey' (row 5986) in  0.0893 seconds
Ingested app: 'BZ Strau\xdfenf\xfchrer' (row 7076) in  0.0441 seconds
Ingested app: 'California Cameras - Traffic' (row 7099) in  0.0437 seconds
Ingested app: 'Tamago egg' (row 9422) in  0.0584 seconds
Ingested app: 'BG Torneos' (row 6162) in  0.0455 seconds
Ingested app: 'FA Player Essentials' (row 10166) in  0.048 seconds
Ingested app: 'HipChat - Chat Built for Teams' (row 244) in  0.044 seconds
Ingested app: 'Bleacher Report: sports news, scores, & highlights' (row 3050) in  0.0441 seconds
Ingested app: 'Microsoft Outlook' (row 3457) in  0.0427 seconds
Ingested app: 'Hot or Not - Find someone right now' (row 553) in  0.0454 seconds
Ingested app: 'BA VPN - Free Unlimited VPN' (row 5935) in  0.0497 seconds
Ingested app: 'Asha Ek Hope - ALS/ MND' (row 9518) in  0.048 seconds
Ingested app: 'Walmart MoneyCard' (row 1106) in  0.044 seconds
Ingested app: 'Hotwire Hotel & Car Rental App' (row 3199) in  0.0481 seconds
Ingested app: 'Egg Baby' (row 9438) in  0.0501 seconds
Ingested app: 'Alfred Home Security Camera' (row 1482) in  0.0394 seconds
Ingested app: 'BZ-Digital' (row 7058) in  0.0708 seconds
Ingested app: 'BNCR Token Celular' (row 6503) in  0.0384 seconds
Ingested app: 'My Tamagotchi Forever' (row 5535) in  0.0469 seconds
Ingested app: 'Just She - Top Lesbian Dating' (row 518) in  0.0551 seconds
Ingested app: 'EC Designer 2.0' (row 9249) in  0.046 seconds
Ingested app: 'BN Inscript Improved Input keyboard' (row 6519) in  0.0447 seconds
Ingested app: 'Moana Island Life' (row 2092) in  0.0441 seconds
Ingested app: 'Draw Color by Number - Sandbox Pixel Art' (row 7011) in  0.0469 seconds
Ingested app: 'Age of Conquest: N. America' (row 4411) in  0.0434 seconds
Ingested app: 'Flight & Hotel Booking App - ixigo' (row 3134) in  0.0469 seconds
Ingested app: 'Scale Models DB' (row 8212) in  0.0469 seconds
Ingested app: 'GO Launcher EX UI5.0 theme' (row 10038) in  0.0469 seconds
Ingested app: 'Univision Deportes: Liga MX, MLS, F\xfatbol Live' (row 3096) in  0.0469 seconds
Ingested app: 'ASCCP Mobile' (row 2378) in  0.0469 seconds
Ingested app: 'Home workouts - fat burning, abs, legs, arms,chest' (row 1302) in  0.0469 seconds
Ingested app: 'Asana: organize team projects' (row 277) in  0.0469 seconds
Ingested app: "Lock 'n' Roll Pro - Ad Free" (row 4409) in  0.0469 seconds
Ingested app: 'Chinese Chess ( Xiangqi Free )' (row 7648) in  0.0356 seconds
Ingested app: 'J Dark Ice Substratum Theme' (row 4275) in  0.0587 seconds
Ingested app: 'EF Lens Simulator' (row 9294) in  0.047 seconds
Ingested app: 'FD e-paper' (row 10313) in  0.064 seconds
Ingested app: 'Scarf Fashion Designer' (row 1631) in  0.0469 seconds
Ingested app: 'FJ Final Join , Circles Game' (row 10484) in  0.0491 seconds
Ingested app: 'Extreme Motorbike Jump 3D' (row 9538) in  0.0452 seconds
Ingested app: 'BR Chat Bot' (row 6685) in  0.0468 seconds
Ingested app: 'Angry Birds Blast' (row 4856) in  0.0405 seconds
Ingested app: 'Banfield Pet Health Tracker' (row 2537) in  0.0469 seconds
Ingested app: 'CJ Infinity' (row 7445) in  0.0339 seconds
Ingested app: 'FD VR Store -VR Games and Apps' (row 10292) in  0.0523 seconds
Ingested app: 'BG BRIDAL GALLERY' (row 6136) in  0.0438 seconds
Ingested app: 'Emoji keyboard - Cute Emoticons, GIF, Stickers' (row 3328) in  0.0324 seconds
Ingested app: 'AJ\ub80c\ud130\uce74 \ubc95\uc778 \uce74\uc170\uc5b4\ub9c1' (row 5266) in  0.047 seconds
Ingested app: 'Color by Number \u2013 New Coloring Book' (row 1771) in  0.0469 seconds
Ingested app: 'Ev Dizayn' (row 9966) in  0.047 seconds
Ingested app: 'EMT PASS' (row 2266) in  0.0475 seconds
Ingested app: 'News-Journal-Daytona Beach, FL' (row 10607) in  0.047 seconds
Ingested app: 'Photo Collage Editor' (row 2939) in  0.0469 seconds
Ingested app: 'Equestria Girls' (row 2123) in  0.0487 seconds
Ingested app: 'Walmart MoneyCard' (row 1106) in  0.0486 seconds
Ingested app: 'SuperPhoto - Effects & Filters' (row 2889) in  0.0467 seconds
Ingested app: 'Aj Di Awaaz' (row 5271) in  0.047 seconds
Ingested app: 'go41cx' (row 8077) in  0.0469 seconds
Ingested app: 'ReadyOp DT' (row 8862) in  0.0469 seconds
Ingested app: 'Checkers \u2714\ufe0f' (row 2159) in  0.047 seconds
Ingested app: 'My Day - Countdown Calendar \U0001f5d3\ufe0f' (row 1608) in  0.0494 seconds
Ingested app: 'CS & IT Interview Questions' (row 7842) in  0.0441 seconds
Ingested app: 'R\u043ehi.af' (row 5066) in  0.0423 seconds
Ingested app: 'My BP Lab' (row 6582) in  0.0462 seconds
Ingested app: 'Tutorials for R Programming Offline' (row 4564) in  0.0462 seconds
Ingested app: 'King of B.S.' (row 6737) in  0.0452 seconds
Ingested app: 'Marcus Theatres' (row 900) in  0.0441 seconds
Ingested app: 'Papyrus Ex' (row 10056) in  0.0441 seconds
Ingested app: 'Fulham FC' (row 10255) in  0.0423 seconds
Ingested app: 'Ray Financial Calculator Pro' (row 10540) in  0.0472 seconds
Ingested app: 'Zenefits' (row 266) in  0.048 seconds
Ingested app: 'P-Home for KLWP' (row 4452) in  0.0476 seconds
Ingested app: 'Go' (row 4169) in  0.0467 seconds
Ingested app: 'RETRO Shocked DW-6000' (row 9010) in  0.0452 seconds
Ingested app: 'IBM Micromedex Drug Info' (row 2418) in  0.0443 seconds
Ingested app: 'Choices: Stories You Play' (row 1853) in  0.0463 seconds
Ingested app: 'Yazdani Cd Center EllahAbad Official App' (row 7170) in  0.0454 seconds
Ingested app: 'Professional AV Solution & Products information' (row 5725) in  0.0479 seconds
Ingested app: 'SBB Mobile' (row 3853) in  0.0464 seconds
Ingested app: 'Guardians of Ancora' (row 9081) in  0.048 seconds
Ingested app: 'BuzzFeed: News, Tasty, Quizzes' (row 3766) in  0.044 seconds
Ingested app: 'TripAdvisor Hotels Flights Restaurants Attractions' (row 3136) in  0.0485 seconds
Ingested app: "HAWK \u2013 Force of an Arcade Shooter. Shoot 'em up" (row 9587) in  0.0641 seconds
Ingested app: 'Fruit Cube Blast' (row 2074) in  0.0469 seconds
Ingested app: 'D Day World War II Commando Survival Shooting' (row 4045) in  0.0468 seconds
Ingested app: 'EU Brazil Green Business Forum' (row 9929) in  0.0481 seconds
Ingested app: 'Hairstyles step by step' (row 104) in  0.0479 seconds
Ingested app: 'Install images with music to make video without Net - 2018' (row 46) in  0.049 seconds
Ingested app: 'Gun Strike Shoot' (row 5074) in  0.0521 seconds
Ingested app: 'The CJ Rubric' (row 7433) in  0.0384 seconds
Ingested app: 'ChangeDA - Cours du DZD sur le march\xe9 parall\xe8le' (row 9132) in  0.0468 seconds
Ingested app: 'Photo frame' (row 2818) in  0.0469 seconds
Ingested app: '\u4e57\u63dbNAVITIME\u3000Timetable & Route Search in Japan Tokyo' (row 3824) in  0.0469 seconds
Ingested app: 'WatchESPN' (row 3022) in  0.0469 seconds
Ingested app: 'Sniper 3D Gun Shooter: Free Shooting Games - FPS' (row 1723) in  0.0313 seconds
Ingested app: 'Contractor City Construction - Heavy Logistics' (row 7071) in  0.0469 seconds
Ingested app: 'Rush' (row 2006) in  0.0469 seconds
Ingested app: 'Battle Result Predictor for CR' (row 7763) in  0.0447 seconds
Ingested app: 'Auction Wars : Storage King' (row 5746) in  0.0475 seconds
Ingested app: 'DYPhyzio-Physiology Forum' (row 9087) in  0.0483 seconds
Ingested app: "Family Guy- Another Freakin' Mobile Game" (row 10396) in  0.0469 seconds
Ingested app: 'AZ Camera - Manual Pro Cam' (row 5874) in  0.0469 seconds
Ingested app: 'GoAction' (row 8964) in  0.0469 seconds
Ingested app: 'PTI Flex Maker, Photo Frame Editor & Songs 2018' (row 1021) in  0.0469 seconds
Ingested app: 'Blue CareOnDemand' (row 2500) in  0.0482 seconds
Ingested app: '3D Color Pixel by Number - Sandbox Art Coloring' (row 14) in  0.0469 seconds
Ingested app: 'Sports DV' (row 8932) in  0.0469 seconds
Ingested app: 'The grand theft V Wallpaper' (row 4701) in  0.056 seconds
Ingested app: 'Google Arts & Culture' (row 9838) in  0.0414 seconds
Ingested app: 'My Talking Tom' (row 1908) in  0.0469 seconds
Ingested app: 'HSPA+ Tweaker (3G booster)' (row 4183) in  0.0469 seconds
Ingested app: 'G-NetTrack Pro' (row 4172) in  0.0469 seconds
Ingested app: 'Backgrounds HD (Wallpapers)' (row 3425) in  0.0469 seconds
Ingested app: 'Dude Perfect 2' (row 1931) in  0.0591 seconds
Ingested app: 'Temple Run' (row 4061) in  0.047 seconds
Ingested app: 'Quizlet: Learn Languages & Vocab with Flashcards' (row 785) in  0.0469 seconds
Ingested app: 'CG Fit Scale' (row 7286) in  0.0469 seconds
Ingested app: 'Amazon Kindle' (row 4083) in  0.0468 seconds
Ingested app: 'Dark Infusion Substratum Theme for Android N & O' (row 4403) in  0.0523 seconds
Ingested app: 'Free WiFi Connect' (row 4369) in  0.0384 seconds
Ingested app: 'M\xe9t\xe9o Alg\xe9rie DZ' (row 9105) in  0.0469 seconds
Ingested app: 'Khan Academy' (row 738) in  0.0469 seconds
Ingested app: 'Love Images' (row 2567) in  0.0567 seconds
Ingested app: 'AP Stamps and Registration' (row 9244) in  0.0466 seconds
Ingested app: 'EF-myHR' (row 9286) in  0.0452 seconds
Ingested app: 'Tiny Scanner Pro: PDF Doc Scan' (row 235) in  0.0467 seconds
Ingested app: 'Sudoku Master' (row 10112) in  0.0448 seconds
Ingested app: "Dr. Panda & Toto's Treehouse" (row 8785) in  0.0441 seconds
Ingested app: 'EO KOREA' (row 9654) in  0.0493 seconds
Ingested app: 'Movies by Flixster, with Rotten Tomatoes' (row 883) in  0.0953 seconds
Ingested app: 'Car Race by Fun Games For Free' (row 6990) in  0.0515 seconds
Ingested app: 'Nextdoor - Local neighborhood news & classifieds' (row 2613) in  0.0482 seconds
Ingested app: 'Yanosik: "antyradar", traffic jams, navigation, camera' (row 3838) in  0.0468 seconds
Ingested app: 'Monster Ride Pro' (row 10776) in  0.044 seconds
Ingested app: 'Pregnant Mom Surgery Newborn Twins Baby Birth Care' (row 9474) in  0.0464 seconds
Ingested app: 'MiniInTheBox Online Shopping' (row 2759) in  0.0442 seconds
Ingested app: 'Thyroid Nodules' (row 2480) in  0.0485 seconds
Ingested app: 'PS4 Second Screen' (row 5604) in  0.046 seconds
Ingested app: 'Zona Azul Digital F\xe1cil SP CET - OFFICIAL S\xe3o Paulo' (row 89) in  0.049 seconds
Ingested app: 'WeChat' (row 469) in  0.0436 seconds
Ingested app: 'Diary with lock password' (row 5393) in  0.0469 seconds
Ingested app: 'A hundred' (row 592) in  0.0511 seconds
Ingested app: 'R Programming Language (Paperset 1) MCQ Quiz' (row 4565) in  0.0452 seconds
Ingested app: 'Invoice & Time Tracking - Zoho' (row 281) in  0.0446 seconds
Ingested app: 'Free Dating Hook Up Messenger' (row 501) in  0.0441 seconds
Ingested app: 'Anti-virus Dr.Web Light' (row 8758) in  0.0462 seconds
Ingested app: 'WPS Office - Word, Docs, PDF, Note, Slide & Sheet' (row 3531) in  0.0456 seconds
Ingested app: 'Grindr - Gay chat' (row 6281) in  0.0476 seconds
Ingested app: 'Training course: Learn Nursing' (row 2481) in  0.0475 seconds
Ingested app: 'Town of Princeton, BC' (row 5969) in  0.0458 seconds
Ingested app: 'BW COMPANY FINDER' (row 6908) in  0.0463 seconds
Ingested app: 'FO SODEXO' (row 10694) in  0.047 seconds
Ingested app: 'MyLifeOrganized: To-Do List' (row 8657) in  0.0469 seconds
Ingested app: 'The Guardian' (row 3776) in  0.0469 seconds
Ingested app: 'Sounds for Toddlers FREE' (row 2194) in  0.0435 seconds
Ingested app: 'FK Teplice' (row 10537) in  0.0326 seconds
Ingested app: 'EG' (row 9324) in  0.0469 seconds
Ingested app: 'CQ ESPM' (row 7731) in  0.0469 seconds
Ingested app: 'Cougar Dating Life : Date Older Women Sugar Mummy' (row 564) in  0.0469 seconds
Ingested app: 'Dots & Co: A Puzzle Adventure' (row 7630) in  0.0456 seconds
Ingested app: 'BI News' (row 6266) in  0.0385 seconds
Ingested app: 'EY India Tax Insights' (row 10086) in  0.047 seconds
Ingested app: 'AW Training' (row 5747) in  0.0469 seconds
Ingested app: 'FK Jablonec' (row 10546) in  0.0469 seconds
Ingested app: 'BC Hospital Wait Times' (row 5968) in  0.0389 seconds
Ingested app: "BC's Pizza" (row 5972) in  0.047 seconds
Ingested app: 'Call Recorder' (row 1524) in  0.0469 seconds
Ingested app: 'DT-CAM' (row 8854) in  0.0469 seconds
Ingested app: 'Shoulder Surgery ER Emergency Doctor Game' (row 9747) in  0.0469 seconds
Ingested app: 'Ai-Ball AV Recorder' (row 5712) in  0.0469 seconds
Ingested app: 'Farm Heroes Saga' (row 10186) in  0.0528 seconds
Ingested app: 'Lotto Results - Mega Millions Powerball Lottery US' (row 10616) in  0.0342 seconds
Ingested app: 'Jazz Wi-Fi' (row 10470) in  0.0469 seconds
Ingested app: 'Smoke Effect Name Art Maker-Avatar Text Art Editor' (row 9493) in  0.0469 seconds
Ingested app: 'Messenger Kids \u2013 Safer Messaging and Video Chat' (row 10218) in  0.0469 seconds
Ingested app: 'bpresso PRO' (row 6618) in  0.0469 seconds
Ingested app: 'Canon CameraWindow' (row 8001) in  0.0469 seconds
Ingested app: 'dB: Sound Meter Pro' (row 8205) in  0.0469 seconds
Ingested app: 'TN Patta, Chitta, EC' (row 9225) in  0.0469 seconds
Ingested app: 'Dr. Panda Art Class' (row 8779) in  0.0469 seconds
Ingested app: 'Kaspersky Mobile Antivirus: AppLock & Web Security' (row 5719) in  0.0597 seconds
Ingested app: 'Caviar - Food Delivery' (row 1247) in  0.048 seconds
Ingested app: 'B-17 Flying Fortress WWII LWP' (row 3959) in  0.0511 seconds
Ingested app: 'Eh Plus English Application' (row 9373) in  0.0452 seconds
Ingested app: 'Pyaar Ek Dhoka' (row 9503) in  0.0463 seconds
Ingested app: 'Navmii GPS USA (Navfree)' (row 3230) in  0.0487 seconds
Ingested app: 'DS Barometer - Altimeter and Weather Information' (row 8827) in  0.0504 seconds
Ingested app: 'EL NORTE' (row 9547) in  0.0484 seconds
Ingested app: 'Mcqueen Coloring pages' (row 23) in  0.0462 seconds
Ingested app: 'Range Master: Sniper Academy' (row 5432) in  0.0435 seconds
Ingested app: 'Map My Fitness Workout Trainer' (row 1321) in  0.0437 seconds
Ingested app: 'Dog Run - Pet Dog Simulator' (row 2091) in  0.048 seconds
Ingested app: 'Tiny Defense' (row 8415) in  0.0464 seconds
Ingested app: 'FaceApp' (row 5210) in  0.0462 seconds
Ingested app: 'Millionaire Match: Rich Singles Dating App' (row 521) in  0.0444 seconds
Ingested app: 'Southland CU' (row 7925) in  0.0426 seconds
Ingested app: 'CIA - Caller ID & Call Blocker' (row 442) in  0.0441 seconds
Ingested app: 'CT - DTC Lookup' (row 7868) in  0.0463 seconds
Ingested app: 'Elevator Simulator Lift EM ALL' (row 9596) in  0.0444 seconds
Ingested app: 'CT-REMOTE' (row 7887) in  0.048 seconds
Ingested app: 'Hopper - Watch & Book Flights' (row 3183) in  0.0444 seconds
Ingested app: 'Zetup, print in one click' (row 6672) in  0.0441 seconds
Ingested app: 'ZEDGE\u2122 Ringtones & Wallpapers' (row 4031) in  0.048 seconds
Ingested app: 'Contents Provider(C.P.)Explorer' (row 7706) in  0.0392 seconds
Ingested app: 'Chest Opener for CR - The Circle Game' (row 7778) in  0.0469 seconds
Ingested app: 'DP Maker' (row 8680) in  0.0469 seconds
Ingested app: 'Happy Fruits Bomb - Cube Blast' (row 2028) in  0.0469 seconds
Ingested app: 'i am rich' (row 5365) in  0.0469 seconds
Ingested app: 'The Q - Live Trivia Game Network' (row 4492) in  0.0469 seconds
Ingested app: 'Real time Weather Forecast' (row 3640) in  0.0624 seconds
Ingested app: 'Fuel Calculator for EY' (row 10092) in  0.047 seconds
Ingested app: 'Gold Quote - Gold.fr' (row 10818) in  0.0483 seconds
Ingested app: 'Zombie Avengers:(Dreamsky)Stickman War Z' (row 4842) in  0.0498 seconds
Ingested app: 'SeatGeek \u2013 Tickets to Sports, Concerts, Broadway' (row 1011) in  0.036 seconds
Ingested app: 'Angry Birds Epic RPG' (row 4870) in  0.0782 seconds
Ingested app: 'House app: beautiful everyday ~' (row 1483) in  0.0469 seconds
Ingested app: 'DEAD TARGET: FPS Zombie Apocalypse Survival Games' (row 2009) in  0.0469 seconds
Ingested app: 'Coupon Sherpa' (row 2707) in  0.0482 seconds
Ingested app: 'XCOM\xae: Enemy Within' (row 10006) in  0.0469 seconds
Ingested app: 'DJ Electro Mix Pad' (row 8372) in  0.0468 seconds
Ingested app: 'BC Liquor Stores' (row 5965) in  0.047 seconds
Ingested app: 'CONNECT: The Mobile CX Summit' (row 8067) in  0.0469 seconds
Ingested app: 'Radio BN' (row 6499) in  0.0492 seconds
Ingested app: 'NeuroNation - Focus and Brain Training' (row 745) in  0.0483 seconds
Ingested app: 'Bejeweled Blitz' (row 9159) in  0.0494 seconds
Ingested app: 'EZ Display' (row 10131) in  0.0463 seconds
Ingested app: 'Delivery yogi.' (row 1203) in  0.0482 seconds
Ingested app: 'Robinhood - Investing, No Fees' (row 1136) in  0.0483 seconds
Ingested app: 'G Cloud Apps Backup Key * root' (row 4156) in  0.0482 seconds
Ingested app: 'Gardenscapes' (row 1690) in  0.0423 seconds
Ingested app: 'TRANSFORMERS: Earth Wars' (row 10021) in  0.0469 seconds
Ingested app: 'DB Browser' (row 8200) in  0.0469 seconds
Ingested app: 'R Instructor' (row 4534) in  0.056 seconds
Ingested app: 'CV Maker' (row 7975) in  0.0427 seconds
Ingested app: 'Hostelworld: Hostels & Cheap Hotels Travel App' (row 3213) in  0.0469 seconds
Ingested app: 'Shopkins World!' (row 2140) in  0.0514 seconds
Ingested app: 'Dude Perfect 2' (row 1931) in  0.0469 seconds
Ingested app: 'ExtendedCare Virtual Care Room' (row 2469) in  0.0469 seconds
Ingested app: 'Surely You Quest - Magiswords' (row 7601) in  0.0469 seconds
Ingested app: 'W Box VMS HD' (row 4728) in  0.0495 seconds
Ingested app: 'Kay AH GA' (row 5160) in  0.0469 seconds
Ingested app: 'DV Portfolio' (row 8965) in  0.0469 seconds
Ingested app: 'The translator' (row 9560) in  0.0469 seconds
Ingested app: 'BW Wallpaper' (row 6920) in  0.0526 seconds
Ingested app: 'P9 Launcher - Android\u2122 9.0 P Launcher Style' (row 4476) in  0.0367 seconds
Ingested app: 'Crusaders Quest' (row 7715) in  0.0482 seconds
Ingested app: 'Zombie Catchers' (row 4244) in  0.047 seconds
Ingested app: 'Lunar Calendar Lite' (row 5849) in  0.0468 seconds
Ingested app: 'Daily Mail Online' (row 3754) in  0.047 seconds
Ingested app: 'EY Team Connect' (row 10078) in  0.0469 seconds
Ingested app: 'Squid - Take Notes & Markup PDFs' (row 3541) in  0.0469 seconds
Ingested app: 'DT Practice' (row 8873) in  0.0468 seconds
Ingested app: 'BC browser' (row 5991) in  0.047 seconds
Ingested app: 'R-TYPE' (row 4554) in  0.052 seconds
Ingested app: 'Samsung Health' (row 5596) in  0.0623 seconds
Ingested app: 'Beauty Selfie Camera' (row 103) in  0.0395 seconds
Ingested app: 'Math Quiz Free: Grades K,1,2,3' (row 4311) in  0.0781 seconds
Ingested app: 'Manga AZ - Manga Comic Reader' (row 325) in  0.0502 seconds
Ingested app: 'Doodle Jump' (row 1916) in  0.0503 seconds
Ingested app: 'Union League' (row 10778) in  0.0469 seconds
Ingested app: 'R Programming Language' (row 4531) in  0.0469 seconds
Ingested app: 'DJ Mix Effects Simulator' (row 8464) in  0.0469 seconds
Ingested app: 'FREE CHATS C.L.' (row 7504) in  0.0468 seconds
Ingested app: 'Iqiyi (for tablet)' (row 3669) in  0.0469 seconds
Ingested app: 'Antenna Tool' (row 7146) in  0.057 seconds
Ingested app: 'Trading 212 - Forex, Stocks, CFDs' (row 1145) in  0.046 seconds
Ingested app: 'Textgram - write on photos' (row 4241) in  0.0453 seconds
Ingested app: 'Saunders Comprehensive Review NCLEX-PN Examination' (row 2413) in  0.0438 seconds
Ingested app: 'Wide address pocket prep' (row 2404) in  0.0472 seconds
Ingested app: 'Block Puzzle' (row 1719) in  0.044 seconds
Ingested app: 'ER Injection Simulator: Blood Test Doctor Hospital' (row 9761) in  0.0465 seconds
Ingested app: 'AV Tools Pro' (row 5701) in  0.0464 seconds
Ingested app: 'CBS News' (row 3803) in  0.048 seconds
Ingested app: 'Pepsi Cards DC' (row 8278) in  0.0485 seconds
Ingested app: 'Valentines love color by number-Pixel art coloring' (row 7008) in  0.0453 seconds
Ingested app: 'imo free video calls and chat' (row 347) in  0.0492 seconds
Ingested app: 'DramaFever: Stream Asian Drama Shows & Movies' (row 909) in  0.0452 seconds
Ingested app: 'Snapseed' (row 2948) in  0.0442 seconds
Ingested app: 'E.G. Chess' (row 9325) in  0.0453 seconds
Ingested app: 'South Park: Phone Destroyer\u2122' (row 7408) in  0.0469 seconds
Ingested app: 'Crack Attack' (row 9441) in  0.0457 seconds
Ingested app: 'Mango Languages: Lovable Language Courses' (row 803) in  0.0474 seconds
Ingested app: 'CL Keyboard - Myanmar Keyboard (No Ads)' (row 7514) in  0.0492 seconds
Ingested app: 'Ay Hasnain k Nana Milad Naat' (row 5842) in  0.0496 seconds
Ingested app: 'Jungle Monkey Run' (row 10113) in  0.0479 seconds
Ingested app: 'PROFESSOR SEE-BA LINGUAGENS E SUAS TECNOLOGIAS' (row 5942) in  0.0459 seconds
Ingested app: 'Materialistic P Wallpapers' (row 4483) in  0.0505 seconds
Ingested app: 'Speak quietly: Autism, CP' (row 7679) in  0.0468 seconds
Ingested app: 'U-Disco' (row 4664) in  0.0469 seconds
Ingested app: 'YouCam Makeup - Magic Selfie Makeovers' (row 2833) in  0.0469 seconds
Ingested app: 'BEBONCOOL GAMEPAD V1.0' (row 10777) in  0.0469 seconds
Ingested app: 'TO-FU Oh!SUSHI' (row 2200) in  0.0469 seconds
Ingested app: 'US 115th CD' (row 7182) in  0.0469 seconds
Ingested app: 'StyleSeat' (row 1606) in  0.0469 seconds
Ingested app: '104 Looking for a job - looking for a job, looking for a job, looking for a part-time job, health checkup, resume, treatment room' (row 220) in  0.0469 seconds
Ingested app: 'Flag of European Union' (row 9871) in  0.0482 seconds
Ingested app: 'X Launcher Pro: PhoneX Theme, OS11 Control Center' (row 4755) in  0.0502 seconds
Ingested app: 'SUDOKU' (row 1518) in  0.0439 seconds
Ingested app: 'American Muscle Car Race' (row 53) in  0.0469 seconds
Ingested app: 'K-pop Music' (row 4317) in  0.0484 seconds
Ingested app: 'BD TYCOON' (row 6021) in  0.0395 seconds
Ingested app: 'Cb browser' (row 7142) in  0.0469 seconds
Ingested app: 'Volume Control Ex' (row 10073) in  0.0469 seconds
Ingested app: 'Dictionary.com: Find Definitions for English Words' (row 6290) in  0.0469 seconds
Ingested app: 'Power Plug EV charger' (row 9967) in  0.0469 seconds
Ingested app: 'CONTRACT KILLER: ZOMBIES (NR)' (row 7467) in  0.0469 seconds
Ingested app: 'Google My Business' (row 268) in  0.0469 seconds
Ingested app: 'Analog BW - Camera filter effect foto film retouch' (row 6916) in  0.0589 seconds
Ingested app: 'Circle ratio' (row 3843) in  0.0388 seconds
Ingested app: 'Map My Ride GPS Cycling Riding' (row 1315) in  0.0469 seconds
Ingested app: 'Photo Frame' (row 2827) in  0.0466 seconds
Ingested app: '2017 EMRA Antibiotic Guide' (row 2385) in  0.0469 seconds
Ingested app: 'WiFi Action Camera' (row 8946) in  0.0468 seconds
Ingested app: 'DSLR Photography Training apps' (row 6228) in  0.0469 seconds
Ingested app: 'Neon Glow C - Icon Pack' (row 4003) in  0.0469 seconds
Ingested app: 'DC N COMPANY ENTERTAINMENT RADIO!' (row 8275) in  0.0517 seconds
Ingested app: 'Catholic La Bu Zo Kam' (row 6840) in  0.047 seconds
Ingested app: 'Eat24 Food Delivery & Takeout' (row 1243) in  0.0469 seconds
Ingested app: 'aa' (row 3872) in  0.0575 seconds
Ingested app: 'BW-Go Free' (row 6898) in  0.0313 seconds
Ingested app: 'ZEDGE\u2122 Ringtones & Wallpapers' (row 3354) in  0.0469 seconds
Ingested app: 'Candy Crush Jelly Saga' (row 1985) in  0.0436 seconds
Ingested app: 'Camera360: Selfie Photo Editor with Funny Sticker' (row 2878) in  0.0469 seconds
Ingested app: 'Mobile CS:GO' (row 7829) in  0.0469 seconds
Ingested app: 'TravelPirates' (row 3155) in  0.0483 seconds
Ingested app: 'Attack the Light' (row 5412) in  0.0754 seconds
Ingested app: 'Police Car Driver' (row 10374) in  0.047 seconds
Ingested app: 'FVD Ad-Free' (row 4958) in  0.0481 seconds
Ingested app: 'El Pollo Loco - Loco Rewards' (row 9540) in  0.0488 seconds
Ingested app: 'CH info' (row 7334) in  0.0475 seconds
Ingested app: 'Farsi Keyboard' (row 10177) in  0.0514 seconds
Ingested app: 'Wattpad \U0001f4d6 Free Books' (row 4715) in  0.0414 seconds
Ingested app: 'Ei Somoy & Dainik Sangbad & Statesman (PDF)' (row 9446) in  0.0469 seconds
Ingested app: 'Workout Trainer: fitness coach' (row 1305) in  0.0469 seconds
Ingested app: 'Sago Mini Friends' (row 2196) in  0.0469 seconds
Ingested app: 'CP HAPPS - Pittsburgh Events' (row 7684) in  0.0469 seconds
Ingested app: 'Navigator PRO - GPS Navigation with Offline Maps' (row 7932) in  0.0469 seconds
Ingested app: 'CARDI B WALLPAPERS' (row 3978) in  0.0469 seconds
Ingested app: 'HD Camera Ultra' (row 2891) in  0.0469 seconds
Ingested app: 'CE Intelligence' (row 7234) in  0.0579 seconds
Ingested app: 'GRE\xae Flashcards by Kaplan' (row 778) in  0.0388 seconds
Ingested app: 'Talking Tom Cat' (row 4247) in  0.0469 seconds
Ingested app: 'Overstock \u2013 Home Decor, Furniture Shopping' (row 2772) in  0.0469 seconds
Ingested app: 'PixPanda - Color by Number Pixel Art Coloring Book' (row 7000) in  0.0469 seconds
Ingested app: 'BBM - Free Calls & Messages' (row 406) in  0.0482 seconds
Ingested app: 'Remote For ATT U-verse TV - NOW FREE' (row 4669) in  0.0469 seconds
Ingested app: 'Logo Maker - Small Business' (row 20) in  0.0469 seconds
Ingested app: 'American Sniper City Fight Shooting Assassin' (row 9080) in  0.0469 seconds
Ingested app: 'Atlan3D Navigation: Korea navigator' (row 3833) in  0.0458 seconds
Ingested app: 'Cy-Fair Christian Church' (row 8104) in  0.044 seconds
Ingested app: 'CW Ringtone (Morse Code generator)' (row 8017) in  0.0441 seconds
Ingested app: 'PokerStars Play: Free Texas Holdem Poker Game' (row 9607) in  0.0461 seconds
Ingested app: 'Cl-app!' (row 7516) in  0.0413 seconds
Ingested app: 'Girls Live Chat - Free Text & Video Chat' (row 687) in  0.044 seconds
Ingested app: 'G-Playlists' (row 4161) in  0.0492 seconds
Ingested app: 'Muzy - Share photos & collages' (row 2885) in  0.0426 seconds
Ingested app: 'Radiology CT Viewer' (row 7900) in  0.0458 seconds
Ingested app: 'free video calls and chat' (row 466) in  0.0462 seconds
Ingested app: 'ES Remote' (row 8615) in  0.0444 seconds
Ingested app: 'trivago: Hotels & Travel' (row 3202) in  0.0981 seconds
Ingested app: 'Community by C Space' (row 4011) in  0.05 seconds
Ingested app: 'FE Connect' (row 10321) in  0.0461 seconds
Ingested app: 'FamilySearch Tree' (row 158) in  0.044 seconds
Ingested app: 'Dio Fa Cose' (row 10180) in  0.0443 seconds
Ingested app: 'Wendy\u2019s \u2013 Food and Offers' (row 8744) in  0.0492 seconds
Ingested app: 'Galactic Core Free Wallpaper' (row 3418) in  0.0462 seconds
Ingested app: 'HDFC Bank MobileBanking' (row 1174) in  0.0522 seconds
Ingested app: 'Superhero Doctor 3 ER Surgery' (row 9748) in  0.044 seconds
Ingested app: 'Dating for 50 plus Mature Singles \u2013 FINALLY' (row 515) in  0.044 seconds
Ingested app: 'PhotoFunia' (row 10740) in  0.0416 seconds
Ingested app: 'MX Player' (row 3703) in  0.0462 seconds
Ingested app: 'AX Player -Nougat Video Player' (row 5784) in  0.0435 seconds
Ingested app: 'Dungeon Hunter 5 \u2013 Action RPG' (row 5524) in  0.0469 seconds
Ingested app: 'B.Z. Live-Ticker' (row 7034) in  0.0313 seconds
Ingested app: 'BN PERKS\u2122' (row 6502) in  0.0469 seconds
Ingested app: 'Jumia online shopping' (row 2683) in  0.0469 seconds
Ingested app: 'NinJump' (row 4243) in  0.0476 seconds
Ingested app: 'Have your say on Europe' (row 9892) in  0.047 seconds
Ingested app: 'BJ Bridge Free (2018)' (row 6312) in  0.0469 seconds
Ingested app: 'DCUO|CR Calculator Pro' (row 7774) in  0.0327 seconds
Ingested app: 'PTI Flex Maker, Photo Frame Editor & Songs 2018' (row 1021) in  0.0451 seconds
Ingested app: 'UM BP Track' (row 6622) in  0.0414 seconds
Ingested app: 'Live 4D Results ! (MY & SG)' (row 1573) in  0.0483 seconds
Ingested app: 'EP Mobile' (row 9695) in  0.0469 seconds
Ingested app: 'Ei Samay - Bengali News Paper' (row 9408) in  0.0482 seconds
Ingested app: 'Duolingo: Learn Languages Free' (row 784) in  0.0469 seconds
Ingested app: 'Mom Doctor ER Emergency Family Game' (row 9749) in  0.0469 seconds
Ingested app: 'Czech Public Transport IDOS' (row 3841) in  0.0469 seconds
Ingested app: 'Blood Glucose Tracker' (row 6204) in  0.0555 seconds
Ingested app: 'File Viewer for Android' (row 8634) in  0.0442 seconds
Ingested app: 'FOX' (row 956) in  0.0442 seconds
Ingested app: 'Br Shafi' (row 6690) in  0.0446 seconds
Ingested app: 'realestate.com.au - Buy, Rent & Sell Property' (row 5664) in  0.0462 seconds
Ingested app: 'ESPN' (row 3060) in  0.0393 seconds
Ingested app: 'Unicorn Photo' (row 2820) in  0.0567 seconds
Ingested app: 'FL Racing Manager 2015 Pro' (row 10586) in  0.0481 seconds
Ingested app: 'Bus Rush: Subway Edition' (row 1957) in  0.0469 seconds
Ingested app: 'BP Assist' (row 6623) in  0.0469 seconds
Ingested app: 'My G:' (row 4167) in  0.0469 seconds
Ingested app: 'Beach Buggy Blitz' (row 4042) in  0.0469 seconds
Ingested app: 'Paramedic Protocol Provider' (row 2248) in  0.0469 seconds
Ingested app: 'Kids Doctor ER Emergency Rescue Kids Hospital Game' (row 9762) in  0.0469 seconds
Ingested app: 'FQ - Football Quiz' (row 10775) in  0.0478 seconds
Ingested app: 'DoorDash - Food Delivery' (row 1248) in  0.0453 seconds
Ingested app: 'MiniInTheBox Online Shopping' (row 2759) in  0.038 seconds
Ingested app: 'Sweet Camera' (row 2877) in  0.0469 seconds
Ingested app: 'Jumia online shopping' (row 2683) in  0.0469 seconds
Ingested app: 'Talking Pictures: Autism, CP' (row 7683) in  0.0469 seconds
Ingested app: "Dunkin' Donuts" (row 8746) in  0.0483 seconds
Ingested app: 'ES Material Theme for Pro' (row 9791) in  0.0549 seconds
Ingested app: 'UC Browser Mini -Tiny Fast Private & Secure' (row 4633) in  0.0441 seconds
Ingested app: 'iOBD2-CF' (row 7250) in  0.047 seconds
Ingested app: 'San Dimas AH' (row 5154) in  0.0476 seconds
Ingested app: 'DX Spots Free' (row 9034) in  0.048 seconds
Ingested app: 'AirWatch Agent' (row 5761) in  0.0499 seconds
Ingested app: 'Shopular: Coupons, Weekly Ads & Shopping Deals' (row 2727) in  0.0364 seconds
Ingested app: 'Photo Lock App - Hide Pictures & Videos' (row 3390) in  0.0536 seconds
Ingested app: 'TO-FU Oh!SUSHI' (row 2200) in  0.052 seconds
Ingested app: 'Super Ear Super Hearing' (row 2524) in  0.0481 seconds
Ingested app: 'Toca Builders' (row 2150) in  0.0461 seconds
Ingested app: 'Hot Bhojpuri Video songs' (row 6096) in  0.048 seconds
Ingested app: 'Mad Skills Motocross' (row 9388) in  0.044 seconds
Ingested app: 'Telegram' (row 4592) in  0.044 seconds
Ingested app: 'Strawberry Shortcake BerryRush' (row 1943) in  0.044 seconds
Ingested app: 'Bomb and Nade Timer for CS:GO' (row 7852) in  0.0478 seconds
Ingested app: 'PBA\xae Bowling Challenge' (row 5948) in  0.044 seconds
Ingested app: 'BN Pro Percent White HD Text' (row 6520) in  0.048 seconds
Ingested app: 'Repair Hyundai Santa Fe' (row 10345) in  0.048 seconds
Ingested app: 'FAHREDD\u0130N er-R\xc2Z\u0130 TEFS\u0130R\u0130' (row 9777) in  0.0463 seconds
Ingested app: 'Ibotta: Cash Back Savings, Rewards & Coupons App' (row 2755) in  0.044 seconds
Ingested app: 'Analog and Digital Clock AW-7' (row 5749) in  0.048 seconds
Ingested app: 'Crossy Road' (row 1919) in  0.044 seconds
Ingested app: 'Flame - \u062f\u0631\u0628 \u0639\u0642\u0644\u0643 \u064a\u0648\u0645\u064a\u0627' (row 710) in  0.0532 seconds
Ingested app: 'DV-2019 PHOTO TOOL' (row 8954) in  0.044 seconds
Ingested app: 'Counter Terrorist Gun Strike CS: Special Forces' (row 7830) in  0.044 seconds
Ingested app: 'CD Live - Club del Deportista' (row 7161) in  0.044 seconds
Ingested app: 'BJ Adams' (row 6345) in  0.048 seconds
Ingested app: 'BG+Phone Backup' (row 6144) in  0.048 seconds
Ingested app: 'CW TV' (row 7990) in  0.048 seconds
Ingested app: 'AW Browser with Chrome Custom Tabs' (row 5755) in  0.0504 seconds
Ingested app: 'BT Panorama' (row 6797) in  0.0452 seconds
Ingested app: 'DG Mobile' (row 8369) in  0.0481 seconds
Ingested app: 'Fortune City - A Finance App' (row 3937) in  0.0473 seconds
Ingested app: 'Sago Mini Friends' (row 2232) in  0.044 seconds
Ingested app: "autolina.ch has over 120'000 cars on offer." (row 7341) in  0.0469 seconds
Ingested app: 'QuickBooks Accounting: Invoicing & Expenses' (row 296) in  0.0464 seconds
Ingested app: '\ubf55\ud2f0\ube44 - \uac1c\uc778\ubc29\uc1a1, \uc778\ud130\ub137\ubc29\uc1a1, BJ\ubc29\uc1a1' (row 6334) in  0.044 seconds
Ingested app: 'Meetup' (row 2585) in  0.0457 seconds
Ingested app: 'MexiRoomies - roomies, mexico, df, apt, house room' (row 8338) in  0.0441 seconds
Ingested app: 'SAT Flashcards: Prep & Vocabulary' (row 781) in  0.048 seconds
Ingested app: "PlayTexas Hold'em Poker Free" (row 9585) in  0.0481 seconds
Ingested app: 'EY India Tax Insights' (row 10086) in  0.0479 seconds
Ingested app: 'BF Family user' (row 6122) in  0.0468 seconds
Ingested app: 'CF PD' (row 7251) in  0.0479 seconds
Ingested app: 'Food Network' (row 966) in  0.048 seconds
Ingested app: 'Talking Tom Cat 2' (row 4111) in  0.0447 seconds
Ingested app: 'Baby Tiger Care - My Cute Virtual Pet Friend' (row 2058) in  0.044 seconds
Ingested app: 'MOD Black for BM' (row 6464) in  0.044 seconds
Ingested app: 'FR Plus 1.6' (row 10811) in  0.0444 seconds
Ingested app: 'B R COACHINGS' (row 6710) in  0.0441 seconds
Ingested app: 'USB BT Wi-Fi Color Terminal Modem' (row 6809) in  0.0474 seconds
Ingested app: 'AI Benchmark' (row 5195) in  0.052 seconds
Ingested app: 'Q Operator' (row 4519) in  0.0479 seconds
Ingested app: 'BN MALLORCA Radio' (row 6528) in  0.048 seconds
Ingested app: 'Basics of Orthopaedics' (row 2477) in  0.0466 seconds
Ingested app: 'CR Monitor' (row 7790) in  0.0441 seconds
Ingested app: 'Top Themes Volvo FH Trucks' (row 10403) in  0.0464 seconds
Ingested app: 'Pyaterochka' (row 1190) in  0.044 seconds
Ingested app: 'The CW TN app 2018' (row 7991) in  0.0494 seconds
Ingested app: 'Runkeeper - GPS Track Run Walk' (row 1388) in  0.0481 seconds
Ingested app: 'Hill Climb Racing' (row 1909) in  0.046 seconds
Ingested app: 'Zynga Poker \u2013 Texas Holdem' (row 9599) in  0.048 seconds
Ingested app: 'Pyaar Ek Dhoka hai Game - Anti Valentines' (row 9502) in  0.0422 seconds
Ingested app: 'CG Prints' (row 7291) in  0.0479 seconds
Ingested app: 'Ayat - Al Quran' (row 5332) in  0.0481 seconds
Ingested app: 'Lie Detector Test Prank' (row 4343) in  0.0441 seconds
Ingested app: 'ReadEra \u2013 free ebook reader' (row 161) in  0.0481 seconds
Ingested app: 'Events High - Meet Your City!' (row 1026) in  0.0481 seconds
Ingested app: 'BL \u5973\u6027\u5411\u3051\u604b\u611b\u30b2\u30fc\u30e0\u25c6\u4ffa\u30d7\u30ea\u30af\u30ed\u30b9' (row 6406) in  0.043 seconds
Ingested app: 'DT Baby Cam' (row 8859) in  0.0441 seconds
Ingested app: 'Megatramp - a Story of Success!' (row 5527) in  0.0441 seconds
Ingested app: 'Name Art DP - Focus n Filter Text 2018' (row 8712) in  0.0479 seconds
Ingested app: 'Learn To Draw Glow Princess' (row 2047) in  0.0467 seconds
Ingested app: 'Quran for All (Al-Huda Int.)' (row 5330) in  0.048 seconds
Ingested app: 'F-Secure SENSE' (row 4113) in  0.0456 seconds
Ingested app: 'NPR News' (row 3801) in  0.0462 seconds
Ingested app: 'SMS Au revoir' (row 5683) in  0.0439 seconds
Ingested app: 'Mediabox CY' (row 8105) in  0.0441 seconds
Ingested app: 'aCalendar - Android Phone' (row 3563) in  0.0454 seconds
Ingested app: 'The Bump Pregnancy Tracker' (row 1351) in  0.0463 seconds
Ingested app: 'Familyfirst Messenger' (row 2482) in  0.0479 seconds
Ingested app: 'Ulta Beauty' (row 107) in  0.0472 seconds
Ingested app: 'Anthem BC Anywhere' (row 2487) in  0.0454 seconds
Ingested app: 'Fever Care' (row 2542) in  0.0464 seconds
Ingested app: 'ABCmouse.com' (row 2230) in  0.048 seconds
Ingested app: 'FK Jelgava' (row 10534) in  0.0475 seconds
Ingested app: 'happn \u2013 Local dating app' (row 6289) in  0.0446 seconds
Ingested app: 'iLauncher OS 12 Pro - Phone X' (row 4776) in  0.0454 seconds
Ingested app: 'Navi Radiography Pro' (row 2299) in  0.044 seconds
Ingested app: 'Business Calendar 2' (row 3561) in  0.044 seconds
Ingested app: 'Shadow Fight 2' (row 7937) in  0.0481 seconds
Ingested app: 'Download Manager For Android Free' (row 8527) in  0.0439 seconds
Ingested app: 'S S9 Launcher - Galaxy S8/S9 Launcher, theme, cool' (row 4579) in  0.044 seconds
Ingested app: 'AW Toolbox' (row 5739) in  0.0527 seconds
Ingested app: 'Apartment, Home Rental Search: Realtor.com Rentals' (row 1462) in  0.0481 seconds
Ingested app: 'MegaFon Dashboard' (row 353) in  0.0469 seconds
Ingested app: 'Mint: Budget, Bills, Finance' (row 1117) in  0.0469 seconds
Ingested app: 'CL 2NE1 Wallpaper KPOP Fans HD' (row 7502) in  0.0478 seconds
Ingested app: 'Guns - Shot Sounds' (row 4186) in  0.0435 seconds
Ingested app: 'FD Community FCU Mobile' (row 10288) in  0.0395 seconds
Ingested app: 'LabCorp | Patient' (row 2345) in  0.0469 seconds
Ingested app: 'Project Grand Auto Town Sandbox Beta' (row 7454) in  0.0469 seconds
Ingested app: 'Dr. 2048' (row 8799) in  0.0468 seconds
Ingested app: 'Fast Tract Diet' (row 10760) in  0.0599 seconds
Ingested app: 'cx advance call blocker' (row 8063) in  0.0462 seconds
Ingested app: 'Block Gun 3D: Call of Destiny' (row 6167) in  0.0441 seconds
Ingested app: 'FlashLight F.Light' (row 4112) in  0.0413 seconds
Ingested app: 'G Theme 2 for LG V30, LG G6' (row 4173) in  0.0473 seconds
Ingested app: 'TFO BZ Lessons' (row 7063) in  0.0441 seconds
Ingested app: 'FK CLASSIC FOR YOU' (row 10529) in  0.0452 seconds
Ingested app: 'B L Enterprises' (row 6445) in  0.0494 seconds
Ingested app: 'MakeupPlus - Your Own Virtual Makeup Artist' (row 4353) in  0.0429 seconds
Ingested app: 'Google Docs' (row 3528) in  0.0428 seconds
Ingested app: 'Bike Mayhem Free' (row 8407) in  0.0442 seconds
Ingested app: 'Photo Editor - BPhoto' (row 6241) in  0.0452 seconds
Ingested app: 'Mu Mobile BR' (row 6698) in  0.0458 seconds
Ingested app: 'A Manual of Acupuncture' (row 2301) in  0.0439 seconds
Ingested app: 'Wattpad \U0001f4d6 Free Books' (row 4715) in  0.0441 seconds
Ingested app: 'Yahoo Weather' (row 3639) in  0.0452 seconds
Ingested app: 'Score! Hero' (row 1897) in  0.0452 seconds
Ingested app: 'Zalo \u2013 Video Call' (row 6297) in  0.0441 seconds
Ingested app: 'mySugr: the blood sugar tracker made just for you' (row 6194) in  0.0462 seconds
Ingested app: 'ASUS PixelMaster Camera' (row 5058) in  0.0478 seconds
Ingested app: 'myNaida CI' (row 7373) in  0.0452 seconds
Ingested app: 'Colorfit - Drawing & Coloring' (row 26) in  0.0435 seconds
Ingested app: 'Dubai Racing' (row 9472) in  0.0469 seconds
Ingested app: 'reality.cz' (row 8144) in  0.0469 seconds
Ingested app: 'OfferUp - Buy. Sell. Offer Up' (row 2656) in  0.0471 seconds
Ingested app: 'CINEMA.BH' (row 6227) in  0.047 seconds
Ingested app: 'Farming Simulator 14' (row 2095) in  0.0468 seconds
Ingested app: 'Basics of Orthopaedics' (row 2477) in  0.0478 seconds
Ingested app: 'X your Ex - Break Up Treatment' (row 10064) in  0.0426 seconds
Ingested app: 'Ai File Viewer' (row 5188) in  0.0469 seconds
Ingested app: 'Ad Block REMOVER - NEED ROOT' (row 4970) in  0.0469 seconds
Ingested app: 'File Ex - ES File Explorer' (row 9802) in  0.0469 seconds
Ingested app: 'CamScanner (License)' (row 7810) in  0.0551 seconds
Ingested app: 'Free Coupons for Burger King' (row 6359) in  0.0368 seconds
Ingested app: 'My Ag Report' (row 5114) in  0.0469 seconds
Ingested app: 'Manga Books' (row 6424) in  0.0469 seconds
Ingested app: 'My Little Pony Rainbow Runners' (row 2097) in  0.0469 seconds
Ingested app: 'Munchery: Chef Crafted Fresh Food Delivered' (row 1238) in  0.0482 seconds
Ingested app: 'OE TRACKER CE Attendance App' (row 7200) in  0.055 seconds
Ingested app: 'UC Browser - Fast Download Private & Secure' (row 3971) in  0.0395 seconds
Ingested app: 'Wallpapers DAF CF 85 Trucks' (row 7257) in  0.0469 seconds
Ingested app: 'Surprise Eggs' (row 9439) in  0.0469 seconds
Ingested app: 'Breathing Zone' (row 2282) in  0.0469 seconds
Ingested app: 'DB Streckenagent' (row 8204) in  0.0469 seconds
Ingested app: 'Toy Blast' (row 1877) in  0.0482 seconds
Ingested app: "Connect'Em Halloween" (row 9602) in  0.0469 seconds
Ingested app: 'N-Back' (row 4418) in  0.0469 seconds
Ingested app: '104 Looking for a job - looking for a job, looking for a job, looking for a part-time job, health checkup, resume, treatment room' (row 220) in  0.0469 seconds
Ingested app: 'Coloring Book for Me & Mandala' (row 8298) in  0.0469 seconds
Ingested app: 'Toy Battle Z' (row 4852) in  0.0563 seconds
Ingested app: 'Messenger Lite: Free Calls & Messages' (row 4106) in  0.0313 seconds
Ingested app: 'Smart Wi-Fi Hotspot PRO' (row 10446) in  0.0469 seconds
Ingested app: 'ES File Explorer & Manager, Locker Xplorer 2018' (row 9798) in  0.0469 seconds
Ingested app: 'ABC15 Arizona' (row 10008) in  0.0469 seconds
Ingested app: 'Camera FV-5' (row 6652) in  0.0469 seconds
Ingested app: 'Dragon BZ Super Wallpapers' (row 7059) in  0.0469 seconds
Ingested app: 'Eu Sou Rico' (row 9917) in  0.0469 seconds
Ingested app: 'InstaBeauty -Makeup Selfie Cam' (row 2858) in  0.0469 seconds
Ingested app: 'Starbucks' (row 1197) in  0.0469 seconds
Ingested app: 'Anti-virus Dr.Web Light' (row 8758) in  0.0565 seconds
Ingested app: 'Dezeen Magazine RSS Reader' (row 3763) in  0.0368 seconds
Ingested app: 'Viva Decora - Decoration, Photos, Architecture, House' (row 1447) in  0.0469 seconds
Ingested app: 'Summer Madness' (row 1025) in  0.0469 seconds
Ingested app: 'TCF National Conference' (row 1046) in  0.0508 seconds
Ingested app: 'Bf Light' (row 6114) in  0.0469 seconds
Ingested app: 'Abs Training-Burn belly fat' (row 1279) in  0.0469 seconds
Ingested app: 'Best Applock - Locker & No Ads' (row 4968) in  0.0469 seconds
Ingested app: 'Wii U Simulator' (row 4647) in  0.0469 seconds
Ingested app: 'Dete.bg' (row 6176) in  0.0469 seconds
Ingested app: 'BibleRead En Cy Zh Yue' (row 8119) in  0.0469 seconds
Ingested app: 'Mu Elite BR' (row 6701) in  0.0593 seconds
Ingested app: 'Signal Spy - Monitor Signal Strength & Data Usage' (row 10444) in  0.0477 seconds
Ingested app: 'Blood Donor' (row 2318) in  0.0469 seconds
Ingested app: 'Check Your Visitors on FB ?' (row 10222) in  0.0468 seconds
Ingested app: 'Register.ca Mobile' (row 7101) in  0.0469 seconds
Ingested app: 'Pixel Art: Color by Number Game' (row 1738) in  0.047 seconds
Ingested app: 'Puffin Browser Pro' (row 427) in  0.0469 seconds
Ingested app: 'Youper - AI Therapy' (row 2493) in  0.0469 seconds
Ingested app: 'DSLR Blur Camera Auto Focus' (row 5054) in  0.0469 seconds
Ingested app: "Modcloth \u2013 Unique Indie Women's Fashion & Style" (row 2741) in  0.0469 seconds
Ingested app: 'CB Underground' (row 7118) in  0.0469 seconds
Ingested app: 'Zomato - Restaurant Finder and Food Delivery App' (row 1255) in  0.0565 seconds
Ingested app: 'EF Mentor: Words' (row 9268) in  0.0342 seconds
Ingested app: 'HTC Transfer Tool' (row 7934) in  0.0469 seconds
Ingested app: 'Kim Bu Youtuber?' (row 6834) in  0.0469 seconds
Ingested app: 'Dx Ludo' (row 9067) in  0.0469 seconds
Ingested app: 'Aunjai i lert u' (row 1282) in  0.0781 seconds
Ingested app: 'Borneo Bible, BM Bible' (row 6462) in  0.0469 seconds
Ingested app: '\u0644\u0639\u0628\u0629 \u062a\u0642\u062f\u0631 \u062a\u0631\u0628\u062d DZ' (row 9117) in  0.0313 seconds
Ingested app: 'FK Oleksandria' (row 10528) in  0.0458 seconds
Ingested app: 'PixPanda - Color by Number Pixel Art Coloring Book' (row 7000) in  0.047 seconds
Ingested app: 'Wish - Shopping Made Fun' (row 2749) in  0.0526 seconds
Ingested app: 'Larry H Miller Automotive' (row 4210) in  0.0399 seconds
Ingested app: 'Planner Pro-Personal Organizer' (row 3556) in  0.0484 seconds
Ingested app: 'Seznam.cz' (row 373) in  0.0469 seconds
Ingested app: 'AW Reader: news & apps [Dutch]' (row 5752) in  0.0469 seconds
Ingested app: 'Force LTE Only' (row 4215) in  0.0469 seconds
Ingested app: 'ES Holo Theme' (row 9797) in  0.0481 seconds
Ingested app: 'GO Keyboard - Cute Emojis, Themes and GIFs' (row 3329) in  0.047 seconds
Ingested app: 'EZ-Builder Mobile' (row 10156) in  0.0469 seconds
Ingested app: 'Sound Recorder: Recorder & Voice Changer Free' (row 3269) in  0.0469 seconds
Ingested app: 'BombSquad Remote' (row 6721) in  0.0469 seconds
Ingested app: 'music (CG)' (row 7322) in  0.0579 seconds
Ingested app: 'Escaping the Prison' (row 8186) in  0.0313 seconds
Ingested app: 'Cy-Fair Houston Chamber' (row 8109) in  0.044 seconds
Ingested app: 'DM Collection' (row 8575) in  0.0443 seconds
Ingested app: 'Evolution CP' (row 7692) in  0.0469 seconds
Ingested app: 'ADS-B Driver' (row 3957) in  0.0469 seconds
Ingested app: 'EU Exit poll' (row 9899) in  0.0469 seconds
Ingested app: 'Attack the Light' (row 5412) in  0.0469 seconds
Ingested app: 'BV Teknisk App' (row 6880) in  0.0469 seconds
Ingested app: 'Access Point Proximity' (row 5461) in  0.0469 seconds
Ingested app: 'Best Fiends - Free Puzzle Game' (row 1850) in  0.0576 seconds
Ingested app: 'Magic Tiles 3' (row 2000) in  0.0372 seconds
Ingested app: 'DM AirDisk HDD' (row 8576) in  0.047 seconds
Ingested app: 'DT Driving Test Theory' (row 8856) in  0.0469 seconds
Ingested app: 'City Builder 2016: County Mall' (row 6976) in  0.0469 seconds
Ingested app: 'Holy Knight EN' (row 9619) in  0.0402 seconds
Ingested app: 'Block Craft 3D: Building Simulator Games For Free' (row 1746) in  0.047 seconds
Ingested app: 'DreamMapper' (row 2335) in  0.0512 seconds
Ingested app: 'FCB Connect - FC Barcelona' (row 10251) in  0.0469 seconds
Ingested app: 'Tumblr' (row 4586) in  0.0361 seconds
Ingested app: 'BS Meter (Ad Supported)' (row 6728) in  0.0388 seconds
Ingested app: 'Hello Kitty Nail Salon' (row 1658) in  0.0522 seconds
Ingested app: 'Soul Mate' (row 658) in  0.043 seconds
Ingested app: 'EY eMentor' (row 10079) in  0.048 seconds
Ingested app: 'EF Go Ahead Tour Companion' (row 9283) in  0.0415 seconds
Ingested app: 'Nigeria News NAIJ.com' (row 3727) in  0.047 seconds
Ingested app: 'Microsoft Edge' (row 380) in  0.0469 seconds
Ingested app: 'Scanning under clothes (prank)' (row 5441) in  0.0469 seconds
Ingested app: 'Gyft - Mobile Gift Card Wallet' (row 2708) in  0.0469 seconds
Ingested app: 'ROBLOX' (row 1870) in  0.0469 seconds
Ingested app: 'Kiamichi EC' (row 9256) in  0.0469 seconds
Ingested app: 'Race the Traffic Moto' (row 1682) in  0.0415 seconds
Ingested app: 'Moco - Chat, Meet People' (row 551) in  0.0453 seconds
Ingested app: 'Trazado de tuberia El Tubero' (row 9566) in  0.0438 seconds
Ingested app: '5 Minute Veterinary Consult: Canine & Feline' (row 2403) in  0.0469 seconds
Ingested app: 'BJ Bridge Acol Beginner 2018' (row 6316) in  0.0469 seconds
Ingested app: 'FIFA - Tournaments, Soccer News & Live Scores' (row 3082) in  0.0469 seconds
Ingested app: 'Lerni. Learn languages.' (row 827) in  0.0481 seconds
Ingested app: 'Motorola FM Radio' (row 10647) in  0.0386 seconds
Ingested app: 'Golden Dictionary (FR-AR)' (row 10815) in  0.0469 seconds
Ingested app: 'Sonic 4\u2122 Episode I' (row 9728) in  0.0469 seconds
Ingested app: 'Chatting - Free chat, random chat, boyfriend, girlfriend' (row 599) in  0.055 seconds
Ingested app: 'Quiz: Logo game' (row 1965) in  0.0362 seconds
Ingested app: 'ZALORA Fashion Shopping' (row 2773) in  0.0564 seconds
Ingested app: 'RetroSelfie - Selfie Editor' (row 2879) in  0.0483 seconds
Ingested app: 'Google Voice' (row 5594) in  0.0479 seconds
Ingested app: 'Global Shop' (row 7757) in  0.0454 seconds
Ingested app: 'CK FFXIV Companion' (row 7458) in  0.0439 seconds
Ingested app: 'Smashy Road: Arena' (row 6885) in  0.048 seconds
Ingested app: 'E.G. Chess' (row 9325) in  0.044 seconds
Ingested app: 'Professor Online SEDUC-CE' (row 7201) in  0.044 seconds
Ingested app: 'CR & CoC Private Server - Clash Barbarians PRO' (row 7766) in  0.0626 seconds
Ingested app: 'Best Auto Call Recorder Free' (row 10117) in  0.0401 seconds
Ingested app: 'Omlet Chat' (row 377) in  0.052 seconds
Ingested app: 'AE Lucky Fishing' (row 5006) in  0.0473 seconds
Ingested app: 'BW COMPANY FINDER' (row 6908) in  0.0469 seconds
Ingested app: 'codeEazy - C/C++/JAVA' (row 4018) in  0.04 seconds
Ingested app: 'Bubble Witch 2 Saga' (row 6849) in  0.0469 seconds
Ingested app: 'Backgammon NJ for Android' (row 6198) in  0.0469 seconds
Ingested app: 'Mod GTA V for MCPE' (row 4689) in  0.0469 seconds
Ingested app: 'Coloring & Learn' (row 2018) in  0.0469 seconds
Ingested app: 'Funny Pics' (row 996) in  0.0469 seconds
Ingested app: 'BBVA Compass Banking' (row 1154) in  0.0592 seconds
Ingested app: 'Advanced Download Manager Holo' (row 8533) in  0.047 seconds
Ingested app: 'Mopar Drag N Brag' (row 4401) in  0.0471 seconds
Ingested app: 'EY EMEIA Diversity & Inclusion' (row 10097) in  0.0355 seconds
Ingested app: 'Live Girls Talk - Free Video Chat' (row 685) in  0.0625 seconds
Ingested app: 'TappyToon Comics & Webtoons' (row 6414) in  0.0469 seconds
Ingested app: 'EO Guide' (row 9657) in  0.0469 seconds
Ingested app: 'Wi-Fi Master' (row 10462) in  0.0469 seconds
Ingested app: 'Files To SD Card Pro' (row 9112) in  0.0469 seconds
Ingested app: 'ViewRanger - Hike, Ride or Walk' (row 1366) in  0.0469 seconds
Ingested app: 'How do I care about my child?' (row 3616) in  0.042 seconds
Ingested app: 'DENVER ACTION CAM 3' (row 8970) in  0.047 seconds
Ingested app: 'Spinal Cord Surgery Doctor: Operation ER surgery' (row 9756) in  0.0475 seconds
Ingested app: 'Bleacher Report: sports news, scores, & highlights' (row 3080) in  0.0473 seconds
Ingested app: 'Virtual Cigarette Smoking (prank)' (row 5425) in  0.0409 seconds
Ingested app: 'Simulator Brawl Box for BS' (row 6730) in  0.0499 seconds
Ingested app: 'AR Sport Cars' (row 5572) in  0.0469 seconds
Ingested app: 'Daily Manga - Comic & Webtoon' (row 312) in  0.0469 seconds
Ingested app: 'Free Dating App - YoCutie - Flirt, Chat & Meet' (row 512) in  0.0481 seconds
Ingested app: 'Chicken Invaders 3' (row 7399) in  0.047 seconds
Ingested app: 'Klara weather' (row 3638) in  0.0519 seconds
Ingested app: 'Wi-Fi settings shortcut' (row 10461) in  0.0469 seconds
Ingested app: 'Google PDF Viewer' (row 8320) in  0.0469 seconds
Ingested app: 'Skype Lite - Free Video Call & Chat' (row 364) in  0.0511 seconds
Ingested app: 'Color Quartets' (row 7761) in  0.0501 seconds
Ingested app: 'Pixel Z Gunner 3D - Battle Survival Fps' (row 4837) in  0.0468 seconds
Ingested app: 'Fu*** Weather (Funny Weather)' (row 7491) in  0.0476 seconds
Ingested app: 'EZ Web Video Cast | Chromecast' (row 10132) in  0.0471 seconds
Ingested app: 'Booking.com Travel Deals' (row 3211) in  0.0467 seconds
Ingested app: 'Chemin (fr)' (row 10833) in  0.0463 seconds
Ingested app: 'BP-Tech' (row 6607) in  0.0441 seconds
Ingested app: 'HD Wallpapers Volvo FH Trucks' (row 10413) in  0.0449 seconds
Ingested app: 'CURSUM B' (row 3985) in  0.0481 seconds
Ingested app: 'Shadow Fight 2 Special Edition' (row 6181) in  0.0462 seconds
Ingested app: 'BEST CAR SOUNDS' (row 86) in  0.0441 seconds
Ingested app: 'Unlimited Group Links - Whatsapp, FB, Telegram' (row 10235) in  0.0481 seconds
Ingested app: 'Sat-Fi Voice' (row 10474) in  0.0466 seconds
Ingested app: 'ICQ \u2014 Video Calls & Chat Messenger' (row 4518) in  0.0443 seconds
Ingested app: 'T. Rowe Price Personal\xae App' (row 4625) in  0.0481 seconds
Ingested app: 'Myth Defense 2: DF Platinum' (row 8321) in  0.049 seconds
Ingested app: "Poker Live! 3D Texas Hold'em" (row 9593) in  0.0479 seconds
Ingested app: 'BN Pro White HD Text' (row 6522) in  0.0453 seconds
Ingested app: 'I am rich (Most expensive app)' (row 5364) in  0.0413 seconds
Ingested app: 'UC Browser Mini -Tiny Fast Private & Secure' (row 4633) in  0.0456 seconds
Ingested app: 'Je Parle ANGLAIS - Apprendre l\u2019anglais Audio cours' (row 4345) in  0.04 seconds
Ingested app: 'TOSHIBA Smart AC' (row 4912) in  0.0528 seconds
Ingested app: 'Je Parle ANGLAIS - Apprendre l\u2019anglais Audio cours' (row 4345) in  0.0434 seconds
Ingested app: 'CQ: Lost In Transmission' (row 7727) in  0.0482 seconds
Ingested app: 'Soundtrack Attack' (row 7596) in  0.0469 seconds
Ingested app: 'Cute Dolphin Keyboard' (row 9084) in  0.0469 seconds
Ingested app: 'High Blood Pressure Symptoms' (row 2508) in  0.0469 seconds
Ingested app: 'InfantRisk Center HCP' (row 2295) in  0.0469 seconds
Ingested app: 'Bi-Tank' (row 6287) in  0.0469 seconds
Ingested app: 'BAMMS for BM SQ' (row 6493) in  0.0469 seconds
Ingested app: 'Free Radar Detector' (row 3157) in  0.0469 seconds
Ingested app: 'Sic Bo Online! Free Casino' (row 6558) in  0.0469 seconds
Ingested app: 'Swift for Facebook Lite' (row 10198) in  0.0515 seconds
Ingested app: 'Official NBSTSA CSFA Exam Prep' (row 2417) in  0.0394 seconds
Ingested app: 'E W Bookkeeping & Accountancy' (row 9995) in  0.0469 seconds
Ingested app: 'Capital One\xae Mobile' (row 1077) in  0.0469 seconds
Ingested app: "HANGAME Casino - Baccarat & Texas Hold'em" (row 9606) in  0.0469 seconds
Ingested app: 'FAHREDD\u0130N er-R\xc2Z\u0130 TEFS\u0130R\u0130' (row 9777) in  0.0469 seconds
Ingested app: 'BD Data Plan (3G & 4G)' (row 6005) in  0.0469 seconds
Ingested app: 'LightMeter (noAds)' (row 8722) in  0.0499 seconds
Ingested app: 'Super Hero M Craft Run' (row 4360) in  0.0564 seconds
Ingested app: 'BuzzFeed: News, Tasty, Quizzes' (row 3818) in  0.0475 seconds
Ingested app: 'AAFP' (row 2515) in  0.0441 seconds
Ingested app: 'Super Flashlight + LED' (row 3296) in  0.0486 seconds
Ingested app: 'Doctors Care' (row 2440) in  0.0337 seconds
Ingested app: 'Al Quran : EAlim - Translations & MP3 Offline' (row 5334) in  0.0469 seconds
Ingested app: 'FlirtChat - \u2665Free Dating/Flirting App\u2665' (row 679) in  0.0469 seconds
Ingested app: 'Jaumo Dating, Flirt & Live Video' (row 2632) in  0.0482 seconds
Ingested app: 'Rhythm Patrol' (row 2060) in  0.047 seconds
Ingested app: 'Chronolink DX Lite' (row 9052) in  0.0469 seconds
Ingested app: 'War Z 2' (row 4817) in  0.0313 seconds
Ingested app: 'Minecraft' (row 4347) in  0.0313 seconds
Ingested app: 'Fertilizer Removal By Crop' (row 5128) in  0.0324 seconds
Ingested app: 'eP Scanner' (row 9699) in  0.0599 seconds
Ingested app: 'Human Anatomy Atlas 2018: Complete 3D Human Body' (row 2372) in  0.0473 seconds
Ingested app: 'Ab Workouts' (row 4892) in  0.0469 seconds
Ingested app: 'Hornet - Gay Social Network' (row 9847) in  0.0469 seconds
Ingested app: 'Talabat: Food Delivery' (row 1252) in  0.0469 seconds
Ingested app: 'Bad Piggies HD' (row 9454) in  0.0503 seconds
Ingested app: 'Asphalt 8: Airborne' (row 3912) in  0.0329 seconds
Ingested app: 'Acorn TV: World-class TV from Britain and Beyond' (row 915) in  0.0483 seconds
Ingested app: 'EF Mentor: Sounds' (row 9271) in  0.0469 seconds
Ingested app: '9GAG: Funny Gifs, Pics, Memes & Videos for IGTV' (row 5071) in  0.0469 seconds
Ingested app: 'DisneyNOW \u2013 TV Shows & Games' (row 2063) in  0.0584 seconds
Ingested app: 'Burnley FC' (row 10258) in  0.0451 seconds
Ingested app: 'Nigeria News NAIJ.com' (row 3727) in  0.0438 seconds
Ingested app: 'DR TV' (row 8767) in  0.0469 seconds
Ingested app: 'BBVA Spain' (row 1068) in  0.0481 seconds
Ingested app: 'Coloring Book for Me & Mandala' (row 8298) in  0.047 seconds
Ingested app: 'Wells Fargo Mobile' (row 1168) in  0.0469 seconds
Ingested app: 'Starfall Free & Member' (row 2236) in  0.0469 seconds
Ingested app: 'Themes DAF CF 85 Trucks' (row 7246) in  0.0381 seconds
Ingested app: 'Fort Myers FL' (row 10606) in  0.0587 seconds
Ingested app: 'Buzz Launcher-Smart&Free Theme' (row 3438) in  0.048 seconds
Ingested app: 'E W Bookkeeping & Accountancy' (row 9995) in  0.0392 seconds
Ingested app: 'Explore Sedona & Northern AZ' (row 5897) in  0.0563 seconds
Ingested app: 'Video Downloader for Facebook' (row 4107) in  0.0396 seconds
Ingested app: 'MobilePatrol Public Safety App' (row 2574) in  0.0469 seconds
Ingested app: 'EC\u30ca\u30d3\xd7\u30b7\u30e5\u30d5\u30fc' (row 9248) in  0.0469 seconds
Ingested app: 'Nike+ Run Club' (row 1389) in  0.0468 seconds
Ingested app: 'Lollipop Keyboard L Pro' (row 4336) in  0.0469 seconds
Ingested app: 'NYTimes - Latest News' (row 3777) in  0.0482 seconds
Ingested app: 'DW - Breaking World News' (row 8977) in  0.0469 seconds
Ingested app: 'Heirs & Graces' (row 6409) in  0.0515 seconds
Ingested app: 'CCP DZ : Fill out a check | Number in letters DZD' (row 9095) in  0.0388 seconds
Ingested app: 'Wedding LookBook by The Knot' (row 1610) in  0.0469 seconds
Ingested app: 'Sleep as Android: Sleep cycle tracker, smart alarm' (row 5581) in  0.0566 seconds
Ingested app: 'DM Die Roller 9000' (row 8565) in  0.0358 seconds
Ingested app: 'I am rich(premium)' (row 5359) in  0.0469 seconds
Ingested app: 'EV Calculator' (row 9978) in  0.0482 seconds
Ingested app: 'AliExpress - Smarter Shopping, Better Living' (row 4099) in  0.0469 seconds
Ingested app: 'ES File Explorer' (row 9793) in  0.0469 seconds
Ingested app: 'ABAI CE Scanner' (row 7202) in  0.0574 seconds
Ingested app: 'Color by Number \u2013 New Coloring Book' (row 6989) in  0.0313 seconds
Ingested app: 'Star Girl - Fashion, Makeup & Dress Up' (row 6075) in  0.0469 seconds
Ingested app: 'Browser 4G' (row 352) in  0.0469 seconds
Ingested app: 'Photo Editor by Aviary' (row 2930) in  0.0469 seconds
Ingested app: 'BW Fuhlenbrock' (row 6937) in  0.0596 seconds
Ingested app: 'Test de Inteligencia CI' (row 7406) in  0.038 seconds
Ingested app: 'ZArchiver Donate' (row 4844) in  0.0469 seconds
Ingested app: 'FD Calculator | Term Deposit | Fixed Deposit' (row 10298) in  0.0468 seconds
Ingested app: 'HipChat - Chat Built for Teams' (row 273) in  0.047 seconds
Ingested app: 'EC Sampler' (row 9264) in  0.0473 seconds
Ingested app: 'Rider' (row 1732) in  0.0441 seconds
Ingested app: 'Phone Tracker : Family Locator' (row 8442) in  0.0469 seconds
Ingested app: "Educational Children's Songs" (row 3599) in  0.0478 seconds
Ingested app: '1800 Contacts - Lens Store' (row 2543) in  0.0465 seconds
Ingested app: 'Fancy' (row 2775) in  0.044 seconds
Ingested app: 'Innovative: Learn 34 Languages' (row 834) in  0.0432 seconds
Ingested app: 'iProperty Malaysia' (row 1490) in  0.0467 seconds
Ingested app: 'Crack the blue angry birds egg' (row 9433) in  0.0451 seconds
Ingested app: 'Monster Park AR - Jurassic Dinosaurs in Real World' (row 5549) in  0.0444 seconds
Ingested app: 'Messaging+ SMS, MMS Free' (row 397) in  0.0483 seconds
Ingested app: 'Roll Call News' (row 7729) in  0.046 seconds
Ingested app: 'File Manager' (row 3246) in  0.0442 seconds
Ingested app: 'DB Event App' (row 8229) in  0.0458 seconds
Ingested app: 'Hesab.af - Send money in Afghanistan' (row 5047) in  0.0452 seconds
Ingested app: '1. FC K\xf6ln App' (row 10252) in  0.0457 seconds
Ingested app: 'Fancy Pants Adventures' (row 8453) in  0.048 seconds
Ingested app: 'Gear.Club - True Racing' (row 9172) in  0.048 seconds
Ingested app: 'Cymera Camera- Photo Editor, Filter,Collage,Layout' (row 8082) in  0.044 seconds
Ingested app: 'HBO NOW: Stream TV & Movies' (row 924) in  0.0452 seconds
Ingested app: 'Advanced EX for MITSUBISHI' (row 10046) in  0.0452 seconds
Ingested app: 'Diamond Zipper Lock Screen' (row 3368) in  0.0452 seconds
Ingested app: 'waut.ch!' (row 7348) in  0.0441 seconds
Ingested app: 'Alfred Home Security Camera' (row 1482) in  0.0461 seconds
Ingested app: 'Crossy Road' (row 1919) in  0.0478 seconds
Ingested app: 'ClassDojo' (row 843) in  0.0885 seconds
Ingested app: 'Granny' (row 1679) in  0.0492 seconds
Ingested app: 'Block Buddy' (row 2261) in  0.0479 seconds
Ingested app: 'BK Suraj bhai' (row 6381) in  0.047 seconds
Ingested app: 'Farming Simulator 18' (row 1835) in  0.0472 seconds
Ingested app: 'EU IP Codes' (row 9916) in  0.0453 seconds
Ingested app: 'HTC Calendar' (row 3475) in  0.0463 seconds
Ingested app: 'Golf GPS Rangefinder: Golf Pad' (row 3035) in  0.0473 seconds
Ingested app: 'Cache Cleaner-DU Speed Booster (booster & cleaner)' (row 3239) in  0.0481 seconds
Ingested app: 'Beauty Camera - Selfie Camera' (row 117) in  0.0463 seconds
Ingested app: 'LineStar for FanDuel' (row 10317) in  0.0436 seconds
Ingested app: 'VisualCV Resume Builder' (row 7984) in  0.0441 seconds
Ingested app: 'Book of AK-47' (row 5286) in  0.0442 seconds
Ingested app: 'Brandon Lakes AH' (row 5173) in  0.048 seconds
Ingested app: 'FK Vozdovac' (row 10548) in  0.0477 seconds
Ingested app: 'San Andreas Crime City Gangster 3D' (row 7452) in  0.0443 seconds
Ingested app: 'Square DP For Whatsapp' (row 8682) in  0.0456 seconds
Ingested app: 'AI Benchmark' (row 5195) in  0.0447 seconds
Ingested app: 'WPSApp' (row 4738) in  0.0422 seconds
Ingested app: 'The Holy Rosary' (row 9571) in  0.0468 seconds
Ingested app: 'AK47 Assault Rifle' (row 5295) in  0.048 seconds
Ingested app: 'Zowi App' (row 6649) in  0.0506 seconds
Ingested app: 'My Little Pony Celebration' (row 2231) in  0.0463 seconds
Ingested app: 'Traffic Racer' (row 1976) in  0.0488 seconds
Ingested app: 'DT Practice' (row 8873) in  0.0435 seconds
Ingested app: 'Avast Wi-Fi Finder' (row 10449) in  0.0469 seconds
Ingested app: 'BM SPM Practice' (row 6467) in  0.0468 seconds
Ingested app: 'be Produbanco' (row 6049) in  0.0469 seconds
Ingested app: 'Catalyst AZ' (row 5888) in  0.0486 seconds
Ingested app: 'Octo U: Your driving companion' (row 4642) in  0.0469 seconds
Ingested app: 'USB BT Wi-Fi Color Terminal Modem' (row 6809) in  0.0469 seconds
Ingested app: 'L!FE Premium Training' (row 10337) in  0.0469 seconds
Ingested app: 'Majestic Cinema CI' (row 7395) in  0.0438 seconds
Ingested app: 'C Prowess' (row 4025) in  0.0475 seconds
Ingested app: 'PAC-MAN' (row 1673) in  0.0443 seconds
Ingested app: 'Ringdroid' (row 5612) in  0.0469 seconds
Ingested app: 'Barcelona Live 2018\u2014Goals & News for Barca FC Fans' (row 10242) in  0.0469 seconds
Ingested app: 'DM Talk New' (row 8548) in  0.0469 seconds
Ingested app: 'Portable Wi-Fi hotspot' (row 4609) in  0.0469 seconds
Ingested app: "I'm Rich/Eu sou Rico/\u0623\u0646\u0627 \u063a\u0646\u064a/\u6211\u5f88\u6709\u9322" (row 9934) in  0.0469 seconds
Ingested app: 'AF Legendary 2017' (row 5056) in  0.0812 seconds
Ingested app: 'AJ Cam' (row 5230) in  0.049 seconds
Ingested app: 'ZEDGE\u2122 Ringtones & Wallpapers' (row 3354) in  0.0448 seconds
Ingested app: 'EF Coach' (row 9295) in  0.0441 seconds
Ingested app: 'FINAL FANTASY V' (row 4694) in  0.0425 seconds
Ingested app: 'Casual Dating & Adult Singles - Joyride' (row 487) in  0.0355 seconds
Ingested app: 'Helix Jump' (row 1749) in  0.0469 seconds
Ingested app: 'Moodpath - Depression & Anxiety Test' (row 2348) in  0.0469 seconds
Ingested app: 'BG Cable TV' (row 6150) in  0.0486 seconds
Ingested app: 'Blood Pressure Monitor' (row 2525) in  0.047 seconds
Ingested app: 'Cooking in the Kitchen' (row 8451) in  0.0469 seconds
Ingested app: 'ER Doctor Kids Emergency Room' (row 9765) in  0.0469 seconds
Ingested app: 'Chess School for Beginners' (row 2164) in  0.0468 seconds
Ingested app: 'TripAdvisor Hotels Flights Restaurants Attractions' (row 3136) in  0.0469 seconds
Ingested app: 'camera zoom moon' (row 5836) in  0.056 seconds
Ingested app: 'Learn Basic C - For Beginners' (row 4024) in  0.0383 seconds
Ingested app: 'Crazy Wheels' (row 7938) in  0.047 seconds
Ingested app: 'Visual Anatomy 2' (row 2276) in  0.0562 seconds
Ingested app: 'TRANSFORMERS: Earth Wars' (row 10021) in  0.0488 seconds
Ingested app: 'Wish - Shopping Made Fun' (row 2749) in  0.0469 seconds
Ingested app: 'Dubsmash' (row 4032) in  0.0469 seconds
Ingested app: 'Quran Khmer Offline AY' (row 5852) in  0.0486 seconds
Ingested app: 'Santa Fe Thrive' (row 10349) in  0.043 seconds
Ingested app: 'Minion Rush: Despicable Me Official Game' (row 1694) in  0.0441 seconds
Ingested app: 'Temple Run 2' (row 1729) in  0.048 seconds
Ingested app: 'Sugar Mommas Dating And Single Search' (row 523) in  0.055 seconds
Ingested app: 'Wallpapers New AK 47 Assault Rifle Guns Arms' (row 5290) in  0.0404 seconds
Ingested app: 'Where Am I At?' (row 5368) in  0.0483 seconds
Ingested app: '360-M Flight' (row 4356) in  0.0469 seconds
Ingested app: 'HISTORY: Watch TV Show Full Episodes & Specials' (row 970) in  0.0469 seconds
Ingested app: 'Cerulean Heart' (row 6405) in  0.0469 seconds
Ingested app: 'HTC Calendar' (row 3475) in  0.0469 seconds
Ingested app: 'DraStic DS Emulator' (row 8804) in  0.0469 seconds
Ingested app: 'Dog Run - Pet Dog Simulator' (row 2091) in  0.0469 seconds
Ingested app: 'SBB Mobile' (row 3853) in  0.0469 seconds
Ingested app: 'Freecell CY' (row 8084) in  0.0469 seconds
Ingested app: 'AT&T U-verse' (row 4594) in  0.0528 seconds
Ingested app: '[ROOT] X Privacy Installer' (row 4761) in  0.033 seconds
Ingested app: "Arby's" (row 8737) in  0.0313 seconds
Ingested app: 'The Room: Old Sins' (row 1833) in  0.0469 seconds
Ingested app: 'Alabama DMV Permit Test - AL' (row 5318) in  0.0469 seconds
Ingested app: 'The T Factor' (row 4615) in  0.0476 seconds
Ingested app: 'Annonces.ci' (row 7391) in  0.0488 seconds
Ingested app: 'DB Pickles' (row 8234) in  0.047 seconds
Ingested app: 'Polaris Office for LG' (row 205) in  0.0479 seconds
Ingested app: 'Learn to code with el Chavo' (row 9551) in  0.0443 seconds
Ingested app: 'foody Cyprus - online ordering' (row 8124) in  0.0441 seconds
Ingested app: 'AK-47 Sounds' (row 5275) in  0.0444 seconds
Ingested app: 'Ag-Power' (row 5127) in  0.0469 seconds
Ingested app: 'ER Neck Surgery: Hospital Christmas Emergency' (row 9757) in  0.0463 seconds
Ingested app: 'imo free video calls and chat' (row 465) in  0.0458 seconds
Ingested app: 'slither.io' (row 1891) in  0.0436 seconds
Ingested app: 'My Little Pony: Harmony Quest' (row 2120) in  0.0423 seconds
Ingested app: 'CT Abdomen' (row 7864) in  0.0463 seconds
Ingested app: 'Random Video Chat App With Strangers' (row 683) in  0.0463 seconds
Ingested app: 'New Launcher 2018' (row 3367) in  0.0482 seconds
Ingested app: 'PIP Camera - PIP Collage Maker' (row 38) in  0.0463 seconds
Ingested app: 'Reuters News' (row 5474) in  0.048 seconds
Ingested app: 'AJ Cam' (row 5230) in  0.0493 seconds
Ingested app: 'Nova Launcher' (row 3352) in  0.0461 seconds
Ingested app: 'Reuters News' (row 5474) in  0.048 seconds
Ingested app: 'Microsoft Outlook' (row 4087) in  0.0463 seconds
Ingested app: 'Dp for girls' (row 8679) in  0.0485 seconds
Ingested app: 'F-Stop Gallery Pro' (row 4108) in  0.0441 seconds
Ingested app: 'AK Math Coach' (row 5311) in  0.0425 seconds
Ingested app: 'Wunderlist: To-Do List & Tasks' (row 3502) in  0.0441 seconds
Ingested app: 'HD Camera for Android' (row 2895) in  0.047 seconds
Ingested app: 'BT Speed' (row 6808) in  0.0463 seconds
Thread ends in  49.25 seconds with requests times: mean 0.0478 std 0.0186 min 0.0313 max 0.5959
