Request status  OK for app: 'DK Hair Design' (row 8510) in 0.405 seconds
Request status  OK for app: 'PowerDirector Video Editor App: 4K, Slow Mo & More' (row 4300) in 0.06 seconds
Request status  OK for app: 'Empires and Allies' (row 9845) in 0.0635 seconds
Request status  OK for app: 'BH by Kinomap' (row 6221) in 0.0586 seconds
Request status  OK for app: 'All States Ag Parts' (row 5103) in 0.0591 seconds
Request status  OK for app: 'high cholesterol levels' (row 2479) in 0.0625 seconds
Request status  OK for app: 'AO/OTA Fracture Classification' (row 5403) in 0.0634 seconds
Request status  OK for app: 'ER Heart Surgery - Emergency Simulator Game' (row 9743) in 0.06 seconds
Request status  OK for app: 'Naidunia: MP News & CG News' (row 7324) in 0.0469 seconds
Request status  OK for app: 'Sumine side dish - dish recipe side dish' (row 1180) in 0.0492 seconds
Request status  OK for app: 'UNICORN - Color By Number & Pixel Art Coloring' (row 36) in 0.0625 seconds
Request status  OK for app: 'BBM - Free Calls & Messages' (row 6449) in 0.0625 seconds
Request status  OK for app: 'Mobile CS:GO' (row 7829) in 0.0625 seconds
Request status  OK for app: 'Deep Sleep and Relax Hypnosis' (row 2384) in 0.0596 seconds
Request status  OK for app: 'CW Nuclear' (row 8023) in 0.0796 seconds
Request status  OK for app: 'SAT Vocabulary' (row 779) in 0.0608 seconds
Request status  OK for app: 'Interactive NPC DM Tool' (row 8571) in 0.0625 seconds
Request status  OK for app: 'Cameringo+ Filters Camera' (row 8449) in 0.0637 seconds
Request status  OK for app: 'T Uploader' (row 4596) in 0.0625 seconds
Request status  OK for app: 'SwingAid - Level up Golf' (row 3026) in 0.0642 seconds
Request status  OK for app: 'How do I take care of my child?' (row 3600) in 0.0705 seconds
Request status  OK for app: 'Klara weather' (row 3638) in 0.0595 seconds
Request status  OK for app: "We learn children's verses in kindergarten" (row 3589) in 0.0577 seconds
Request status  OK for app: 'Hotstar' (row 866) in 0.0613 seconds
Request status  OK for app: 'USA TODAY' (row 3772) in 0.0614 seconds
Request status  OK for app: 'Rosetta Stone: Learn to Speak & Read New Languages' (row 831) in 0.0625 seconds
Request status  OK for app: 'Abs workout - 21 Day Fitness Challenge' (row 4895) in 0.0625 seconds
Request status  OK for app: 'Radial-G : Infinity' (row 4176) in 0.0624 seconds
Request status  OK for app: 'Jingdong - pick good things, go to Jingdong' (row 2702) in 0.0625 seconds
Request status  OK for app: 'Alachua County Sheriff FL' (row 10615) in 0.0625 seconds
Request status  OK for app: 'BC Slots - The Lost Reels FREE' (row 5975) in 0.0639 seconds
Request status  OK for app: 'Superheroes Wallpapers | 4K Backgrounds' (row 22) in 0.1786 seconds
Request status  OK for app: 'Video Maker with Photo and Music' (row 9524) in 0.0637 seconds
Request status  OK for app: 'CI Stream' (row 7394) in 0.0835 seconds
Request status  OK for app: 'Night: DU Launcher Theme' (row 8913) in 0.0636 seconds
Request status  OK for app: 'To-U - free EV public charging' (row 9960) in 0.0767 seconds
Request status  OK for app: 'Casual Dating & Adult Singles - Joyride' (row 487) in 0.0682 seconds
Request status  OK for app: 'Brightest LED Flashlight' (row 3297) in 0.0621 seconds
Request status  OK for app: 'Bu Hangi Firma?' (row 6829) in 0.0701 seconds
Request status  OK for app: 'Toy Truck Rally 3D' (row 10549) in 0.06 seconds
Request status  OK for app: 'VITEK EH DVR Viewer (Pro)' (row 9364) in 0.0628 seconds
Request status  OK for app: 'EU GDPR RiskCalc' (row 9927) in 0.06 seconds
Request status  OK for app: 'MYTO CZ' (row 8162) in 0.0581 seconds
Request status  OK for app: 'Koi Free Live Wallpaper' (row 3428) in 0.0611 seconds
Request status  OK for app: 'DS router' (row 8817) in 0.0572 seconds
Request status  OK for app: 'CU: UPI Payments, Chat & Call' (row 7902) in 0.06 seconds
Request status  OK for app: 'Commission Manager' (row 7431) in 0.0576 seconds
Request status  OK for app: 'Battery Calibration' (row 8179) in 0.0574 seconds
Request status  OK for app: 'Quick PDF Scanner + OCR FREE' (row 222) in 0.0576 seconds
Request status  OK for app: 'Mupen64+AE FREE (N64 Emulator)' (row 5004) in 0.056 seconds
Request status  OK for app: 'R File Manager' (row 4553) in 0.06 seconds
Request status  OK for app: 'EC music dictionary' (row 9227) in 0.092 seconds
Request status  OK for app: 'DH UFO' (row 8402) in 0.06 seconds
Request status  OK for app: 'DG OFF - 100% Free Coupons & Deals' (row 8391) in 0.0624 seconds
Request status  OK for app: 'BT (Usage Interne)' (row 6800) in 0.0595 seconds
Request status  OK for app: 'PayPal' (row 1076) in 0.06 seconds
Request status  OK for app: 'Maps & GPS Navigation \u2014 OsmAnd' (row 6882) in 0.06 seconds
Request status  OK for app: 'Florida Tech Mobile' (row 10632) in 0.0586 seconds
Request status  OK for app: 'Facetune - For Free' (row 2912) in 0.0571 seconds
Request status  OK for app: 'TappyToon Comics & Webtoons' (row 6414) in 0.06 seconds
Request status  OK for app: 'TorrDroid - Torrent Downloader' (row 8540) in 0.0582 seconds
Request status  OK for app: "Alto's Adventure" (row 3936) in 0.056 seconds
Request status  OK for app: 'mySugr: the blood sugar tracker made just for you' (row 2331) in 0.0579 seconds
Request status  OK for app: 'slither.io' (row 4227) in 0.056 seconds
Request status  OK for app: 'Google Earth' (row 3121) in 0.0582 seconds
Request status  OK for app: 'Lose It! - Calorie Counter' (row 1405) in 0.0603 seconds
Request status  OK for app: 'YouCam Perfect - Selfie Photo Editor' (row 2867) in 0.0582 seconds
Request status  OK for app: 'AC WIFI' (row 4907) in 0.0622 seconds
Request status  OK for app: 'Crayola Color Blaster' (row 5539) in 0.06 seconds
Request status  OK for app: 'Chinese Chess ( Xiangqi Free )' (row 7648) in 0.06 seconds
Request status  OK for app: 'VidStatus app - Status Videos & Status Downloader' (row 2566) in 0.0612 seconds
Request status  OK for app: 'Family convenience store FamilyMart' (row 1591) in 0.06 seconds
Request status  OK for app: 'Quiz CS:GO players' (row 7850) in 0.0582 seconds
Request status  OK for app: 'Otto DM' (row 8579) in 0.0606 seconds
Request status  OK for app: 'Ap Video Downloader for fb New 2018' (row 5464) in 0.0563 seconds
Request status  OK for app: 'BD CRICKET LIVE' (row 6025) in 0.056 seconds
Request status  OK for app: 'Farm Heroes Saga' (row 10186) in 0.06 seconds
Request status  OK for app: 'Call Blocker' (row 206) in 0.0621 seconds
Request status  OK for app: 'BBW Dating & Plus Size Chat' (row 488) in 0.061 seconds
Request status  OK for app: 'Fr Agnel Pune' (row 10812) in 0.0581 seconds
Request status  OK for app: 'CB Frequencies' (row 7107) in 0.0562 seconds
Request status  OK for app: '8 Ball Pool' (row 1755) in 0.0484 seconds
Request status  OK for app: 'BR Chat Bot' (row 6685) in 0.0741 seconds
Request status  OK for app: 'Pretty Makeup, Beauty Photo Editor & Snappy Camera' (row 2840) in 0.047 seconds
Request status  OK for app: 'DK 15 Minute Language Course' (row 8469) in 0.0469 seconds
Request status  OK for app: 'ByssWeather for Wear OS' (row 5778) in 0.0625 seconds
Request status  OK for app: 'Blood Pressure Tracker' (row 6614) in 0.0689 seconds
Request status  OK for app: 'Amazon Shopping' (row 2664) in 0.0578 seconds
Request status  OK for app: 'RightNow English Conversation' (row 9633) in 0.0625 seconds
Request status  OK for app: 'Coupons for Dairy Queen' (row 8718) in 0.0483 seconds
Request status  OK for app: 'Once - Quality Matches Every day' (row 503) in 0.0476 seconds
Request status  OK for app: 'MomentCam Cartoons & Stickers' (row 9851) in 0.0626 seconds
Request status  OK for app: "Ali Baba's Farm Tutorial Kids Games" (row 3583) in 0.0638 seconds
Request status  OK for app: 'EW Gate' (row 9994) in 0.0625 seconds
Request status  OK for app: 'Foursquare Swarm: Check In' (row 3142) in 0.059 seconds
Request status  OK for app: 'EW Gate' (row 9994) in 0.0623 seconds
Request status  OK for app: 'Shadow Fight 2' (row 7937) in 0.0469 seconds
Request status  OK for app: 'WhatsApp Messenger' (row 336) in 0.0502 seconds
Request status  OK for app: 'Speed Racing Ultimate 2' (row 9888) in 0.0697 seconds
Request status  OK for app: 'My baby Piano' (row 3576) in 0.0585 seconds
Request status  OK for app: 'Shred! Downhill Mountainbiking' (row 8437) in 0.056 seconds
Request status  OK for app: 'taxi.eu' (row 9886) in 0.06 seconds
Request status  OK for app: 'MexiRoomies - roomies, mexico, df, apt, house room' (row 8338) in 0.0577 seconds
Request status  OK for app: 'FR: My Secret Pets! ' (row 10814) in 0.0606 seconds
Request status  OK for app: 'HD Themes Toyota Cruiser 80' (row 10496) in 0.0621 seconds
Request status  OK for app: 'Virtual Dice EX' (row 10074) in 0.06 seconds
Request status  OK for app: 'MiAI (Artificial Intelligence) Assistant' (row 5214) in 0.06 seconds
Request status  OK for app: 'NetClient CS' (row 7820) in 0.0573 seconds
Request status  OK for app: 'BH A\xe7a\xed' (row 6260) in 0.0592 seconds
Request status  OK for app: 'Ay' (row 5827) in 0.06 seconds
Request status  OK for app: "Rope'n'Fly 4" (row 4377) in 0.0582 seconds
Request status  OK for app: 'AE Spider Solitaire' (row 5001) in 0.0623 seconds
Request status  OK for app: 'K-pop Music' (row 4317) in 0.0581 seconds
Request status  OK for app: 'Citymapper - Transit Navigation' (row 8357) in 0.0581 seconds
Request status  OK for app: 'Cook Baked Lasagna' (row 4254) in 0.06 seconds
Request status  OK for app: 'BitTorrent\xae- Torrent Downloads' (row 6776) in 0.06 seconds
Request status  OK for app: "What's Your CS:GO rank?" (row 7838) in 0.0575 seconds
Request status  OK for app: "Teacher's Gradebook - Additio" (row 815) in 0.06 seconds
Request status  OK for app: 'I am rich(premium)' (row 5359) in 0.06 seconds
Request status  OK for app: 'JOBS.bg' (row 6200) in 0.0575 seconds
Request status  OK for app: 'Thai Handwriting' (row 723) in 0.0612 seconds
Request status  OK for app: 'live Point' (row 2368) in 0.0565 seconds
Request status  OK for app: 'imo beta free calls and text' (row 4123) in 0.0581 seconds
Request status  OK for app: 'Fire Emblem Heroes' (row 10319) in 0.0572 seconds
Request status  OK for app: 'Raytheon F-16 EW 360 VR' (row 10014) in 0.06 seconds
Request status  OK for app: 'MyVodafone (India) - Online Recharge & Pay Bills' (row 3485) in 0.06 seconds
Request status  OK for app: 'AC - Tips & News for Android\u2122' (row 4928) in 0.0632 seconds
Request status  OK for app: 'Wide address pocket prep' (row 2404) in 0.0564 seconds
Request status  OK for app: 'Bedroom Decorating Ideas' (row 1493) in 0.0571 seconds
Request status  OK for app: 'Pzizz - Sleep, Nap, Focus' (row 2375) in 0.0578 seconds
Request status  OK for app: 'junainfo.dy.fi' (row 9077) in 0.0561 seconds
Request status  OK for app: 'FP Notebook' (row 2379) in 0.0625 seconds
Request status  OK for app: 'CE on the go' (row 7192) in 0.0625 seconds
Request status  OK for app: 'Smokes Guide for CS:GO' (row 7853) in 0.0625 seconds
Request status  OK for app: 'the Egg - crack the egg' (row 9413) in 0.0469 seconds
Request status  OK for app: 'DNS Changer - BEST (Gprs/Edge/3G/H/H+/4G)' (row 4189) in 0.047 seconds
Request status  OK for app: 'BNCR Token Celular' (row 6503) in 0.0718 seconds
Request status  OK for app: 'Airplane Fly Hawaii' (row 10441) in 0.0519 seconds
Request status  OK for app: 'EY GlobalOne' (row 10077) in 0.0638 seconds
Request status  OK for app: 'Disney Magic Kingdoms: Build Your Own Magical Park' (row 2135) in 0.0669 seconds
Request status  OK for app: 'tinyCam Monitor FREE' (row 4205) in 0.0595 seconds
Request status  OK for app: 'Calculator L' (row 4333) in 0.0625 seconds
Request status  OK for app: 'Train driving simulator' (row 6978) in 0.0625 seconds
Request status  OK for app: '\u0627\u0644\u0641\u0627\u062a\u062d\u0648\u0646 Conquerors' (row 7751) in 0.0625 seconds
Request status  OK for app: 'GKPB FP Online Church' (row 10742) in 0.0482 seconds
Request status  OK for app: 'Dating for 50 plus Mature Singles \u2013 FINALLY' (row 515) in 0.074 seconds
Request status  OK for app: 'Antenna Tool Premium' (row 7145) in 0.0469 seconds
Request status  OK for app: 'Dolphins Live Wallpaper' (row 3434) in 0.0716 seconds
Request status  OK for app: 'DS get' (row 8811) in 0.062 seconds
Request status  OK for app: 'American Airlines' (row 3158) in 0.0603 seconds
Request status  OK for app: 'Video Caller Id' (row 446) in 0.06 seconds
Request status  OK for app: 'Learn to Read with Tommy Turtle' (row 2224) in 0.0581 seconds
Request status  OK for app: 'How to draw Ladybug and Cat Noir' (row 35) in 0.056 seconds
Request status  OK for app: 'Cooking in the Kitchen' (row 8451) in 0.0584 seconds
Request status  OK for app: 'Basketball Stars' (row 3914) in 0.06 seconds
Request status  OK for app: 'Ramdor DM Mobile' (row 8581) in 0.0581 seconds
Request status  OK for app: 'Crypto Tracker by BitScreener' (row 6975) in 0.0562 seconds
Request status  OK for app: 'VitusVet: Pet Health Care App' (row 2358) in 0.0589 seconds
Request status  OK for app: 'The Wall Street Journal: Business & Market News' (row 3774) in 0.0582 seconds
Request status  OK for app: 'FD Shift Calendar Widget' (row 10282) in 0.06 seconds
Request status  OK for app: "Please Don't Touch Anything 3D" (row 4616) in 0.0593 seconds
Request status  OK for app: 'Be like Bill Generator' (row 6073) in 0.0604 seconds
Request status  OK for app: 'Axe Knight' (row 5797) in 0.0581 seconds
Request status  OK for app: 'Pedi STAT' (row 2245) in 0.0571 seconds
Request status  OK for app: 'Microsoft Excel' (row 3459) in 0.06 seconds
Request status  OK for app: 'CB Land' (row 7141) in 0.0578 seconds
Request status  OK for app: "Wowkwis aq Ka'qaquj" (row 5509) in 0.0581 seconds
Request status  OK for app: 'BJ-UFO' (row 6310) in 0.0581 seconds
Request status  OK for app: 'Hangouts' (row 341) in 0.0602 seconds
Request status  OK for app: 'AC DC Power Monitor' (row 8287) in 0.06 seconds
Request status  OK for app: 'BF Family user' (row 6122) in 0.06 seconds
Request status  OK for app: 'Do Not Crash' (row 8663) in 0.0599 seconds
Request status  OK for app: 'FN pistol Model 1906 explained' (row 10650) in 0.0621 seconds
Request status  OK for app: 'Dr. D.K. Olukoya Sermons' (row 8506) in 0.0607 seconds
Request status  OK for app: 'Photo Warp' (row 3901) in 0.0575 seconds
Request status  OK for app: 'Pedi STAT' (row 2245) in 0.052 seconds
Request status  OK for app: 'Dr. Unblock' (row 8775) in 0.0714 seconds
Request status  OK for app: 'Daily Yoga - Yoga Fitness Plans' (row 1346) in 0.0611 seconds
Request status  OK for app: 'AP Mobile' (row 5452) in 0.0692 seconds
Request status  OK for app: 'Adguard Content Blocker' (row 4950) in 0.0564 seconds
Request status  OK for app: 'EU Mobile Money Partenaire Commercial' (row 9880) in 0.047 seconds
Request status  OK for app: 'Soundtrack Attack' (row 7596) in 0.0591 seconds
Request status  OK for app: 'Blur Image Background' (row 2881) in 0.0626 seconds
Request status  OK for app: 'ES File Explorer File Manager' (row 3469) in 0.0639 seconds
Request status  OK for app: 'J Alvarej Moji' (row 4265) in 0.0624 seconds
Request status  OK for app: 'RoutePlan.cz' (row 8165) in 0.0625 seconds
Request status  OK for app: 'To-U - free EV public charging' (row 9960) in 0.0481 seconds
Request status  OK for app: 'Drugs Dz - Algeria' (row 9100) in 0.0777 seconds
Request status  OK for app: 'Galaxian(FC)' (row 10270) in 0.0468 seconds
Request status  OK for app: 'Canva: Poster, banner, card maker & graphic design' (row 45) in 0.0476 seconds
Request status  OK for app: 'The Wall Street Journal: Business & Market News' (row 3774) in 0.0626 seconds
Request status  OK for app: 'Policy And FD Manager' (row 10293) in 0.0624 seconds
Request status  OK for app: 'WeFi - Free Fast WiFi Connect & Find Wi-Fi Map' (row 10452) in 0.0625 seconds
Request status  OK for app: 'Bita and the Animals - Pelos Ares' (row 2186) in 0.0625 seconds
Request status  OK for app: 'Screen Lock - with Fingerprint Simulator' (row 4063) in 0.0625 seconds
Request status  OK for app: 'BV Frankfurt inside' (row 6879) in 0.0605 seconds
Request status  OK for app: 'BM Pharmacy' (row 6477) in 0.0608 seconds
Request status  OK for app: 'Moto Voice' (row 3241) in 0.0669 seconds
Request status  OK for app: 'Self-help Anxiety Management' (row 1432) in 0.0605 seconds
Request status  OK for app: 'LED Flashlight' (row 3288) in 0.06 seconds
Request status  OK for app: 'McClatchy DC Bureau' (row 8288) in 0.0587 seconds
Request status  OK for app: 'The Wall Street Journal: Business & Market News' (row 3809) in 0.056 seconds
Request status  OK for app: 'Meetup' (row 2653) in 0.0624 seconds
Request status  OK for app: 'CI Capital - Dynamic' (row 7398) in 0.064 seconds
Request status  OK for app: 'My BF App' (row 6092) in 0.0635 seconds
Request status  OK for app: 'Cochrane Library' (row 2444) in 0.0484 seconds
Request status  OK for app: 'The Walking Dead: Our World' (row 5530) in 0.0625 seconds
Request status  OK for app: 'X Home Bar - Free' (row 4760) in 0.0624 seconds
Request status  OK for app: 'Wi-Fi Master' (row 10462) in 0.0637 seconds
Request status  OK for app: 'E.F.JUVENTUD MADRID' (row 9312) in 0.0625 seconds
Request status  OK for app: 'Meet \u2013 Talk to Strangers Using Random Video Chat' (row 2573) in 0.0625 seconds
Request status  OK for app: 'Learn JavaScript' (row 760) in 0.0469 seconds
Request status  OK for app: 'B-Messenger Video Chat' (row 3948) in 0.059 seconds
Request status  OK for app: 'Weight Loss Running by Verv' (row 1299) in 0.0469 seconds
Request status  OK for app: 'DYPhyzio-Physiology Forum' (row 9087) in 0.0469 seconds
Request status  OK for app: 'Download Manager For Android Free' (row 8527) in 0.0469 seconds
Request status  OK for app: 'BURST Professionals' (row 2496) in 0.0626 seconds
Request status  OK for app: 'auto fines' (row 93) in 0.0624 seconds
Request status  OK for app: 'Hot or Not - Find someone right now' (row 491) in 0.0625 seconds
Request status  OK for app: 'Khan Academy' (row 702) in 0.0625 seconds
Request status  OK for app: 'The SCP Foundation DB fr nn5n' (row 10839) in 0.0621 seconds
Request status  OK for app: 'Chinese Chess ( Xiangqi Free )' (row 7648) in 0.0435 seconds
Request status  OK for app: 'Last Shelter: Survival' (row 1823) in 0.0624 seconds
Request status  OK for app: 'Fortune City - A Finance App' (row 3937) in 0.0625 seconds
Request status  OK for app: "Five Nights at Freddy's 4 Demo" (row 5617) in 0.0625 seconds
Request status  OK for app: 'Pocket Lab Values' (row 2267) in 0.0625 seconds
Request status  OK for app: 'Messenger Lite: Free Calls & Messages' (row 4106) in 0.0625 seconds
Request status  OK for app: 'Bu the Baby Bunny - Cute pet care game' (row 6811) in 0.0624 seconds
Request status  OK for app: 'Xposed Wi-Fi-Pwd' (row 10471) in 0.0675 seconds
Request status  OK for app: 'Temple Run 2' (row 1886) in 0.06 seconds
Request status  OK for app: 'AB Blast Match 3' (row 4876) in 0.0652 seconds
Request status  OK for app: 'Diabetes mellitus (DM) from zero to hero' (row 8550) in 0.056 seconds
Request status  OK for app: 'BD Online News' (row 6012) in 0.0583 seconds
Request status  OK for app: 'Google Assistant' (row 3462) in 0.0581 seconds
Request status  OK for app: 'DreamTrips' (row 3229) in 0.056 seconds
Request status  OK for app: 'F-Secure Mobile Security' (row 4124) in 0.0582 seconds
Request status  OK for app: 'Money Manager Ex for Android' (row 10048) in 0.088 seconds
Request status  OK for app: 'Q Alerts: QAnon Drop Notifications, Research +++' (row 4491) in 0.0752 seconds
Request status  OK for app: 'Jurassic Life: T Rex Simulator' (row 4621) in 0.06 seconds
Request status  OK for app: 'EF Par\u0435nts' (row 9278) in 0.064 seconds
Request status  OK for app: 'Top Soccer Manager' (row 8886) in 0.0586 seconds
Request status  OK for app: 'ai.type Free Emoji Keyboard' (row 5863) in 0.0614 seconds
Request status  OK for app: 'CE on the go' (row 7192) in 0.052 seconds
Request status  OK for app: 'My Little Pony Celebration' (row 9343) in 0.06 seconds
Request status  OK for app: 'TUTORIAL CT SCAN CARDIAC' (row 7882) in 0.0607 seconds
Request status  OK for app: 'S\u2019more - Earn Cash Rewards' (row 4576) in 0.06 seconds
Request status  OK for app: 'Home tips and advice' (row 1484) in 0.06 seconds
Request status  OK for app: 'AH of Rocky Hill' (row 5177) in 0.0561 seconds
Request status  OK for app: 'OTOME of Ikemen cafe' (row 6426) in 0.0581 seconds
Request status  OK for app: 'Force LTE Only' (row 4215) in 0.06 seconds
Request status  OK for app: 'Virtual Assistant DataBot: Artificial Intelligence' (row 5182) in 0.06 seconds
Request status  OK for app: 'Skull Widget BW' (row 6921) in 0.0621 seconds
Request status  OK for app: 'Toy Guitar with songs for kids' (row 2142) in 0.0601 seconds
Request status  OK for app: 'DS-Admin' (row 8831) in 0.056 seconds
Request status  OK for app: 'DF \u53f8\u6a5f' (row 8322) in 0.06 seconds
Request status  OK for app: 'Trinomial Factoring Wizard' (row 6985) in 0.0579 seconds
Request status  OK for app: 'CQ ESPM' (row 7731) in 0.0572 seconds
Request status  OK for app: 'Live 4D Results ! (MY & SG)' (row 1573) in 0.0543 seconds
Request status  OK for app: '50 Healthy Slow Cooker Recipes' (row 1224) in 0.0634 seconds
Request status  OK for app: 'OpenGL-ES Info' (row 9805) in 0.06 seconds
Request status  OK for app: 'CB Land' (row 7141) in 0.0536 seconds
Request status  OK for app: 'Ah! Coins' (row 5175) in 0.0607 seconds
Request status  OK for app: 'CR Best Decks' (row 7788) in 0.0519 seconds
Request status  OK for app: 'A. O. Smith' (row 5406) in 0.0646 seconds
Request status  OK for app: 'Crack Attack' (row 9441) in 0.0625 seconds
Request status  OK for app: 'Video chat live advices' (row 628) in 0.0625 seconds
Request status  OK for app: 'To Do Reminder with Alarm' (row 8641) in 0.0625 seconds
Request status  OK for app: 'News :DW Bangali' (row 8988) in 0.0625 seconds
Request status  OK for app: "Cooking Madness - A Chef's Restaurant Games" (row 1813) in 0.0468 seconds
Request status  OK for app: 'CX-OF' (row 8038) in 0.0469 seconds
Request status  OK for app: 'Tattoo Name On My Photo Editor' (row 12) in 0.0453 seconds
Request status  OK for app: 'Evernote \u2013 Organizer, Planner for Notes & Memos' (row 3547) in 0.0593 seconds
Request status  OK for app: 'PGA TOUR' (row 3040) in 0.0625 seconds
Request status  OK for app: 'QuickPic - Photo Gallery with Google Drive Support' (row 2855) in 0.0625 seconds
Request status  OK for app: 'BH Mail' (row 6247) in 0.0625 seconds
Request status  OK for app: 'UC Browser - Fast Download Private & Secure' (row 420) in 0.0598 seconds
Request status  OK for app: 'CJ Camcorder' (row 7420) in 0.0625 seconds
Request status  OK for app: 'Lotto Results - Mega Millions Powerball Lottery US' (row 10616) in 0.0634 seconds
Request status  OK for app: 'S.O.L : Stone of Life EX' (row 10070) in 0.0599 seconds
Request status  OK for app: 'Candy Day' (row 2046) in 0.0498 seconds
Request status  OK for app: 'Leica Q' (row 4512) in 0.0624 seconds
Request status  OK for app: 'LEGO\xae Juniors Create & Cruise' (row 2104) in 0.0625 seconds
Request status  OK for app: 'Anti Mosquito simulation' (row 2285) in 0.0625 seconds
Request status  OK for app: 'U-48 Submarine Commander Free' (row 4667) in 0.0625 seconds
Request status  OK for app: 'Backgrounds HD (Wallpapers)' (row 3425) in 0.0625 seconds
Request status  OK for app: 'FH CODE' (row 10425) in 0.047 seconds
Request status  OK for app: 'Ad Blocker for SayHi' (row 480) in 0.0604 seconds
Request status  OK for app: 'Barbie\u2122 Fashion Closet' (row 2045) in 0.0591 seconds
Request status  OK for app: 'Share G - Images Sharing - Wallpapers App' (row 4157) in 0.0625 seconds
Request status  OK for app: 'Santa Fe Sentry' (row 10348) in 0.0469 seconds
Request status  OK for app: 'Sayers AH' (row 5140) in 0.0625 seconds
Request status  OK for app: 'Podcast App: Free & Offline Podcasts by Player FM' (row 3760) in 0.0625 seconds
Request status  OK for app: 'Counter Terrorist Gun Strike CS: Special Forces' (row 7830) in 0.0625 seconds
Request status  OK for app: 'Going Abroad' (row 9926) in 0.0709 seconds
Request status  OK for app: 'Asteroids 3D live wallpaper' (row 3420) in 0.056 seconds
Request status  OK for app: 'DSLR Blur Camera Auto Focus' (row 5054) in 0.057 seconds
Request status  OK for app: 'EP Church Annapolis' (row 9701) in 0.0592 seconds
Request status  OK for app: 'EY Team Connect' (row 10078) in 0.0574 seconds
Request status  OK for app: 'Train Racing Games 3D 2 Player' (row 9523) in 0.056 seconds
Request status  OK for app: 'RT News (Russia Today)' (row 3781) in 0.0584 seconds
Request status  OK for app: 'Zara' (row 1627) in 0.0602 seconds
Request status  OK for app: 'Free GPS Navigation' (row 6068) in 0.0564 seconds
Request status  OK for app: 'CW Deposit' (row 8025) in 0.0608 seconds
Request status  OK for app: 'Moto LED for Moto X & E [Root]' (row 4078) in 0.0584 seconds
Request status  OK for app: 'Axxess Updater' (row 5801) in 0.06 seconds
Request status  OK for app: 'Leica CL' (row 7518) in 0.064 seconds
Request status  OK for app: 'Photo Editor Pro' (row 2897) in 0.0605 seconds
Request status  OK for app: 'Flipp - Weekly Shopping' (row 2668) in 0.0573 seconds
Request status  OK for app: 'C Programming - Learn Code, Theory & Discuss' (row 4015) in 0.0604 seconds
Request status  OK for app: 'Tokyo Ghoul: Dark War' (row 1822) in 0.0587 seconds
Request status  OK for app: '50000 Free eBooks & Free AudioBooks' (row 5076) in 0.0606 seconds
Request status  OK for app: 'Training course: Learn Nursing' (row 2481) in 0.0581 seconds
Request status  OK for app: 'IDM for Facebook \u2605 Downloader' (row 10234) in 0.0587 seconds
Request status  OK for app: 'Drive 4x4 Luxury SUV Jeep' (row 10508) in 0.06 seconds
Request status  OK for app: 'CheapTickets \u2013 Hotels, Flights & Travel Deals' (row 3181) in 0.06 seconds
Request status  OK for app: 'Motorbike Driving Simulator 3D' (row 4219) in 0.0611 seconds
Request status  OK for app: 'Monster Fishing 2018' (row 8749) in 0.0574 seconds
Request status  OK for app: 'AT&T Visual Voicemail' (row 375) in 0.056 seconds
Request status  OK for app: 'Chat For Strangers - Video Chat' (row 10765) in 0.06 seconds
Request status  OK for app: 'Five Nights at Pizzeria' (row 5643) in 0.0573 seconds
Request status  OK for app: 'ROBLOX' (row 1870) in 0.0621 seconds
Request status  OK for app: 'Quiz CS:GO players' (row 7850) in 0.0572 seconds
Request status  OK for app: 'Sweet Camera' (row 2877) in 0.0572 seconds
Request status  OK for app: '4K VIDEO PLAYER ULTRA HD' (row 8971) in 0.0591 seconds
Request status  OK for app: 'BZ Langenthaler Tagblatt' (row 7064) in 0.056 seconds
Request status  OK for app: 'Fox News \u2013 Breaking News, Live Video & News Alerts' (row 3802) in 0.0581 seconds
Request status  OK for app: 'Draw Something Classic' (row 4745) in 0.0611 seconds
Request status  OK for app: 'Counter Online FPS Game' (row 7813) in 0.0601 seconds
Request status  OK for app: 'BW-IVMS' (row 6918) in 0.0565 seconds
Request status  OK for app: 'Deep Sleep Battery Saver' (row 8846) in 0.0582 seconds
Request status  OK for app: 'Breastfeeding Tracker Baby Log' (row 2529) in 0.0574 seconds
Request status  OK for app: 'Google Calendar' (row 3533) in 0.06 seconds
Request status  OK for app: 'FP VoiceBot' (row 10735) in 0.0602 seconds
Request status  OK for app: 'Helix' (row 4220) in 0.0598 seconds
Request status  OK for app: 'Dynamics AX' (row 5783) in 0.0628 seconds
Request status  OK for app: 'Oklahoma Ag Co-op Council' (row 5100) in 0.0602 seconds
Request status  OK for app: 'Where Am I?' (row 5374) in 0.06 seconds
Request status  OK for app: 'Where Am I At?' (row 5368) in 0.0596 seconds
Request status  OK for app: 'Home workouts - fat burning, abs, legs, arms,chest' (row 1302) in 0.064 seconds
Request status  OK for app: 'Red Bull TV: Live Sports, Music & Entertainment' (row 8424) in 0.0661 seconds
Request status  OK for app: 'CB Outdoors' (row 7109) in 0.0634 seconds
Request status  OK for app: 'CCP DZ : Fill out a check | Number in letters DZD' (row 9095) in 0.0609 seconds
Request status  OK for app: 'BD Fishpedia' (row 6018) in 0.0713 seconds
Request status  OK for app: 'CF Etowah' (row 7272) in 0.0625 seconds
Request status  OK for app: 'Elite Commando Shooting War' (row 7068) in 0.0686 seconds
Request status  OK for app: 'FE Connect Drive-Tech' (row 10350) in 0.0652 seconds
Request status  OK for app: 'Nick' (row 992) in 0.0604 seconds
Request status  OK for app: 'BA SALES' (row 5921) in 0.0775 seconds
Request status  OK for app: 'CL Clock' (row 7512) in 0.0625 seconds
Request status  OK for app: 'Bengali Newspaper - The first L.' (row 3732) in 0.0625 seconds
Request status  OK for app: "McDonald's" (row 8727) in 0.0692 seconds
Request status  OK for app: 'She Will Be Loved Lyrics' (row 6085) in 0.0742 seconds
Request status  OK for app: 'BJ - Confidential' (row 6328) in 0.0564 seconds
Request status  OK for app: 'ABC Kids - Tracing & Phonics' (row 2048) in 0.0656 seconds
Request status  OK for app: 'T\xe1xi Nacional BR' (row 6693) in 0.0535 seconds
Request status  OK for app: 'Poynt' (row 3152) in 0.0525 seconds
Request status  OK for app: 'Rose Gold DW Watch Theme' (row 9012) in 0.0631 seconds
Request status  OK for app: 'Dolphins Live Wallpaper' (row 3434) in 0.0675 seconds
Request status  OK for app: 'Co-op CRS' (row 7632) in 0.0621 seconds
Request status  OK for app: 'CJ the REALTOR' (row 7444) in 0.0613 seconds
Request status  OK for app: 'Chinese Chess / Co Tuong' (row 7650) in 0.064 seconds
Request status  OK for app: 'AC CE BJT Actorial' (row 7211) in 0.0578 seconds
Request status  OK for app: 'DW Maps' (row 9013) in 0.0605 seconds
Request status  OK for app: 'Stash: Invest. Learn. Save.' (row 1094) in 0.0603 seconds
Request status  OK for app: 'InstaSize Photo Filters & Collage Editor' (row 2941) in 0.0591 seconds
Request status  OK for app: 'Beauty Makeup \u2013 Photo Makeover' (row 2851) in 0.0632 seconds
Request status  OK for app: 'ReDNAKET DB Normalization Tool' (row 8225) in 0.2807 seconds
Request status  OK for app: 'Free Florida DMV Test 2018' (row 10596) in 0.06 seconds
Request status  OK for app: 'E W Bookkeeping & Accountancy' (row 9995) in 0.056 seconds
Request status  OK for app: 'Youper - AI Therapy' (row 2493) in 0.06 seconds
Request status  OK for app: 'Free Foreclosure Real Estate Search by USHUD.com' (row 1472) in 0.06 seconds
Request status  OK for app: 'See U - Random video chat, video chat' (row 4652) in 0.06 seconds
Request status  OK for app: 'Mirror Camera (Mirror + Selfie Camera)' (row 119) in 0.06 seconds
Request status  OK for app: 'LEDSHOWTW' (row 6964) in 0.06 seconds
Request status  OK for app: 'Barclays US for Android' (row 1175) in 0.06 seconds
Request status  OK for app: 'Sway Medical' (row 2427) in 0.06 seconds
Request status  OK for app: 'Best CG Backgrounds' (row 7299) in 0.064 seconds
Request status  OK for app: 'Geometry Dash Lite' (row 4188) in 0.0601 seconds
Request status  OK for app: 'Crisis Action: 2018 NO.1 FPS' (row 5283) in 0.0625 seconds
Request status  OK for app: 'Al-Moazin Lite (Prayer Times)' (row 5322) in 0.0596 seconds
Request status  OK for app: 'Bengali Newspaper - The first L.' (row 3732) in 0.056 seconds
Request status  OK for app: 'Monument Valley 2' (row 1839) in 0.0583 seconds
Request status  OK for app: 'Jumia online shopping' (row 2683) in 0.0612 seconds
Request status  OK for app: 'Card Creator for CR' (row 7765) in 0.0587 seconds
Request status  OK for app: 'ZEDGE\u2122 Ringtones & Wallpapers' (row 3398) in 0.0618 seconds
Request status  OK for app: 'Kids Videos' (row 3587) in 0.0602 seconds
Request status  OK for app: 'Naruto Shippuden - Watch Free!' (row 9729) in 0.055 seconds
Request status  OK for app: 'Lalafo Pulsuz Elanlar' (row 10712) in 0.0662 seconds
Request status  OK for app: 'BA VPN - Free Unlimited VPN' (row 5935) in 0.0535 seconds
Request status  OK for app: 'chat dz' (row 9119) in 0.0702 seconds
Request status  OK for app: 'BF Combat: Genesis' (row 6104) in 0.0611 seconds
Request status  OK for app: 'BW Smart' (row 6896) in 0.0468 seconds
Request status  OK for app: "Lead'er" (row 9768) in 0.0535 seconds
Request status  OK for app: 'WeChat' (row 365) in 0.0535 seconds
Request status  OK for app: 'Power Rangers: Legacy Wars' (row 8272) in 0.0468 seconds
Request status  OK for app: 'Hondata Mobile' (row 10755) in 0.0535 seconds
Request status  OK for app: 'A & B Taxi' (row 3983) in 0.069 seconds
Request status  OK for app: 'KakaoTalk: Free Calls & Text' (row 407) in 0.0627 seconds
Request status  OK for app: 'AC REMOTE UNIVERSAL-PRO' (row 4905) in 0.4326 seconds
Request status  OK for app: '8 Ball Pool' (row 1844) in 0.06 seconds
Request status  OK for app: 'Pok\xe9mon GO' (row 3908) in 0.0608 seconds
Request status  OK for app: 'CU SoCal Mobile Banking' (row 7910) in 0.06 seconds
Request status  OK for app: 'Garden Fruit Legend' (row 2044) in 0.0656 seconds
Request status  OK for app: 'Photo Editor 2018' (row 115) in 0.064 seconds
Request status  OK for app: 'DS Creator 2.0' (row 8820) in 0.06 seconds
Request status  OK for app: 'Inside Out Thought Bubbles' (row 2134) in 0.0594 seconds
Request status  OK for app: 'PRO MX MOTOCROSS 2' (row 10554) in 0.06 seconds
Request status  OK for app: 'Ba Financial Calculator plus' (row 5911) in 0.0624 seconds
Request status  OK for app: 'IDM Internet Download Manager' (row 8539) in 0.0597 seconds
Request status  OK for app: 'Best DP and Status (Daily Updates Photos)' (row 8689) in 0.064 seconds
Request status  OK for app: 'Moco+ - Chat, Meet People' (row 476) in 0.0613 seconds
Request status  OK for app: "We learn children's verses in kindergarten" (row 3589) in 0.0574 seconds
Request status  OK for app: 'DF BugMeNot' (row 8329) in 0.0506 seconds
Request status  OK for app: 'Endress+Hauser Operations' (row 9381) in 0.0719 seconds
Request status  OK for app: 'P Icon Pack' (row 4489) in 0.5627 seconds
Request status  OK for app: 'Baby Monitor' (row 3619) in 0.0621 seconds
Request status  OK for app: 'SuperBikers 2' (row 8121) in 0.0614 seconds
Request status  OK for app: 'Adobe Photoshop Express:Photo Editor Collage Maker' (row 2814) in 0.0601 seconds
Request status  OK for app: 'DV Lottery Simulator' (row 8957) in 0.064 seconds
Request status  OK for app: 'FutureNet your social app' (row 10652) in 0.0632 seconds
Request status  OK for app: 'Farming Simulator 14' (row 2052) in 0.0569 seconds
Request status  OK for app: 'Fancy Pants Adventures' (row 8453) in 0.0561 seconds
Request status  OK for app: 'Whoscall - Caller ID & Block' (row 441) in 0.0602 seconds
Request status  OK for app: 'Disney Heroes: Battle Mode' (row 1807) in 0.0582 seconds
Request status  OK for app: 'BH Rocking' (row 6250) in 0.0618 seconds
Request status  OK for app: 'Gold Butterfly Keyboard Theme' (row 1461) in 0.06 seconds
Request status  OK for app: 'QR Droid' (row 5518) in 0.0581 seconds
Request status  OK for app: 'Co-Dependents Anonymous' (row 7652) in 0.06 seconds
Request status  OK for app: 'EV Trip Optimizer for Tesla' (row 9951) in 0.056 seconds
Request status  OK for app: 'Raytheon F-16 EW 360 VR' (row 10014) in 0.0569 seconds
Request status  OK for app: 'HBO NOW: Stream TV & Movies' (row 9826) in 0.0624 seconds
Request status  OK for app: 'letgo: Buy & Sell Used Stuff, Cars & Real Estate' (row 2663) in 0.0582 seconds
Request status  OK for app: 'Truth or Dare Pro' (row 478) in 0.0614 seconds
Request status  OK for app: 'Alarmy (Sleep If U Can) - Pro' (row 4663) in 0.0657 seconds
Request status  OK for app: 'All Language Translator Free' (row 183) in 0.0628 seconds
Request status  OK for app: 'How to draw Ladybug and Cat Noir' (row 35) in 0.0533 seconds
Request status  OK for app: 'Funny Alarm Clock Ringtones' (row 3364) in 0.0589 seconds
Request status  OK for app: 'VIVA BH' (row 6236) in 0.047 seconds
Request status  OK for app: 'Ay Y\u0131ld\u0131z Keyboard' (row 5853) in 0.0536 seconds
Request status  OK for app: 'Topbuzz: Breaking News, Videos & Funny GIFs' (row 4588) in 0.0469 seconds
Request status  OK for app: 'DIY cd rom ideas' (row 7173) in 0.0601 seconds
Request status  OK for app: 'Texas HoldEm Poker Deluxe' (row 8432) in 0.0594 seconds
Request status  OK for app: 'Remote for Onkyo AV Receivers & Smart TV/Blu-Ray' (row 5708) in 0.0511 seconds
Request status  OK for app: 'Just She - Top Lesbian Dating' (row 663) in 0.1347 seconds
Request status  OK for app: 'LBB - Find New & Unique Things To Do Around You' (row 1016) in 0.066 seconds
Request status  OK for app: 'mobLee Events' (row 1041) in 0.0591 seconds
Request status  OK for app: 'Google Duo - High Quality Video Calls' (row 371) in 0.0626 seconds
Request status  OK for app: 'Tarascon Pharmacopoeia' (row 2369) in 0.0618 seconds
Request status  OK for app: 'Smart Launcher Pro 3' (row 3442) in 0.0683 seconds
Request status  OK for app: 'Color by Number \u2013 New Coloring Book' (row 1771) in 0.0562 seconds
Request status  OK for app: 'Home Workout - No Equipment' (row 1256) in 0.0564 seconds
Request status  OK for app: 'CR Blue Icon Pack' (row 7771) in 0.0664 seconds
Request status  OK for app: 'CL Mobile Pro - Classifieds for Craigslist' (row 7497) in 0.0594 seconds
Request status  OK for app: 'YouCamp EU' (row 9869) in 0.0616 seconds
Request status  OK for app: 'All Mental disorders' (row 2505) in 0.0625 seconds
Request status  OK for app: 'El Laberinto del Demonio 2' (row 9553) in 0.052 seconds
Request status  OK for app: 'DB Browser' (row 8200) in 0.0688 seconds
Request status  OK for app: 'Baby Panda Care' (row 2034) in 0.0614 seconds
Request status  OK for app: 'Surely You Quest - Magiswords' (row 7601) in 0.0545 seconds
Request status  OK for app: 'EF Coach' (row 9295) in 0.0625 seconds
Request status  OK for app: 'Web Browser for Android' (row 10026) in 0.0536 seconds
Request status  OK for app: 'Complete Anatomy for Android' (row 2391) in 0.0531 seconds
Request status  OK for app: 'Best Park in the Universe' (row 7619) in 0.0625 seconds
Request status  OK for app: 'I am rich(premium)' (row 5359) in 0.0535 seconds
Request status  OK for app: 'DM AirDisk HDD' (row 8576) in 0.0625 seconds
Request status  OK for app: 'Viber Messenger' (row 385) in 0.0666 seconds
Request status  OK for app: 'Axe Champs! Wars' (row 5795) in 0.0514 seconds
Request status  OK for app: 'FC Bayern Munich' (row 10246) in 0.0663 seconds
Request status  OK for app: 'Pedi STAT' (row 2399) in 0.0642 seconds
Request status  OK for app: 'All Star Of CW' (row 7994) in 0.0536 seconds
Request status  OK for app: 'AU Results 2017 Auzone' (row 5670) in 0.0626 seconds
Request status  OK for app: 'Sayers AH' (row 5140) in 0.0519 seconds
Request status  OK for app: 'BJ Toys' (row 6332) in 0.0594 seconds
Request status  OK for app: 'H-Kakashi - theme Xperia\u2122' (row 4206) in 0.0572 seconds
Request status  OK for app: 'Maps CU' (row 7919) in 0.0532 seconds
Request status  OK for app: 'CM Secure Browser (Authorized)' (row 7558) in 0.0609 seconds
Request status  OK for app: 'DM Buddy \xbb Learn Digital Marketing' (row 8572) in 0.0709 seconds
Request status  OK for app: 'Robbery Bob' (row 8457) in 0.0469 seconds
Request status  OK for app: 'Google Drive' (row 3454) in 0.0469 seconds
Request status  OK for app: 'Talking Tom Cat' (row 4247) in 0.0468 seconds
Request status  OK for app: 'Learn Bulgarian Free' (row 6207) in 0.0594 seconds
Request status  OK for app: 'HTC Sense Input - FR' (row 10817) in 0.0469 seconds
Request status  OK for app: 'X Back - Icon Pack' (row 4779) in 0.0571 seconds
Request status  OK for app: 'Facebook' (row 3943) in 0.0483 seconds
Request status  OK for app: 'Neon Blue Gaming Wallpaper&Theme fo Lenovo K8 Note' (row 10706) in 0.0469 seconds
Request status  OK for app: 'Kairo XP (for HD Widgets)' (row 3408) in 0.0469 seconds
Request status  OK for app: 'Flow Free' (row 1744) in 0.0781 seconds
Request status  OK for app: 'Subway Surfers' (row 1917) in 0.0625 seconds
Request status  OK for app: 'Pregnant Mom ER Emergency Doctor Hospital Games' (row 9744) in 0.0625 seconds
Request status  OK for app: 'Pool Billiards Classic - bi a' (row 6284) in 0.0625 seconds
Request status  OK for app: 'CR Magazine' (row 7806) in 0.0722 seconds
Request status  OK for app: 'CD Music' (row 7172) in 0.055 seconds
Request status  OK for app: 'MSN Money- Stock Quotes & News' (row 1137) in 0.0625 seconds
Request status  OK for app: 'Wheretoget: Shop in style' (row 1622) in 0.0625 seconds
Request status  OK for app: 'Fitness & Bodybuilding' (row 9861) in 0.0638 seconds
Request status  OK for app: 'CD CHOICE TUBE' (row 7164) in 0.0469 seconds
Request status  OK for app: 'Papumba Academy - Fun Learning For Kids' (row 2197) in 0.0594 seconds
Request status  OK for app: 'ES Chromecast plugin' (row 9790) in 0.048 seconds
Request status  OK for app: 'Calculator' (row 3242) in 0.072 seconds
Request status  OK for app: 'Clash of Axe: Flippy Lumberjack Action X' (row 5821) in 0.0498 seconds
Request status  OK for app: 'Grim Tales: The Wishes CE' (row 7210) in 0.0679 seconds
Request status  OK for app: 'Om Waleed Sweets' (row 1215) in 0.06 seconds
Request status  OK for app: 'BF Scale Health Fitness Tool' (row 6099) in 0.06 seconds
Request status  OK for app: 'Hungry Girl Diet Bk. Companion' (row 6379) in 0.0594 seconds
Request status  OK for app: 'NetClient CS' (row 7820) in 0.0583 seconds
Request status  OK for app: 'G Cloud Backup' (row 4160) in 0.06 seconds
Request status  OK for app: 'BET NOW - Watch Shows' (row 951) in 0.06 seconds
Request status  OK for app: 'Club' (row 2532) in 0.06 seconds
Request status  OK for app: 'DS photo' (row 8813) in 0.0555 seconds
Request status  OK for app: 'The Ah Yeah! Button' (row 5149) in 0.06 seconds
Request status  OK for app: 'Facebook Pages Manager' (row 10200) in 0.06 seconds
Request status  OK for app: 'CV Maker' (row 7975) in 0.0651 seconds
Request status  OK for app: 'Capitalnews.com.cy' (row 8106) in 0.0867 seconds
Request status  OK for app: 'Learn C [NEW]' (row 3990) in 0.064 seconds
Request status  OK for app: 'bm offers' (row 6451) in 0.056 seconds
Request status  OK for app: 'K PLUS' (row 4287) in 0.0521 seconds
Request status  OK for app: 'Ex\xe9rcito Brasileiro' (row 9217) in 0.0637 seconds
Request status  OK for app: 'BF at Sea Refueled' (row 6089) in 0.0625 seconds
Request status  OK for app: 'Breaking News, Local news, Attacks and Alerts Free' (row 3742) in 0.0625 seconds
Request status  OK for app: 'Hashtags For Likes.co' (row 7647) in 0.0625 seconds
Request status  OK for app: 'Step By Step Eyes Makeup Tutorial' (row 116) in 0.0579 seconds
Request status  OK for app: 'BLK - Swipe. Match. Chat.' (row 504) in 0.0625 seconds
Request status  OK for app: 'Convert degree Celsius to Fahrenheit or \xb0F to \xb0C' (row 4142) in 0.0954 seconds
Request status  OK for app: 'AH Connect (Adventist Health)' (row 5133) in 0.0514 seconds
Request status  OK for app: 'Free Dating & Flirt Chat - Choice of Love' (row 508) in 0.0469 seconds
Request status  OK for app: 'Mango Languages: Lovable Language Courses' (row 803) in 0.0469 seconds
Request status  OK for app: 'DS-L4 Viewer' (row 8829) in 0.0469 seconds
Request status  OK for app: 'CY Konum' (row 8091) in 0.0625 seconds
Request status  OK for app: 'bm-Events' (row 6470) in 0.0469 seconds
Request status  OK for app: 'DN Driver' (row 8605) in 0.0625 seconds
Request status  OK for app: 'EY GlobalOne' (row 10077) in 0.0541 seconds
Request status  OK for app: 'Bsc Agri Notes' (row 6747) in 0.0515 seconds
Request status  OK for app: 'A Word A Day' (row 3875) in 0.0625 seconds
Request status  OK for app: 'Chess for Kids - Play & Learn' (row 2161) in 0.0625 seconds
Request status  OK for app: 'BR Chat Bot' (row 6685) in 0.078 seconds
Request status  OK for app: 'AK-47: Simulator and Shooting' (row 5273) in 0.0626 seconds
Request status  OK for app: 'CT Pulmonary Angiography' (row 7891) in 0.059 seconds
Request status  OK for app: 'MLB At Bat' (row 2962) in 0.0509 seconds
Request status  OK for app: 'Ag PhD Soybean Diseases' (row 5123) in 0.071 seconds
Request status  OK for app: 'Scanning under clothes (prank)' (row 5441) in 0.0555 seconds
Request status  OK for app: "Job'Of - Emploi au Cameroun" (row 5692) in 0.0624 seconds
Request status  OK for app: 'Multiling O Keyboard + emoji' (row 4435) in 0.0625 seconds
Request status  OK for app: 'AJ Concept Group App' (row 5240) in 0.0625 seconds
Request status  OK for app: 'DS cam' (row 8816) in 0.067 seconds
Request status  OK for app: 'Super Slime Blitz - Gumball' (row 7591) in 0.0538 seconds
Request status  OK for app: 'EJ Elite Prospects League' (row 9449) in 0.0625 seconds
Request status  OK for app: 'TunnelBear VPN' (row 3324) in 0.0676 seconds
Request status  OK for app: 'CF' (row 7258) in 0.0586 seconds
Request status  OK for app: 'Learn SAP BW' (row 6904) in 0.056 seconds
Request status  OK for app: 'GO Security\uff0dAntiVirus, AppLock, Booster' (row 8929) in 0.0564 seconds
Request status  OK for app: 'AJ Gray Dark Icon Pack' (row 5260) in 0.0581 seconds
Request status  OK for app: 'GPS Traffic Speedcam Route Planner by ViaMichelin' (row 3849) in 0.0575 seconds
Request status  OK for app: 'Climatempo Lite - 15 day weather forecast' (row 3663) in 0.0588 seconds
Request status  OK for app: 'DNS Changer - BEST (Gprs/Edge/3G/H/H+/4G)' (row 4189) in 0.056 seconds
Request status  OK for app: 'Goodbox - Mega App' (row 9216) in 0.06 seconds
Request status  OK for app: 'Learn HTML' (row 762) in 0.0609 seconds
Request status  OK for app: 'K-@ Mail Pro - Email App' (row 4282) in 0.0581 seconds
Request status  OK for app: 'DQ Akses' (row 8729) in 0.06 seconds
Request status  OK for app: 'Dual N-Back - Brain game' (row 4393) in 0.0615 seconds
Request status  OK for app: 'Atlanta United FC' (row 10259) in 0.072 seconds
Request status  OK for app: 'Piczle Lines DX' (row 9032) in 0.0603 seconds
Request status  OK for app: 'The Tribez: Build a Village' (row 3900) in 0.0612 seconds
Request status  OK for app: 'Aqw&3d Design Notes Manager' (row 5502) in 0.056 seconds
Request status  OK for app: 'Forgotten Hill: Puppeteer' (row 10440) in 0.06 seconds
Request status  OK for app: 'Arizona Mobile' (row 5893) in 0.0623 seconds
Request status  OK for app: 'EP McGuffey Primer' (row 9700) in 0.0568 seconds
Request status  OK for app: 'Airbnb' (row 3116) in 0.0581 seconds
Request status  OK for app: '20 minutes (CH)' (row 7330) in 0.06 seconds
Request status  OK for app: 'AG Drive 3D' (row 5085) in 0.0622 seconds
Request status  OK for app: 'CW Bluetooth SPP' (row 8005) in 0.0813 seconds
Request status  OK for app: 'Super Hero M Craft Run' (row 4360) in 0.0612 seconds
Request status  OK for app: 'ZEDGE\u2122 Ringtones & Wallpapers' (row 4031) in 0.0624 seconds
Request status  OK for app: 'Tattoo Color By Number Draw Book Page Pixel Art' (row 7013) in 0.0614 seconds
Request status  OK for app: 'PES 2018 PRO EVOLUTION SOCCER' (row 5416) in 0.0581 seconds
Request status  OK for app: 'Applock' (row 3348) in 0.0572 seconds
Request status  OK for app: 'SleepyTime: Bedtime Calculator' (row 1648) in 0.0601 seconds
Request status  OK for app: 'FANDOM: Arrow and The Flash' (row 7996) in 0.059 seconds
Request status  OK for app: 'Partymasters - Fun Idle Game' (row 1802) in 0.06 seconds
Request status  OK for app: 'Yoga Studio: Mind & Body' (row 1345) in 0.0777 seconds
Request status  OK for app: 'BC Mobile Intro - Americas' (row 5976) in 0.057 seconds
Request status  OK for app: 'EMT Tutor NREMT-B Study Guide' (row 2296) in 0.0476 seconds
Request status  OK for app: 'trivago: Hotels & Travel' (row 3118) in 0.0637 seconds
Request status  OK for app: 'Microsoft To-Do: List, Task & Reminder' (row 8629) in 0.0625 seconds
Request status  OK for app: 'Monster Truck Driver & Racing' (row 2113) in 0.0698 seconds
Request status  OK for app: 'Sticker Market: Emoji keyboard' (row 987) in 0.0587 seconds
Request status  OK for app: 'C Prowess' (row 4025) in 0.0625 seconds
Request status  OK for app: 'S\u2019more - Earn Cash Rewards' (row 4576) in 0.0469 seconds
Request status  OK for app: 'Weapon stripping 3D' (row 5287) in 0.0717 seconds
Request status  OK for app: 'Voice Lock Screen' (row 9535) in 0.0483 seconds
Request status  OK for app: 'Daily Horoscope' (row 8396) in 0.0482 seconds
Request status  OK for app: 'EU GDPR RiskCalc' (row 9927) in 0.0625 seconds
Request status  OK for app: 'CX-OF' (row 8038) in 0.0781 seconds
Request status  OK for app: 'Etta Homes' (row 1635) in 0.0599 seconds
Request status  OK for app: 'Motorola Alert' (row 3237) in 0.0469 seconds
Request status  OK for app: 'Series Valley of the Wolves full of part' (row 1018) in 0.0625 seconds
Request status  OK for app: 'OLX - Buy and Sell' (row 2666) in 0.0725 seconds
Request status  OK for app: 'EC Calgary' (row 9245) in 0.0505 seconds
Request status  OK for app: 'TANGEDCO Mobile App (Official)' (row 9182) in 0.0625 seconds
Request status  OK for app: 'Sleep as Android Unlock' (row 5578) in 0.0639 seconds
Request status  OK for app: 'Top Soccer Manager' (row 8886) in 0.0625 seconds
Request status  OK for app: 'Equestria Girls' (row 2222) in 0.0505 seconds
Request status  OK for app: 'FB Photographie' (row 10228) in 0.0469 seconds
Request status  OK for app: 'US Open Tennis Championships 2018' (row 3049) in 0.0638 seconds
Request status  OK for app: 'Themes DAF CF 85' (row 7262) in 0.0991 seconds
Request status  OK for app: 'Axetatic - Axe Throwing Game' (row 5794) in 0.0638 seconds
Request status  OK for app: 'Tech CU Card Manager' (row 7926) in 0.0625 seconds
Request status  OK for app: 'Candy simply-Fi' (row 10458) in 0.0625 seconds
Request status  OK for app: 'ES File Explorer & Manager, Locker Xplorer 2018' (row 9798) in 0.078 seconds
Request status  OK for app: 'Socrative Teacher' (row 821) in 0.0639 seconds
Request status  OK for app: 'Profile Pictures and DP for Whatsapp' (row 8691) in 0.0625 seconds
Request status  OK for app: 'Wordscapes' (row 1765) in 0.0733 seconds
Request status  OK for app: 'Who Viewed My Facebook Profile - Stalkers Visitors' (row 10213) in 0.0643 seconds
Request status  OK for app: 'BS player remote' (row 6735) in 0.0635 seconds
Request status  OK for app: 'Random Love (BF)' (row 6119) in 0.0515 seconds
Request status  OK for app: 'DB Welt - Die Zeitung der DB' (row 8209) in 0.0625 seconds
Request status  OK for app: 'Bolt - EV Charging Service' (row 9959) in 0.055 seconds
Request status  OK for app: 'Hole19: Golf GPS App, Rangefinder & Scorecard' (row 3037) in 0.0781 seconds
Request status  OK for app: 'San Dimas AH' (row 5154) in 0.0625 seconds
Request status  OK for app: 'the Egg - crack the egg' (row 9413) in 0.1794 seconds
Request status  OK for app: 'CG Shikshak Mitan' (row 7304) in 0.2045 seconds
Request status  OK for app: 'Investigation Discovery GO' (row 911) in 0.0937 seconds
Request status  OK for app: 'CV Templates 2018' (row 7970) in 0.133 seconds
Request status  OK for app: 'Saiyan Z: Super SSJ Ultimate Combat' (row 4838) in 0.5119 seconds
Request status  OK for app: 'Smart-AC Universal Remote Free' (row 4904) in 0.8891 seconds
Request status  OK for app: 'Bike Mayhem Free' (row 8407) in 0.1264 seconds
Request status  OK for app: 'Mackolik Live Results' (row 3003) in 4.8869 seconds
Request status  OK for app: 'Patience Words' (row 1552) in 0.06 seconds
Request status  OK for app: 'Adobe Acrobat Reader' (row 3452) in 0.068 seconds
Request status  OK for app: 'T-Mobile\xae FamilyMode\u2122' (row 4608) in 0.0611 seconds
Request status  OK for app: "Where's My Water?" (row 9678) in 0.0612 seconds
Request status  OK for app: 'OkCupid Dating' (row 542) in 0.059 seconds
Request status  OK for app: 'Black White Interracial Dating - Interracial Match' (row 580) in 0.06 seconds
Request status  OK for app: 'G-Force Driving Assistant' (row 4166) in 0.0604 seconds
Request status  OK for app: 'AP Planner' (row 5458) in 0.0555 seconds
Request status  OK for app: 'FK Bregalnica \u0160tip' (row 10541) in 0.0625 seconds
Request status  OK for app: 'E-Book Read - Read Book for free' (row 140) in 0.0625 seconds
Request status  OK for app: 'Autool BT-BOX' (row 6793) in 0.0625 seconds
Request status  OK for app: 'Daily Horoscope' (row 8396) in 0.064 seconds
Request status  OK for app: 'Mappy - Plan, route comparison, GPS' (row 3835) in 0.0479 seconds
Request status  OK for app: "Hey That's Pretty Good!" (row 10114) in 0.047 seconds
Request status  OK for app: 'Mix Tank \u2013 Tank Mixing Ag App' (row 5117) in 0.0625 seconds
Request status  OK for app: 'Intra- and extra-EU trade data' (row 9912) in 0.0625 seconds
Request status  OK for app: 'PIO bv Transport App' (row 6890) in 0.0625 seconds
Request status  OK for app: 'G-Homa' (row 4171) in 0.0625 seconds
Request status  OK for app: 'Intellijoy Early Learning Academy' (row 2077) in 0.0625 seconds
Request status  OK for app: 'OK cashbag [point of pleasure]' (row 1600) in 0.0757 seconds
Request status  OK for app: 'TorrDroid - Torrent Downloader' (row 8540) in 0.0479 seconds
Request status  OK for app: 'Toyota Cruisers & Trucks Mag' (row 10491) in 0.0625 seconds
Request status  OK for app: 'Offline Maps & Navigation' (row 9859) in 0.0588 seconds
Request status  OK for app: 'DU CS Lectures - Learn to Code for Free' (row 7837) in 0.0806 seconds
Request status  OK for app: 'Flashlight Ultimate' (row 4803) in 0.0622 seconds
Request status  OK for app: 'Couch to 5K by RunDouble' (row 1377) in 0.06 seconds
Request status  OK for app: 'Diabetes mellitus (DM) from zero to hero' (row 8550) in 0.0612 seconds
Request status  OK for app: 'Monitor Your Weight' (row 1408) in 0.0654 seconds
Request status  OK for app: 'CINEMA.BH' (row 6227) in 0.06 seconds
Request status  OK for app: 'USAA Mobile' (row 1162) in 0.0612 seconds
Request status  OK for app: 'CB Underground' (row 7118) in 0.0614 seconds
Request status  OK for app: 'InstaBeauty -Makeup Selfie Cam' (row 2825) in 0.0623 seconds
Request status  OK for app: "I'm Rich/Eu sou Rico/\u0623\u0646\u0627 \u063a\u0646\u064a/\u6211\u5f88\u6709\u9322" (row 9934) in 0.0602 seconds
Request status  OK for app: 'FH App' (row 10412) in 0.064 seconds
Request status  OK for app: 'Baby Monitor AV' (row 5706) in 0.0635 seconds
Request status  OK for app: 'Fly Delta' (row 3185) in 0.0605 seconds
Request status  OK for app: 'Deck Advisor for CR' (row 7764) in 0.068 seconds
Request status  OK for app: 'OTOME of Ikemen cafe' (row 6426) in 0.0601 seconds
Request status  OK for app: 'V.360\xb0 Camera' (row 4693) in 0.0612 seconds
Request status  OK for app: 'Chat Rooms, Avatars, Date - Galaxy' (row 532) in 0.0566 seconds
Request status  OK for app: 'Figment AR' (row 5562) in 0.0572 seconds
Request status  OK for app: 'Sudoku Master' (row 10112) in 0.064 seconds
Request status  OK for app: 'Fruit Ninja Classic' (row 10682) in 0.06 seconds
Request status  OK for app: "Game for KIDS: KIDS match'em" (row 726) in 0.0591 seconds
Request status  OK for app: 'Brick Breaker BR' (row 6700) in 0.056 seconds
Request status  OK for app: 'Minion Rush: Despicable Me Official Game' (row 2090) in 0.0657 seconds
Request status  OK for app: 'Zenefits' (row 266) in 0.06 seconds
Request status  OK for app: 'Q downloader : download your social media videos' (row 4507) in 0.064 seconds
Request status  OK for app: 'Ey Sey Storytime \u179a\u17bf\u1784\u1793\u17b7\u1791\u17b6\u1793\u178f\u17b6\u17a5\u179f\u17b8' (row 10098) in 0.0619 seconds
Request status  OK for app: 'FK S\u016bduva Marijampol\u0117' (row 10525) in 0.07 seconds
Request status  OK for app: 'Global Shop' (row 7757) in 0.0624 seconds
Request status  OK for app: 'NOOK: Read eBooks & Magazines' (row 6497) in 0.0626 seconds
Request status  OK for app: 'Control Center iOS 11 - Phone X Control Panel' (row 4753) in 0.067 seconds
Request status  OK for app: 'Rider' (row 1732) in 0.0626 seconds
Request status  OK for app: 'U + professional baseball' (row 3002) in 0.0625 seconds
Request status  OK for app: 'English Bite' (row 9280) in 0.0673 seconds
Request status  OK for app: 'ES-IPTV' (row 9804) in 0.0671 seconds
Request status  OK for app: 'AzadBazar.af' (row 5059) in 0.0625 seconds
Request status  OK for app: 'Light Meter - EV' (row 9961) in 0.0625 seconds
Request status  OK for app: 'BN Habitat - Property Experts - Buy | Sell | Rent' (row 6530) in 0.0625 seconds
Request status  OK for app: 'Nancy Drew Codes and Clues' (row 2147) in 0.0599 seconds
Request status  OK for app: 'DSLR Blur Camera Auto Focus' (row 5054) in 0.055 seconds
Request status  OK for app: 'F-Secure Mobile Security' (row 4124) in 0.0625 seconds
Request status  OK for app: 'Van Nien 2018 - Lich Van su & Lich Am' (row 1578) in 0.0637 seconds
Request status  OK for app: 'G-NetReport Pro' (row 4177) in 0.0626 seconds
Request status  OK for app: 'Puppy Shooting an AK-47: Platformer Zombie Game' (row 5277) in 0.0625 seconds
Request status  OK for app: 'EF English Live Business' (row 9272) in 0.078 seconds
Request status  OK for app: 'Cures A-Z' (row 5900) in 0.0625 seconds
Request status  OK for app: 'Going Abroad' (row 9926) in 0.0581 seconds
Request status  OK for app: 'Simple Photo BG Changer' (row 6157) in 0.0677 seconds
Request status  OK for app: 'Tenh Ey' (row 10106) in 0.0796 seconds
Request status  OK for app: 'Series Valley of the Wolves full of part' (row 1018) in 0.0581 seconds
Request status  OK for app: 'InstaSize Photo Filters & Collage Editor' (row 2870) in 0.06 seconds
Request status  OK for app: 'following' (row 650) in 0.0557 seconds
Request status  OK for app: 'Yaoi Novels - Shounen ai Book&fiction' (row 6404) in 0.0625 seconds
Request status  OK for app: 'Web Browser & Explorer' (row 350) in 0.0469 seconds
Request status  OK for app: 'Disney Heroes: Battle Mode' (row 1807) in 0.0556 seconds
Request status  OK for app: 'My Location: GPS Maps, Share & Save Places' (row 3837) in 0.0629 seconds
Request status  OK for app: 'CX_WiFiUFO' (row 8052) in 0.0625 seconds
Request status  OK for app: 'OBJECTIVE' (row 3679) in 0.0625 seconds
Request status  OK for app: 'DreamTrips' (row 3229) in 0.142 seconds
Request status  OK for app: 'L.O.L. Surprise Ball Pop' (row 2114) in 0.0625 seconds
Request status  OK for app: 'AJ Cam' (row 5230) in 0.0639 seconds
Request status  OK for app: 'Official Matsumoto Kiyoshi application' (row 1594) in 0.0587 seconds
Request status  OK for app: 'DK Primrose for KLWP' (row 8489) in 0.0617 seconds
Request status  OK for app: 'Block Strike' (row 6719) in 0.0591 seconds
Request status  OK for app: 'Farming Simulator 18' (row 1835) in 0.06 seconds
Request status  OK for app: 'BD Simplist Through Their Eyes' (row 6011) in 0.057 seconds
Request status  OK for app: 'iSmart DV' (row 8930) in 0.0592 seconds
Request status  OK for app: "Rope'n'Fly 4" (row 4377) in 0.0469 seconds
Request status  OK for app: 'NCLEX Multi-topic Nursing Exam Review-Quiz & notes' (row 2472) in 0.0937 seconds
Request status  OK for app: 'Basketball FRVR - Shoot the Hoop and Slam Dunk!' (row 2094) in 0.0647 seconds
Request status  OK for app: 'Wish - Shopping Made Fun' (row 2749) in 0.051 seconds
Request status  OK for app: 'Revista BS' (row 6743) in 0.0936 seconds
Request status  OK for app: 'Vidroid.com.br' (row 6704) in 0.0625 seconds
Request status  OK for app: 'Di\xe1rio Escola Mestres EF' (row 9309) in 0.0625 seconds
Request status  OK for app: 'Wemep - Special price representative (special / shopping / shopping app / coupon / shipping)' (row 2696) in 0.0625 seconds
Request status  OK for app: 'AJ and Alyssa' (row 5255) in 0.0782 seconds
Request status  OK for app: 'LivingSocial - Local Deals' (row 2757) in 0.0763 seconds
Request status  OK for app: "Read Unlimitedly! Kids'n Books" (row 4402) in 0.0603 seconds
Request status  OK for app: 'Insightly CRM' (row 242) in 0.0625 seconds
Request status  OK for app: 'Resume PDF Maker / CV Builder' (row 7947) in 0.0625 seconds
Request status  OK for app: 'AD - Nieuws, Sport, Regio & Entertainment' (row 4945) in 0.0625 seconds
Request status  OK for app: 'UC Browser Mini -Tiny Fast Private & Secure' (row 4633) in 0.047 seconds
Request status  OK for app: 'F-Secure KEY Password manager' (row 4116) in 0.078 seconds
Request status  OK for app: 'BL Mobile Banking' (row 6439) in 0.0625 seconds
Request status  OK for app: 'Relax Meditation: Sleep with Sleep Sounds' (row 1328) in 0.0686 seconds
Request status  OK for app: 'Instant Ba-dum-tss' (row 5933) in 0.0604 seconds
Request status  OK for app: 'Tamago egg' (row 9422) in 0.0625 seconds
Request status  OK for app: 'AK Math Coach' (row 5311) in 0.0625 seconds
Request status  OK for app: 'Zoopla Property Search UK - Home to buy & rent' (row 1641) in 0.0482 seconds
Request status  OK for app: 'Hungry Hearts Diner: A Tale of Star-Crossed Souls' (row 3933) in 0.0626 seconds
Request status  OK for app: 'Casper Ssinema' (row 3709) in 0.0469 seconds
Request status  OK for app: 'Fancy' (row 2797) in 0.0625 seconds
Request status  OK for app: 'AJ Percent Off Calculator' (row 5248) in 0.0722 seconds
Request status  OK for app: 'Chat Click - Dating Search' (row 647) in 0.0516 seconds
Request status  OK for app: 'Racing Moto' (row 9501) in 0.07 seconds
Request status  OK for app: 'Navy Federal Credit Union' (row 1172) in 0.06 seconds
Request status  OK for app: 'bk Group Mobile' (row 6365) in 0.0562 seconds
Request status  OK for app: 'Oracle CX Cloud Mobile' (row 8036) in 0.0584 seconds
Request status  OK for app: 'EasyBib: Citation Generator' (row 841) in 0.06 seconds
Request status  OK for app: 'Etsy: Handmade & Vintage Goods' (row 2782) in 0.0602 seconds
Request status  OK for app: 'CP Channel' (row 7673) in 0.0582 seconds
Request status  OK for app: 'ZERO Lock Screen' (row 3346) in 0.06 seconds
Request status  OK for app: 'ADW Launcher 2' (row 3440) in 0.0613 seconds
Request status  OK for app: 'Cooking Fever' (row 1892) in 0.0611 seconds
Request status  OK for app: '\u3010Miku AR Camera\u3011Mikuture' (row 5569) in 0.0603 seconds
Request status  OK for app: 'Messenger Lite: Free Calls & Messages' (row 4106) in 0.0592 seconds
Request status  OK for app: 'OnePlus Icon Pack - Square' (row 3386) in 0.0593 seconds
Request status  OK for app: 'Learn Java' (row 761) in 0.0593 seconds
Request status  OK for app: 'BA Accesible' (row 5925) in 0.0632 seconds
Request status  OK for app: 'FRANCE 24' (row 9624) in 0.0569 seconds
Request status  OK for app: 'Cops N Robbers - FPS Mini Game' (row 4381) in 0.0531 seconds
Request status  OK for app: 'Solitaire' (row 1656) in 0.067 seconds
Request status  OK for app: 'AK 47 Live Wallpaper' (row 5276) in 0.0625 seconds
Request status  OK for app: 'Socle Commun BO du 23-04-2015' (row 6567) in 0.0625 seconds
Request status  OK for app: 'Treasure Defense' (row 8408) in 0.0625 seconds
Request status  OK for app: 'taxi.eu' (row 9886) in 0.0469 seconds
Request status  OK for app: 'Paint Hit' (row 1766) in 0.0625 seconds
Request status  OK for app: 'B-Grade Renegade' (row 3977) in 0.072 seconds
Request status  OK for app: 'CG FM' (row 7307) in 0.0476 seconds
Request status  OK for app: 'OST)' (row 4296) in 0.0469 seconds
Request status  OK for app: 'Verdad o Reto' (row 4442) in 0.0625 seconds
Request status  OK for app: 'DisneyNOW \u2013 TV Shows & Games' (row 7613) in 0.0625 seconds
Request status  OK for app: 'Fotor Photo Editor - Photo Collage & Photo Effects' (row 2947) in 0.0625 seconds
Request status  OK for app: 'Al jazeera TV' (row 5326) in 0.0624 seconds
Request status  OK for app: 'Tiny Scanner - PDF Scanner App' (row 287) in 0.0625 seconds
Request status  OK for app: 'Urban Outfitters' (row 2761) in 0.0672 seconds
Request status  OK for app: 'DYPSOET' (row 9089) in 0.0601 seconds
Request status  OK for app: 'DRAGON QUEST VI' (row 8726) in 0.064 seconds
Request status  OK for app: 'Calvin Klein Petite Dresses' (row 7460) in 0.06 seconds
Request status  OK for app: 'BatControl Pro' (row 6459) in 0.0607 seconds
Request status  OK for app: 'Ambulance Rescue Simulator 17' (row 9452) in 0.0638 seconds
Request status  OK for app: 'Headspace: Meditation & Mindfulness' (row 1444) in 0.06 seconds
Request status  OK for app: 'Dollhouse Decorating Games' (row 1562) in 0.056 seconds
Request status  OK for app: 'AW Connect' (row 5750) in 0.0612 seconds
Request status  OK for app: 'Super Jim Jump - pixel 3d' (row 1884) in 0.0628 seconds
Request status  OK for app: 'NYTimes - Latest News' (row 3777) in 0.06 seconds
Request status  OK for app: 'Basket Manager 2016 Free' (row 6476) in 0.0574 seconds
Request status  OK for app: 'Creative Destruction' (row 7149) in 0.0637 seconds
Request status  OK for app: "What's Up" (row 5079) in 0.0662 seconds
Request status  OK for app: "Five Nights at Freddy's 3 Demo" (row 5618) in 0.0595 seconds
Request status  OK for app: 'The Guardian' (row 3776) in 0.06 seconds
Request status  OK for app: 'Flashlight Free w/ compass' (row 4731) in 0.06 seconds
Request status  OK for app: 'Out of Bounds BH Demo' (row 6258) in 0.0633 seconds
Request status  OK for app: 'Bolt - EV Charging Service' (row 9959) in 0.056 seconds
Request status  OK for app: 'Chef - Recipes & Cooking' (row 1200) in 0.0669 seconds
Request status  OK for app: 'Deep Breathe BP' (row 6617) in 0.0616 seconds
Request status  OK for app: 'BC Wildflowers' (row 5984) in 0.0629 seconds
Request status  OK for app: 'Instagram' (row 2611) in 0.0612 seconds
Request status  OK for app: 'Beauty Selfie Camera' (row 103) in 0.068 seconds
Request status  OK for app: 'NativeScript Developer Day EU' (row 9937) in 0.06 seconds
Request status  OK for app: 'Housing-Real Estate & Property' (row 1638) in 0.0558 seconds
Request status  OK for app: 'Florida Storms' (row 10581) in 0.0614 seconds
Request status  OK for app: "fred's Pharmacy" (row 2521) in 0.0624 seconds
Request status  OK for app: 'Smart Launcher theme b. gold' (row 3964) in 0.0665 seconds
Request status  OK for app: 'Theme eXp - Black Z Light' (row 4851) in 0.0654 seconds
Request status  OK for app: 'Video Editor,Crop Video,Movie Video,Music,Effects' (row 3683) in 0.057 seconds
Request status  OK for app: 'Wetter by t-online.de' (row 3656) in 0.0586 seconds
Request status  OK for app: 'Z Camera - Photo Editor, Beauty Selfie, Collage' (row 4824) in 0.056 seconds
Request status  OK for app: 'GollerCepte Live Score' (row 2989) in 0.0702 seconds
Request status  OK for app: 'X Launcher Pro - IOS Style Theme & Control Center' (row 4759) in 0.06 seconds
Request status  OK for app: 'Fernanfloo' (row 9561) in 0.0561 seconds
Request status  OK for app: 'Dog Run - Pet Dog Simulator' (row 2013) in 0.0622 seconds
Request status  OK for app: 'CV Examples 2018' (row 7942) in 0.0643 seconds
Request status  OK for app: 'Mali J' (row 4258) in 0.0673 seconds
Request status  OK for app: "Guns'n'Glory" (row 4399) in 0.06 seconds
Request status  OK for app: 'Launcher' (row 3359) in 0.0621 seconds
Request status  OK for app: 'Moto File Manager' (row 9821) in 0.0655 seconds
Request status  OK for app: 'Motocross Beach Jumping 3D' (row 10504) in 0.0592 seconds
Request status  OK for app: 'Water Surfer Floating BMX Bicycle Rider Racing' (row 6966) in 0.0638 seconds
Request status  OK for app: 'tinyCam Monitor FREE' (row 4205) in 0.0469 seconds
Request status  OK for app: 'FindShip' (row 3858) in 0.0625 seconds
Request status  OK for app: 'CK Multimedia - Gaming Accessories' (row 7471) in 0.0626 seconds
Request status  OK for app: 'EI HabitTracker' (row 9410) in 0.064 seconds
Request status  OK for app: 'metroZONE' (row 1563) in 0.0693 seconds
Request status  OK for app: 'My Little Princess : Stores' (row 2085) in 0.0862 seconds
Request status  OK for app: 'CT Scan Cross Sectional Anatomy' (row 2463) in 0.0574 seconds
Request status  OK for app: 'AH! Soundboard' (row 5169) in 0.056 seconds
Request status  OK for app: "Hey AJ! It's Saturday!" (row 5237) in 0.0581 seconds
Request status  OK for app: 'OfficeSuite Pro + PDF (Trial)' (row 202) in 0.06 seconds
Request status  OK for app: 'Army of Heroes' (row 8118) in 0.056 seconds
Request status  OK for app: 'Amazon for Tablets' (row 2654) in 0.06 seconds
Request status  OK for app: 'FreshBooks Classic' (row 241) in 0.0595 seconds
Request status  OK for app: 'TownWiFi | Wi-Fi Everywhere' (row 10469) in 0.06 seconds
Request status  OK for app: 'Camera ZOOM FX - FREE' (row 2893) in 0.0633 seconds
Request status  OK for app: 'NEXTCHARGE - Charging Stations' (row 9945) in 0.064 seconds
Request status  OK for app: 'Fuel Rewards\xae program' (row 10797) in 0.0794 seconds
Request status  OK for app: 'European Solidarity Corps' (row 9891) in 0.0627 seconds
Request status  OK for app: 'Evolve CP Calc. for PokemonGo' (row 7701) in 0.0644 seconds
Request status  OK for app: 'BL Flowers Digital' (row 6422) in 0.0593 seconds
Request status  OK for app: 'R+F PULSE' (row 4135) in 0.0609 seconds
Request status  OK for app: 'Penn State Health OnDemand' (row 2430) in 0.0558 seconds
Request status  OK for app: 'edX - Online Courses by Harvard, MIT & more' (row 743) in 0.0625 seconds
Request status  OK for app: 'Dirt Trackin Sprint Cars' (row 8890) in 0.0782 seconds
Request status  OK for app: 'Mini DAYZ: Zombie Survival' (row 4839) in 0.0781 seconds
Request status  OK for app: 'AZ Lottery Players Club' (row 5871) in 0.078 seconds
Request status  OK for app: 'SayHi Chat, Meet New People' (row 2624) in 0.0625 seconds
Request status  OK for app: 'Christian Questions Podcast' (row 7743) in 0.0625 seconds
Request status  OK for app: 'Docs To Go\u2122 Free Office Suite' (row 192) in 0.0611 seconds
Request status  OK for app: 'DW Maps' (row 9013) in 0.0626 seconds
Request status  OK for app: 'Colorfy: Coloring Book for Adults - Free' (row 3915) in 0.0625 seconds
Request status  OK for app: 'AE Archer' (row 5009) in 0.0625 seconds
Request status  OK for app: '3D Bowling' (row 4054) in 0.0625 seconds
Request status  OK for app: 'Ah! Monster' (row 5146) in 0.0625 seconds
Request status  OK for app: 'Daum Mail - Next Mail' (row 461) in 0.0624 seconds
Request status  OK for app: "Al'Quran Bahasa Indonesia PRO" (row 5341) in 0.0687 seconds
Request status  OK for app: 'Latest Emmanuella Comedy Video' (row 3611) in 0.0627 seconds
Request status  OK for app: 'My baby firework' (row 3588) in 0.0565 seconds
Request status  OK for app: 'A+ Mobile' (row 3882) in 0.0625 seconds
Request status  OK for app: '3D Holograms Joke' (row 5443) in 0.0625 seconds
Request status  OK for app: 'Fo File Manager' (row 10688) in 0.0625 seconds
Request status  OK for app: 'Market Update Helper' (row 1553) in 0.0625 seconds
Request status  OK for app: 'Finger Scanner Gestures' (row 10750) in 0.047 seconds
Request status  OK for app: 'O-Star' (row 665) in 0.0613 seconds
Request status  OK for app: 'EI!' (row 9418) in 0.0586 seconds
Request status  OK for app: 'letgo: Buy & Sell Used Stuff, Cars & Real Estate' (row 4322) in 0.0491 seconds
Request status  OK for app: 'Crazy ER Open Heart Surgery Simulator' (row 9760) in 0.0625 seconds
Request status  OK for app: 'English Dictionary - Offline' (row 186) in 0.0625 seconds
Request status  OK for app: 'FE Other Disciplines Engineering Exam Prep' (row 10328) in 0.076 seconds
Request status  OK for app: 'Dragon Nest M' (row 8610) in 0.0469 seconds
Request status  OK for app: 'WhatsCall Free Global Phone Call App & Cheap Calls' (row 4739) in 0.0625 seconds
Request status  OK for app: 'Safe Ag Systems\u2122' (row 5105) in 0.0803 seconds
Request status  OK for app: 'Freeland AH' (row 5131) in 0.06 seconds
Request status  OK for app: 'Movies by Flixster, with Rotten Tomatoes' (row 898) in 0.0941 seconds
Request status  OK for app: 'MMX Hill Dash 2 \u2013 Offroad Truck, Car & Bike Racing' (row 1798) in 0.064 seconds
Request status  OK for app: 'Remix Second Hand' (row 6209) in 0.0568 seconds
Request status  OK for app: 'Prime Key for Nougat Launcher& O Launcher &KitKat' (row 4437) in 0.0587 seconds
Request status  OK for app: 'Lufthansa' (row 3193) in 0.0621 seconds
Request status  OK for app: 'Brightest Flashlight - LED Light' (row 3287) in 0.06 seconds
Request status  OK for app: 'BG Monitor Diabetes' (row 6131) in 0.058 seconds
Request status  OK for app: 'Duolingo: Learn Languages Free' (row 799) in 0.06 seconds
Request status  OK for app: 'ExDialer PRO Key' (row 10072) in 0.0737 seconds
Request status  OK for app: 'Instagram' (row 3909) in 0.0626 seconds
Request status  OK for app: 'Flights' (row 3184) in 0.0582 seconds
Request status  OK for app: 'Battle Gems (AdventureQuest)' (row 5495) in 0.057 seconds
Request status  OK for app: 'BT Mobile' (row 6789) in 0.06 seconds
Request status  OK for app: '\u4e57\u63dbNAVITIME\u3000Timetable & Route Search in Japan Tokyo' (row 3824) in 0.0642 seconds
Request status  OK for app: 'Basketball Dynasty Manager 16' (row 8574) in 0.0702 seconds
Request status  OK for app: 'CM FILE MANAGER HD' (row 3513) in 0.0794 seconds
Request status  OK for app: 'BT One Voice anywhere' (row 6771) in 0.0552 seconds
Request status  OK for app: 'Hangouts Dialer - Call Phones' (row 9856) in 0.0625 seconds
Request status  OK for app: 'OpenGL-ES Info' (row 9805) in 0.0469 seconds
Request status  OK for app: 'Cerebral Palsy' (row 7678) in 0.0469 seconds
Request status  OK for app: 'Control Center iOS 11 - Phone X notifications' (row 4774) in 0.0469 seconds
Request status  OK for app: 'Deep Sleep Battery Saver' (row 8846) in 0.0625 seconds
Request status  OK for app: 'Messenger for SMS' (row 337) in 0.0625 seconds
Request status  OK for app: 'Calorie Counter - MyNetDiary' (row 1406) in 0.0696 seconds
Request status  OK for app: 'DraStic DS Emulator' (row 8804) in 0.063 seconds
Request status  OK for app: 'Photo BG Changer' (row 6134) in 0.0626 seconds
Request status  OK for app: 'BNCR Token Celular' (row 6503) in 0.0625 seconds
Request status  OK for app: 'CT MyChiroTown Mobile' (row 7875) in 0.0625 seconds
Request status  OK for app: 'Unit Converter Pro' (row 3309) in 0.1093 seconds
Request status  OK for app: 'LiveMe - Video chat, new friends, and make money' (row 2565) in 0.0884 seconds
Request status  OK for app: 'Dr. Parker : Real car parking simulation' (row 8764) in 0.0625 seconds
Request status  OK for app: 'AQ wisdom +' (row 5498) in 0.0987 seconds
Request status  OK for app: 'Tencent Video - Supporting the whole network' (row 3708) in 0.0665 seconds
Request status  OK for app: 'EO Bijbel Open' (row 9661) in 0.0625 seconds
Request status  OK for app: 'Zoho Reports - Mobile BI' (row 6282) in 0.0625 seconds
Request status  OK for app: 'Fashion Girls Dress up Makeup' (row 9360) in 0.0625 seconds
Request status  OK for app: 'Ab Workouts' (row 4892) in 0.0469 seconds
Request status  OK for app: 'Remote For ATT U-verse TV - NOW FREE' (row 4669) in 0.089 seconds
Request status  OK for app: 'Mesure CI' (row 7401) in 0.0655 seconds
Request status  OK for app: 'DQ Akses' (row 8729) in 0.0625 seconds
Request status  OK for app: 'Draw Color by Number - Sandbox Pixel Art' (row 7011) in 0.0625 seconds
Request status  OK for app: 'DM Collection' (row 8575) in 0.0781 seconds
Request status  OK for app: 'Jigsaw Puzzles Volvo FH Truck Game' (row 10414) in 0.0625 seconds
Request status  OK for app: 'My Claro Peru' (row 3460) in 0.0902 seconds
Request status  OK for app: 'DRAGON BALL LEGENDS' (row 1840) in 0.0821 seconds
Request status  OK for app: 'The Church at CW' (row 8008) in 0.0672 seconds
Request status  OK for app: 'Bleacher Report: sports news, scores, & highlights' (row 2991) in 0.0992 seconds
Request status  OK for app: 'ReadEra \u2013 free ebook reader' (row 161) in 0.0693 seconds
Request status  OK for app: 'G-NetWiFi Pro' (row 4181) in 0.4811 seconds
Request status  OK for app: 'Calorie Counter - MyFitnessPal' (row 1404) in 0.0841 seconds
Request status  OK for app: 'iFish BC' (row 5959) in 0.1973 seconds
Request status  OK for app: 'AH! Soundboard' (row 5169) in 4.871 seconds
Request status  OK for app: 'FO BOULANGER' (row 10699) in 0.0602 seconds
Request status  OK for app: 'BJ & Jamie' (row 6313) in 0.06 seconds
Request status  OK for app: 'ES File Explorer File Manager' (row 4072) in 0.06 seconds
Request status  OK for app: 'Trulia Mortgage Calculators' (row 1513) in 0.067 seconds
Request status  OK for app: "Sketch 'n' go" (row 4412) in 0.0578 seconds
Request status  OK for app: 'Zombie Avengers:(Dreamsky)Stickman War Z' (row 4842) in 0.0625 seconds
Request status  OK for app: 'Interpret Chest X-Ray With 100 Cases' (row 2476) in 0.0625 seconds
Request status  OK for app: 'AE Solitaire' (row 5008) in 0.0624 seconds
Request status  OK for app: '"i DT" F\xfatbol. Todos Somos T\xe9cnicos.' (row 8884) in 0.047 seconds
Request status  OK for app: 'FL Racing Manager 2018 Lite' (row 10582) in 0.0469 seconds
Request status  OK for app: 'MyVodafone (India) - Online Recharge & Pay Bills' (row 3485) in 0.0469 seconds
Request status  OK for app: 'Safe365 \u2013 Cell Phone GPS Locator For Your Family' (row 3605) in 0.0715 seconds
Request status  OK for app: 'Theme Android P Black for LG G7 & V35' (row 4468) in 0.0572 seconds
Request status  OK for app: 'Shadow Fight 2 Special Edition' (row 6181) in 0.0625 seconds
Request status  OK for app: 'Healthy Recipes Free' (row 1219) in 0.0624 seconds
Request status  OK for app: 'FK CLASSIC FOR YOU' (row 10529) in 0.0685 seconds
Request status  OK for app: 'Five nights at Minecraft' (row 5630) in 0.0602 seconds
Request status  OK for app: 'Garden Coloring Book' (row 8) in 0.0469 seconds
Request status  OK for app: 'BF Family user' (row 6122) in 0.0625 seconds
Request status  OK for app: 'Extreme Motorbike Jump 3D' (row 9538) in 0.0674 seconds
Request status  OK for app: 'Santa Fe New Mexican e-Edition' (row 10336) in 0.0558 seconds
Request status  OK for app: 'Free DS Emulator' (row 8806) in 0.0625 seconds
Request status  OK for app: 'Elmo Calls by Sesame Street' (row 2195) in 0.0625 seconds
Request status  OK for app: 'JustSayHi- Dating App. Chat & Meet Singles Nearby' (row 593) in 0.0625 seconds
Request status  OK for app: 'Ev Dizayn' (row 9966) in 0.0589 seconds
Request status  OK for app: 'following' (row 650) in 0.0495 seconds
Request status  OK for app: 'BD Earn Pro' (row 6014) in 0.0626 seconds
Request status  OK for app: 'Online Soccer Manager (OSM)' (row 8864) in 0.0624 seconds
Request status  OK for app: 'HelloTalk \u2014 Chat, Speak & Learn Foreign Languages' (row 829) in 0.067 seconds
Request status  OK for app: 'Policy And FD Manager' (row 10293) in 0.0446 seconds
Request status  OK for app: 'Betting Tips / Sports Tips by CG Tipster' (row 7315) in 0.0625 seconds
Request status  OK for app: 'ADW Launcher 2' (row 3440) in 0.0638 seconds
Request status  OK for app: 'Trailer Addict Movie Trailers' (row 895) in 0.0621 seconds
Request status  OK for app: 'Soundtrack Attack' (row 7596) in 0.0573 seconds
Request status  OK for app: 'Knights N Squires' (row 4420) in 0.0552 seconds
Request status  OK for app: 'TripAdvisor Hotels Flights Restaurants Attractions' (row 3115) in 0.06 seconds
Request status  OK for app: 'Freeland AH' (row 5131) in 0.0428 seconds
Request status  OK for app: 'Video Caller Id' (row 446) in 0.0531 seconds
Request status  OK for app: 'Doomsday Preppers\u2122' (row 9377) in 0.0625 seconds
Request status  OK for app: 'Quran Juz-30 - Mahad al Zahra' (row 5333) in 0.0469 seconds
Request status  OK for app: 'Flag Of European Union LWP' (row 9873) in 0.0469 seconds
Request status  OK for app: 'Acorn TV: World-class TV from Britain and Beyond' (row 915) in 0.0754 seconds
Request status  OK for app: 'Results for FL Lottery (Florida)' (row 10618) in 0.0625 seconds
Request status  OK for app: 'EK Bailey Preaching Conference' (row 9498) in 0.0625 seconds
Request status  OK for app: 'Cardi B HD Wallpapers Lock Screen' (row 3984) in 0.0625 seconds
Request status  OK for app: 'Cheap hotel deals and discounts \u2014 Hotellook' (row 3220) in 0.0696 seconds
Request status  OK for app: 'Infinity Dungeon VIP' (row 6675) in 0.0502 seconds
Request status  OK for app: 'CXmodel-ufo' (row 8071) in 0.0469 seconds
Request status  OK for app: 'EP Mobil' (row 9727) in 0.0625 seconds
Request status  OK for app: 'ROBLOX' (row 1653) in 0.0625 seconds
Request status  OK for app: 'Best Wallpapers QHD' (row 3411) in 0.5576 seconds
Request status  OK for app: 'New 2018 Weather App & Widget' (row 3660) in 0.0624 seconds
Request status  OK for app: 'DK Primrose for KLWP' (row 8489) in 0.0625 seconds
Request status  OK for app: 'S.O.L : Stone of Life EX' (row 10070) in 0.0469 seconds
Request status  OK for app: 'Video chat live advices' (row 628) in 0.0608 seconds
Request status  OK for app: 'AP English Language: Practice Tests and Flashcards' (row 5456) in 0.0626 seconds
Request status  OK for app: 'LightMeter Free' (row 8732) in 0.0677 seconds
Request status  OK for app: 'CNN Breaking US & World News' (row 3811) in 0.0587 seconds
Request status  OK for app: 'Autoroute.EU' (row 9896) in 0.06 seconds
Request status  OK for app: 'HD Themes Volvo FH Trucks' (row 10398) in 0.056 seconds
Request status  OK for app: 'NEW - Read Newspaper, News 24h' (row 3716) in 0.0591 seconds
Request status  OK for app: 'Jewels Star: OZ adventure' (row 1900) in 0.056 seconds
Request status  OK for app: 'Fisher-Price\xae Smart Connect\u2122' (row 10757) in 0.06 seconds
Request status  OK for app: 'School of Dragons' (row 2080) in 0.056 seconds
Request status  OK for app: 'Aviary Stickers: Free Pack' (row 1523) in 0.06 seconds
Request status  OK for app: 'ShopSavvy Barcode & QR Scanner' (row 2787) in 0.1172 seconds
Request status  OK for app: 'Photo Collage - InstaMag' (row 2956) in 0.06 seconds
Request status  OK for app: 'EU Flags Free Live Wallpaper' (row 9867) in 0.0558 seconds
Request status  OK for app: 'Baby puzzles' (row 2043) in 0.0563 seconds
Request status  OK for app: 'LINE Camera - Photo editor' (row 8307) in 0.06 seconds
Request status  OK for app: 'Relax with Andrew Johnson Lite' (row 1333) in 0.0604 seconds
Request status  OK for app: 'BiggerCity: Chat for gay bears, chubs & chasers' (row 570) in 0.052 seconds
Request status  OK for app: 'Peers.TV: broadcast TV channels First, Match TV, TNT ...' (row 867) in 0.0625 seconds
Request status  OK for app: 'GATE 21 years CS Papers(2011-2018 Solved)' (row 7843) in 0.0625 seconds
Request status  OK for app: 'AG Subway Simulator Pro' (row 5098) in 0.0625 seconds
Request status  OK for app: 'Gun Simulator - Gun Games' (row 7741) in 0.0625 seconds
Request status  OK for app: 'FE Electric & Comp Engineering' (row 10330) in 0.0625 seconds
Request status  OK for app: 'Office Bike Racing Simulator' (row 9473) in 0.0469 seconds
Thread ends in  76.9746 seconds with requests times: mean 0.075 std 0.2196 min 0.0428 max 4.8869
