Request status  OK for app: 'JH Blood Pressure Monitor' (row 2512) in 0.0997 seconds
Request status  OK for app: 'Masha and the Bear - Hair Salon and MakeUp Games' (row 9672) in 0.0874 seconds
Request status  OK for app: 'Best Hairstyles step by step' (row 7021) in 0.0919 seconds
Request status  OK for app: 'APagri CD' (row 7153) in 0.0969 seconds
Request status  OK for app: 'Scratch Logo Quiz. Challenging brain puzzle' (row 8316) in 0.0921 seconds
Request status  OK for app: 'CG Fit Scale' (row 7286) in 0.0905 seconds
Request status  OK for app: 'DT Driving Test Theory' (row 8856) in 0.0899 seconds
Request status  OK for app: '2018Emoji Keyboard \U0001f602 Emoticons Lite -sticker&gif' (row 3448) in 0.0889 seconds
Request status  OK for app: 'AK-47 sounds' (row 5279) in 0.093 seconds
Request status  OK for app: 'DY TECHNICAL GYAN' (row 9078) in 0.0894 seconds
Request status  OK for app: 'Palace Pets in Whisker Haven' (row 2212) in 0.0954 seconds
Request status  OK for app: 'LINE: Free Calls & Messages' (row 403) in 0.0887 seconds
Request status  OK for app: 'KPOP Amino for K-Pop Entertainment' (row 4292) in 0.0892 seconds
Request status  OK for app: 'AE Gun Ball: arcade ball games' (row 5011) in 0.0912 seconds
Request status  OK for app: 'Day R Premium' (row 4556) in 0.095 seconds
Request status  OK for app: 'Dr Dre - Beatmaker' (row 8784) in 0.0956 seconds
Request status  OK for app: 'AJ Tracey Music and Lyrics' (row 5264) in 0.0897 seconds
Request status  OK for app: 'GF - BF Chat Stories - Hindi English Convesation' (row 6098) in 0.0902 seconds
Request status  OK for app: 'Munchery: Chef Crafted Fresh Food Delivered' (row 1238) in 0.096 seconds
Request status  OK for app: 'Android P | Xperia\u2122 Theme 4800+ icons' (row 4450) in 0.0896 seconds
Request status  OK for app: 'OpenVPN Connect \u2013 Fast & Safe SSL VPN Client' (row 3320) in 0.094 seconds
Request status  OK for app: 'ASUS Cover for ZenFone 2' (row 3384) in 0.0945 seconds
Request status  OK for app: 'DB Manager' (row 8218) in 0.0992 seconds
Request status  OK for app: 'Hot Wheels: Race Off' (row 2093) in 0.0914 seconds
Request status  OK for app: 'PAC-MAN Pop' (row 2112) in 0.093 seconds
Request status  OK for app: 'FL Tax-Verify' (row 10584) in 0.0896 seconds
Request status  OK for app: 'LINE I Love Coffee' (row 4237) in 0.0927 seconds
Request status  OK for app: 'Minion Rush: Despicable Me Official Game' (row 2050) in 0.0891 seconds
Request status  OK for app: 'TN Patta, Chitta, EC' (row 9225) in 0.0884 seconds
Request status  OK for app: 't\xf6kr' (row 2538) in 0.0901 seconds
Request status  OK for app: 'Airbnb' (row 3215) in 0.094 seconds
Request status  OK for app: 'Simple EV Calc' (row 9955) in 0.092 seconds
Request status  OK for app: 'BBWCupid - BBW Dating App' (row 536) in 0.0955 seconds
Request status  OK for app: 'Truck Car Navi by Navitime Large size car, traffic jam, traffic closure, live camera, typhoon / precipitation map' (row 3845) in 0.0919 seconds
Request status  OK for app: 'Toppen af Danmark' (row 5050) in 0.0968 seconds
Request status  OK for app: 'Time Planner - Schedule, To-Do List, Time Tracker' (row 8656) in 0.146 seconds
Request status  OK for app: 'Weather by eltiempo.es' (row 9568) in 0.0892 seconds
Request status  OK for app: 'Messenger Lite: Free Calls & Messages' (row 339) in 0.0884 seconds
Request status  OK for app: 'Rugby AU' (row 5662) in 0.095 seconds
Request status  OK for app: 'Florida HSMV Driver License' (row 10640) in 0.0902 seconds
Request status  OK for app: "Five Nights at Freddy's 2 Demo" (row 4580) in 0.0891 seconds
Request status  OK for app: 'Classical music for baby' (row 3615) in 0.0883 seconds
Request status  OK for app: 'DP Editor' (row 8677) in 0.0881 seconds
Request status  OK for app: 'Ebates: Cash Back, Coupons, Rewards & Savings' (row 2730) in 0.0911 seconds
Request status  OK for app: 'Basic Strategy Training BJ 21' (row 6329) in 0.0881 seconds
Request status  OK for app: 'Yidio: TV Show & Movie Guide' (row 969) in 0.0892 seconds
Request status  OK for app: 'Jobs in Alabama - Jobs in Alba' (row 207) in 0.0931 seconds
Request status  OK for app: 'DG TV' (row 8395) in 0.0933 seconds
Request status  OK for app: 'Lose Belly Fat in 30 Days - Flat Stomach' (row 1258) in 0.095 seconds
Request status  OK for app: 'Seeking Alpha' (row 1128) in 0.0903 seconds
Request status  OK for app: 'Square Analog Clock AW-7' (row 5759) in 0.0916 seconds
Request status  OK for app: 'BURGER KING\xae App' (row 6355) in 0.095 seconds
Request status  OK for app: 'OnePlus Icon Pack' (row 3393) in 0.0861 seconds
Request status  OK for app: 'European Union Flag LWP' (row 9874) in 0.09 seconds
Request status  OK for app: 'BH Rocking' (row 6250) in 0.0919 seconds
Request status  OK for app: 'Wish - Shopping Made Fun' (row 2712) in 0.0895 seconds
Request status  OK for app: 'MadLipz' (row 8182) in 0.0962 seconds
Request status  OK for app: 'aCalendar - Android Phone' (row 3563) in 0.0894 seconds
Request status  OK for app: 'BU Bison Nation' (row 6833) in 0.0912 seconds
Request status  OK for app: 'WiFi Action Camera' (row 8946) in 0.0929 seconds
Request status  OK for app: 'ROBLOX' (row 2206) in 0.0936 seconds
Request status  OK for app: 'Yahoo Sports - scores, stats, news, & highlights' (row 3066) in 0.0895 seconds
Request status  OK for app: 'DS Flashlight' (row 8848) in 0.0886 seconds
Request status  OK for app: 'Sexy Hot Detector Prank' (row 6103) in 0.0912 seconds
Request status  OK for app: 'DU Antivirus Security - Applock & Privacy Guard' (row 8897) in 0.0935 seconds
Request status  OK for app: 'Toys Defense: Horror Land' (row 8416) in 0.0913 seconds
Request status  OK for app: 'XXX DISTILLERY' (row 6125) in 0.0932 seconds
Request status  OK for app: 'DB Manager' (row 8218) in 0.084 seconds
Request status  OK for app: 'ABS Workout - Belly workout, 30 days AB' (row 4880) in 0.088 seconds
Request status  OK for app: 'Just Dance Now' (row 8197) in 0.0902 seconds
Request status  OK for app: 'Free Resume Builder \u2013 CV Maker' (row 7963) in 0.0923 seconds
Request status  OK for app: 'AK-47 Assault Rifle' (row 5282) in 0.0941 seconds
Request status  OK for app: 'Live Girls Talk - Free Video Chat' (row 606) in 0.0931 seconds
Request status  OK for app: 'EU Charter' (row 9865) in 0.0943 seconds
Request status  OK for app: 'Planner Pro-Personal Organizer' (row 3503) in 0.0926 seconds
Request status  OK for app: 'FRANCE 24' (row 9624) in 0.0889 seconds
Request status  OK for app: 'Beauty Tips - Beauty Tips in Sinhala' (row 120) in 0.0937 seconds
Request status  OK for app: 'Fr Agnel Pune' (row 10812) in 0.088 seconds
Request status  OK for app: 'Bacterial Vaginosis \U0001f1fa\U0001f1f8' (row 6854) in 0.094 seconds
Request status  OK for app: 'Nur t\u0259fsiri 1-ci cild' (row 7405) in 0.093 seconds
Request status  OK for app: 'Betul Ke Bohong Eh?' (row 9369) in 0.0894 seconds
Request status  OK for app: 'HTC Sense Input-CA' (row 3279) in 0.0915 seconds
Request status  OK for app: 'HD Camera Pro for Android' (row 2894) in 0.0873 seconds
Request status  OK for app: 'Painting Lulu DC Super Friends' (row 8283) in 0.092 seconds
Request status  OK for app: 'Tumblr' (row 2548) in 0.0903 seconds
Request status  OK for app: 'DTPay' (row 8883) in 0.0879 seconds
Request status  OK for app: 'Mobile CS:GO' (row 7829) in 0.092 seconds
Request status  OK for app: 'EY Oil & Gas' (row 10107) in 0.088 seconds
Request status  OK for app: 'Hulu: Stream TV, Movies & more' (row 923) in 0.0905 seconds
Request status  OK for app: 'World History Quick e-Book' (row 4081) in 0.0921 seconds
Request status  OK for app: 'Sniper 3D Gun Shooter: Free Shooting Games - FPS' (row 1699) in 0.091 seconds
Request status  OK for app: 'MLP Colouring Adventures' (row 9358) in 0.088 seconds
Request status  OK for app: 'Ay Mohabbat Teri Khatir Novel' (row 5850) in 0.092 seconds
Request status  OK for app: 'Quiz TRUE or FALSE' (row 8188) in 0.092 seconds
Request status  OK for app: 'CJmall' (row 7446) in 0.0894 seconds
Request status  OK for app: 'Photo frame' (row 2818) in 0.0876 seconds
Request status  OK for app: 'A\xd6F Ev \u0130daresi 1. S\u0131n\u0131f' (row 9971) in 0.0947 seconds
Request status  OK for app: 'Microsoft Word' (row 3450) in 0.0918 seconds
Request status  OK for app: 'NAVITIME Bus Transit JAPAN' (row 3863) in 0.0902 seconds
Request status  OK for app: 'V Bucks ProTips New' (row 4702) in 0.092 seconds
Request status  OK for app: 'AU Mobile Indonesia' (row 5653) in 0.0884 seconds
Request status  OK for app: 'BZ Langenthaler Tagblatt' (row 7064) in 0.0951 seconds
Request status  OK for app: 'Pocket Lab Values' (row 2267) in 0.0951 seconds
Request status  OK for app: 'AU Call Blocker - Block Unwanted Calls Texts 2018' (row 5672) in 0.092 seconds
Request status  OK for app: 'DB for Hustle Castle' (row 8238) in 0.096 seconds
Request status  OK for app: 'CALCU\u2122 Stylish Calculator Free' (row 3301) in 0.0907 seconds
Request status  OK for app: 'The Game of Life' (row 1831) in 0.0886 seconds
Request status  OK for app: 'J Touch' (row 4250) in 0.0929 seconds
Request status  OK for app: 'TETRIS' (row 9152) in 0.0934 seconds
Request status  OK for app: 'Words With Friends Classic' (row 4722) in 0.094 seconds
Request status  OK for app: 'BG Monitor Diabetes Pro' (row 6132) in 0.0892 seconds
Request status  OK for app: 'Coupon Sherpa' (row 2707) in 0.0885 seconds
Request status  OK for app: 'EU Charter' (row 9865) in 0.088 seconds
Request status  OK for app: 'AE Bubble:Offline Bubble Games' (row 4997) in 0.0913 seconds
Request status  OK for app: 'AT&T Call Protect' (row 4611) in 0.0915 seconds
Request status  OK for app: 'iTooch Math\xe9matiques CP' (row 7689) in 0.0902 seconds
Request status  OK for app: 'BELONG Beating Cancer Together' (row 2526) in 0.0883 seconds
Request status  OK for app: 'Easy Origami Ideas' (row 33) in 0.0975 seconds
Request status  OK for app: 'Messenger L SMS, MMS' (row 4328) in 0.0893 seconds
Request status  OK for app: 'Animal Jam - Play Wild!' (row 2237) in 0.0986 seconds
Request status  OK for app: 'Tour BD (Bahir Dar Map)' (row 6023) in 0.1072 seconds
Request status  OK for app: 'Mad Libs' (row 2228) in 0.0907 seconds
Request status  OK for app: 'CS16Client' (row 7834) in 0.092 seconds
Request status  OK for app: 'A Word A Day' (row 3875) in 0.088 seconds
Request status  OK for app: 'Rainfall radar - weather' (row 3645) in 0.0926 seconds
Request status  OK for app: 'Puffin Browser Pro' (row 427) in 0.09 seconds
Request status  OK for app: 'DC Universe Quiz' (row 8264) in 0.0892 seconds
Request status  OK for app: 'Cinemark Theatres' (row 896) in 0.092 seconds
Request status  OK for app: 'World History Quick e-Book' (row 4081) in 0.088 seconds
Request status  OK for app: 'The SCP Foundation DB fr nn5n' (row 10839) in 0.0936 seconds
Request status  OK for app: 'DV Statistics' (row 8959) in 0.088 seconds
Request status  OK for app: 'Az Video Status' (row 5895) in 0.0885 seconds
Request status  OK for app: 'Dairy Queen' (row 1209) in 0.092 seconds
Request status  OK for app: 'Create A Superhero HD' (row 3891) in 0.0987 seconds
Request status  OK for app: 'Full Code - Emergency Medicine Simulation' (row 2435) in 0.087 seconds
Request status  OK for app: 'ESPN Fantasy Sports' (row 3045) in 0.0931 seconds
Request status  OK for app: 'Strawberry Shortcake BerryRush' (row 1943) in 0.0931 seconds
Request status  OK for app: 'Survival Mobile:10,000 BC' (row 5956) in 0.0934 seconds
Request status  OK for app: 'Offroad Car H' (row 4184) in 0.0959 seconds
Request status  OK for app: 'RD/FD Calculator' (row 10305) in 0.092 seconds
Request status  OK for app: 'Brainf*ck Interpreter' (row 7469) in 0.0938 seconds
Request status  OK for app: 'Be My Princess: PARTY' (row 6053) in 0.088 seconds
Request status  OK for app: 'DRAGON QUEST II' (row 8724) in 0.088 seconds
Request status  OK for app: 'Brainf*ck Interpreter' (row 7469) in 0.0881 seconds
Request status  OK for app: 'Fuzzy Numbers: Pre-K Number Foundation' (row 852) in 0.0964 seconds
Request status  OK for app: 'LINE WEBTOON - Free Comics' (row 4724) in 0.0962 seconds
Request status  OK for app: 'CONNECT: The Mobile CX Summit' (row 8067) in 0.0961 seconds
Request status  OK for app: 'Pocket Heroes' (row 8438) in 0.0921 seconds
Request status  OK for app: 'Cheap hotel deals and discounts \u2014 Hotellook' (row 3220) in 0.0891 seconds
Request status  OK for app: 'Disney Heroes: Battle Mode' (row 1807) in 0.0934 seconds
Request status  OK for app: 'BankNordik' (row 10718) in 0.0945 seconds
Request status  OK for app: 'Marcus Theatres' (row 900) in 0.095 seconds
Request status  OK for app: 'Portal AR - Step Into Scotland' (row 5558) in 0.0977 seconds
Request status  OK for app: 'DX Spots Free' (row 9034) in 0.0907 seconds
Request status  OK for app: 'FG Finder' (row 10368) in 0.0891 seconds
Request status  OK for app: 'Docs To Go\u2122 Free Office Suite' (row 292) in 0.0941 seconds
Request status  OK for app: 'Words With Friends \u2013 Play Free' (row 9623) in 0.0934 seconds
Request status  OK for app: 'A-Y Collection' (row 5828) in 0.1016 seconds
Request status  OK for app: 'ROBLOX' (row 1701) in 0.1557 seconds
Request status  OK for app: 'UFO-CQ' (row 7730) in 0.1018 seconds
Request status  OK for app: 'Hotspot Shield Free VPN Proxy & Wi-Fi Security' (row 3319) in 0.1103 seconds
Request status  OK for app: 'Resume Builder - Free CV Maker & Premium Templates' (row 7945) in 0.095 seconds
Request status  OK for app: 'Comics' (row 8257) in 0.097 seconds
Request status  OK for app: 'KineMaster \u2013 Pro Video Editor' (row 4049) in 0.0942 seconds
Request status  OK for app: 'Snaappy \u2013 3D fun AR core communication platform' (row 5532) in 0.0971 seconds
Request status  OK for app: 'Hovercraft Racer' (row 2992) in 0.0963 seconds
Request status  OK for app: 'POLARIS 2MFG' (row 10380) in 0.1793 seconds
Request status  OK for app: 'Red River CU' (row 7928) in 0.0955 seconds
Request status  OK for app: 'Voxer Walkie Talkie Messenger' (row 9784) in 0.0878 seconds
Request status  OK for app: 'Board Game Stats: Play tracking for tabletop games' (row 6140) in 0.0887 seconds
Request status  OK for app: '10,000 Quotes DB (Premium)' (row 8219) in 0.0916 seconds
Request status  OK for app: 'Google My Business' (row 268) in 0.0911 seconds
Request status  OK for app: 'PPCNP-BC Pocket Prep' (row 5992) in 0.093 seconds
Request status  OK for app: 'CE Smart' (row 7195) in 0.089 seconds
Request status  OK for app: 'VMate' (row 4673) in 0.0892 seconds
Request status  OK for app: 'ODTMobile' (row 8734) in 0.092 seconds
Request status  OK for app: 'Faceoff DP Battle App' (row 8710) in 0.0942 seconds
Request status  OK for app: 'Fashion Girls Dress up Makeup' (row 9360) in 0.0922 seconds
Request status  OK for app: 'SeriesGuide \u2013 Show & Movie Manager' (row 928) in 0.092 seconds
Request status  OK for app: 'HISTORY: Watch TV Show Full Episodes & Specials' (row 916) in 0.0895 seconds
Request status  OK for app: 'I am Rich!' (row 5358) in 0.0927 seconds
Request status  OK for app: 'Waiting For U Launcher Theme' (row 4658) in 0.0954 seconds
Request status  OK for app: 'Cartoon Network Match Land' (row 7588) in 0.0917 seconds
Request status  OK for app: "Dunkin' Donuts" (row 8746) in 0.0895 seconds
Request status  OK for app: "Don't Hug Me I'm So Scared" (row 4363) in 0.0871 seconds
Request status  OK for app: '3DAnimeGirl DX DreamPortrait KAWAII Girl DressUp' (row 9035) in 0.0896 seconds
Request status  OK for app: 'Blood Donor' (row 2318) in 0.0914 seconds
Request status  OK for app: 'HTC Service\u2014Video Player' (row 3694) in 0.0902 seconds
Request status  OK for app: 'BF CG Abstract Pictures' (row 7325) in 0.0918 seconds
Request status  OK for app: 'Pink Color for Facebook' (row 10210) in 0.0932 seconds
Request status  OK for app: 'ARK: Survival Evolved' (row 7152) in 0.0948 seconds
Request status  OK for app: 'Florida Travel Guide - TOURIAS' (row 10603) in 0.0899 seconds
Request status  OK for app: 'Stranger Chat & Date' (row 507) in 0.094 seconds
Request status  OK for app: 'PIP-Camera FN Photo Effect' (row 10666) in 0.0923 seconds
Request status  OK for app: 'Kik' (row 4279) in 0.0889 seconds
Request status  OK for app: 'BZ-Digital' (row 7058) in 0.0909 seconds
Request status  OK for app: 'Hambo' (row 6561) in 0.0942 seconds
Request status  OK for app: 'Wolfify - Be a Werewolf' (row 3917) in 0.087 seconds
Request status  OK for app: 'CBS News' (row 3803) in 0.0864 seconds
Request status  OK for app: 'CD Events' (row 7156) in 0.0888 seconds
Request status  OK for app: 'EY GlobalOne' (row 10077) in 0.0926 seconds
Request status  OK for app: 'Dairy Queen' (row 8714) in 0.0889 seconds
Request status  OK for app: 'BTS V Kim Taehyung Wallpapers Kpop HD New' (row 4714) in 0.0937 seconds
Request status  OK for app: 'Yazdani Cd Center EllahAbad Official App' (row 7170) in 0.088 seconds
Request status  OK for app: 'Merck CE' (row 7216) in 0.0957 seconds
Request status  OK for app: 'Retro City Rampage DX' (row 9024) in 0.1245 seconds
Request status  OK for app: 'Super Jabber Jump' (row 6971) in 0.0923 seconds
Request status  OK for app: 'Hair saloon - Spa salon' (row 10506) in 0.0906 seconds
Request status  OK for app: 'Call Recorder' (row 1524) in 0.0854 seconds
Request status  OK for app: 'CI Remote for Go' (row 7372) in 0.096 seconds
Request status  OK for app: 'CE SODEXO PASS FRANCE' (row 7227) in 0.1048 seconds
Request status  OK for app: 'Development of the child up to a year' (row 3581) in 0.092 seconds
Request status  OK for app: 'Flipkart Online Shopping App' (row 4101) in 0.0896 seconds
Request status  OK for app: 'Dp For WhatsApp' (row 8675) in 0.0902 seconds
Request status  OK for app: 'Google Calendar' (row 3562) in 0.0941 seconds
Request status  OK for app: 'Message AI - Write Better Messages (Free)' (row 5211) in 0.0921 seconds
Request status  OK for app: 'Dp For FB' (row 8688) in 0.0877 seconds
Request status  OK for app: 'EP Joaillerie' (row 9706) in 0.0939 seconds
Request status  OK for app: 'Learn Top 300 English Words' (row 9639) in 0.0942 seconds
Request status  OK for app: 'Flow Free' (row 1681) in 0.1108 seconds
Request status  OK for app: 'TNEB Quick Pay Easy' (row 9202) in 0.0925 seconds
Request status  OK for app: 'Lazada - Online Shopping & Deals' (row 2665) in 0.088 seconds
Request status  OK for app: 'I am Nose Doctor -Save my Nose' (row 4223) in 0.0929 seconds
Request status  OK for app: 'AE FreeCell' (row 5019) in 0.1012 seconds
Request status  OK for app: 'Hole19: Golf GPS App, Rangefinder & Scorecard' (row 3037) in 0.094 seconds
Request status  OK for app: 'Nova Launcher' (row 3435) in 0.0963 seconds
Request status  OK for app: 'Farm Fruit Pop: Party Time' (row 1747) in 0.1052 seconds
Request status  OK for app: 'Bubble Shooter' (row 1711) in 0.1897 seconds
Request status  OK for app: 'Asana: organize team projects' (row 248) in 0.0957 seconds
Request status  OK for app: 'Dungeon Boss \u2013 Strategy RPG' (row 5520) in 0.0946 seconds
Request status  OK for app: 'MLB TAP SPORTS BASEBALL 2018' (row 1811) in 0.092 seconds
Request status  OK for app: 'U-Scan' (row 4641) in 0.0904 seconds
Request status  OK for app: 'CW Seed' (row 941) in 0.0921 seconds
Request status  OK for app: 'DN Sync' (row 8586) in 0.0902 seconds
Request status  OK for app: 'BA VPN - Free Unlimited VPN' (row 5935) in 0.0902 seconds
Request status  OK for app: 'VH1' (row 918) in 0.0917 seconds
Request status  OK for app: 'Learn English with Phrases' (row 797) in 0.0971 seconds
Request status  OK for app: 'Deep Sleep and Relax Hypnosis' (row 2384) in 0.0899 seconds
Request status  OK for app: "What's Up, Snoopy? - Peanuts" (row 7612) in 0.0941 seconds
Request status  OK for app: 'Running Weight Loss Walking Jogging Hiking FITAPP' (row 1303) in 0.0895 seconds
Request status  OK for app: 'ACCEPT CE MARKING' (row 7230) in 0.0899 seconds
Request status  OK for app: 'OpenVPN Connect \u2013 Fast & Safe SSL VPN Client' (row 3320) in 0.0869 seconds
Request status  OK for app: 'News Republic' (row 3794) in 0.0865 seconds
Request status  OK for app: 'AG Fast Service Automotive' (row 5101) in 0.0901 seconds
Request status  OK for app: 'ExDialer - Dialer & Contacts' (row 429) in 0.0942 seconds
Request status  OK for app: 'Zaatar w Zeit' (row 4737) in 0.0894 seconds
Request status  OK for app: 'HTC Sense Input - CZ' (row 8152) in 0.0997 seconds
Request status  OK for app: 'Navi Radiography Pro' (row 2299) in 0.0895 seconds
Request status  OK for app: 'ER Injection Simulator: Blood Test Doctor Hospital' (row 9761) in 0.089 seconds
Request status  OK for app: 'auto Call Recorder 2018' (row 1526) in 0.1187 seconds
Request status  OK for app: 'Diabetes, Blood Pressure, Health Tracker App' (row 6599) in 0.0898 seconds
Request status  OK for app: 'Frases Cristianas de Esperanza y Fe' (row 10352) in 0.0936 seconds
Request status  OK for app: 'Barbie Magical Fashion' (row 2049) in 0.0877 seconds
Request status  OK for app: 'I Love U Theme&Emoji Keyboard' (row 4643) in 0.0935 seconds
Request status  OK for app: 'Bits Watch Face' (row 5773) in 0.0942 seconds
Request status  OK for app: 'BT Master' (row 6803) in 0.0881 seconds
Request status  OK for app: 'Job Search by ZipRecruiter' (row 196) in 0.0959 seconds
Request status  OK for app: 'Santa Fe FCU Mobile Banking' (row 10320) in 0.092 seconds
Request status  OK for app: 'Ab Workouts' (row 4892) in 0.0914 seconds
Request status  OK for app: 'Cardinal Quest 2' (row 7723) in 0.0949 seconds
Request status  OK for app: 'The Hunt for the Lost Treasure' (row 5411) in 0.092 seconds
Request status  OK for app: 'HISTORY: Watch TV Show Full Episodes & Specials' (row 943) in 0.087 seconds
Request status  OK for app: 'ER Doctor City Emergency - Surgery City Doc FREE' (row 9773) in 0.0902 seconds
Request status  OK for app: 'Advanced Task Killer' (row 3484) in 0.0917 seconds
Request status  OK for app: 'FO SODEXO' (row 10694) in 0.0904 seconds
Request status  OK for app: 'Jodel - The Hyperlocal App' (row 2560) in 0.0902 seconds
Request status  OK for app: 'Subway Surfers' (row 1750) in 0.0918 seconds
Request status  OK for app: 'FO STELIA M\xe9aulte' (row 10704) in 0.092 seconds
Request status  OK for app: 'Angry Shark 2016' (row 10423) in 0.0965 seconds
Request status  OK for app: 'DW Arabic By dw-arab.com' (row 8986) in 0.0873 seconds
Request status  OK for app: 'My Vodacom SA' (row 379) in 0.092 seconds
Request status  OK for app: 'Online Kerala EB Bill Pay' (row 9197) in 0.0901 seconds
Request status  OK for app: 'Kay AH GA' (row 5160) in 0.0947 seconds
Request status  OK for app: 'DS finder' (row 8810) in 0.1125 seconds
Request status  OK for app: 'A&E - Watch Full Episodes of TV Shows' (row 920) in 0.0923 seconds
Request status  OK for app: 'EP RSS Reader' (row 9696) in 0.0916 seconds
Request status  OK for app: 'Nighty Night Circus' (row 2190) in 0.0901 seconds
Request status  OK for app: 'busuu: Learn Languages - Spanish, English & More' (row 9635) in 0.0874 seconds
Request status  OK for app: "You're an Anime" (row 2458) in 0.093 seconds
Request status  OK for app: 'dk Verk' (row 8484) in 0.0876 seconds
Request status  OK for app: 'Offroad 4x4 Car Driving' (row 10503) in 0.0947 seconds
Request status  OK for app: 'Survival Run with Bear Grylls' (row 6214) in 0.094 seconds
Request status  OK for app: 'Radio BN' (row 6499) in 0.0931 seconds
Request status  OK for app: 'Color by Number \u2013 New Coloring Book' (row 1771) in 0.0875 seconds
Request status  OK for app: 'SuperVPN Free VPN Client' (row 3315) in 0.0885 seconds
Request status  OK for app: 'EduNAV.BH' (row 6259) in 0.0905 seconds
Request status  OK for app: 'Avakin Life - 3D virtual world' (row 5702) in 0.0899 seconds
Request status  OK for app: 'FL Lottery Results' (row 10572) in 0.0926 seconds
Request status  OK for app: 'Traffic Info and Traffic Alert' (row 7760) in 0.0862 seconds
Request status  OK for app: 'ConnectLine' (row 2531) in 0.094 seconds
Request status  OK for app: 'Antenna Tool' (row 7146) in 0.0882 seconds
Request status  OK for app: 'Reminder' (row 1006) in 0.0912 seconds
Request status  OK for app: 'CF Appreciation' (row 7242) in 0.0889 seconds
Request status  OK for app: 'FERZU - Furries Social Network' (row 594) in 0.0926 seconds
Request status  OK for app: 'AP ENPS Mobile' (row 5449) in 0.094 seconds
Request status  OK for app: 'Google Drive' (row 3454) in 0.09 seconds
Request status  OK for app: 'Hulu: Stream TV, Movies & more' (row 965) in 0.0968 seconds
Request status  OK for app: 'BM Pharmacy' (row 6477) in 0.0905 seconds
Request status  OK for app: 'Heavy Bus Simulator' (row 8304) in 0.0935 seconds
Request status  OK for app: 'T Uploader' (row 4596) in 0.0941 seconds
Request status  OK for app: 'MeetMe: Chat & Meet New People' (row 6293) in 0.0933 seconds
Request status  OK for app: 'Eshopcy.com.cy' (row 8100) in 0.0898 seconds
Request status  OK for app: 'AJ Blue Icon Pack' (row 5263) in 0.0912 seconds
Request status  OK for app: 'FK Rad' (row 10545) in 0.0932 seconds
Request status  OK for app: 'Tools & Mi Band' (row 8164) in 0.0969 seconds
Request status  OK for app: 'Nick' (row 937) in 0.0905 seconds
Request status  OK for app: 'Phone Tracker : Family Locator' (row 8442) in 0.0912 seconds
Request status  OK for app: 'Traffic signs BD' (row 6047) in 0.0927 seconds
Request status  OK for app: 'Blurfoto : Auto blur photo background & DSLR focus' (row 5081) in 0.0915 seconds
Request status  OK for app: 'Fast Motorcycle Driver 2016' (row 10419) in 0.089 seconds
Request status  OK for app: 'SCB EASY' (row 1055) in 0.0922 seconds
Request status  OK for app: 'Downloader & Private Browser' (row 8514) in 0.0951 seconds
Request status  OK for app: 'Next Launcher 3D Theme Hit-G' (row 4158) in 0.0924 seconds
Request status  OK for app: 'Candy Crush Saga' (row 1655) in 0.0933 seconds
Request status  OK for app: 'Android Auto - Maps, Media, Messaging & Voice' (row 72) in 0.0937 seconds
Request status  OK for app: 'Brexit EU' (row 9904) in 0.0927 seconds
Request status  OK for app: 'Baby Name Together' (row 3601) in 0.0927 seconds
Request status  OK for app: 'Barcelona Live - Goal Score & News for Barca Fans' (row 10249) in 0.0892 seconds
Request status  OK for app: 'Adhenarcos - Coupe Adhemar EY 2018' (row 10110) in 0.1018 seconds
Request status  OK for app: 'BP-Tech' (row 6607) in 0.0995 seconds
Request status  OK for app: 'Calorie Counter - MyFitnessPal' (row 1404) in 0.0932 seconds
Request status  OK for app: 'AJ Rafael Music Lessons' (row 5268) in 0.096 seconds
Request status  OK for app: "Teacher's Gradebook - Additio" (row 815) in 0.0908 seconds
Request status  OK for app: 'Treasure Defense' (row 8408) in 0.1145 seconds
Request status  OK for app: 'pretty Easy privacy p\u2261p' (row 4488) in 0.0904 seconds
Request status  OK for app: 'Deep Breathe BP' (row 6617) in 0.0903 seconds
Request status  OK for app: 'TN e Sevai TN EB Bill Patta Citta EC Birth All Hub' (row 9187) in 0.0942 seconds
Request status  OK for app: 'Draw Something Classic' (row 4745) in 0.092 seconds
Request status  OK for app: 'Domofond Real Estate. Buy, rent an apartment.' (row 1467) in 0.0887 seconds
Request status  OK for app: 'EZ TAG Express' (row 10152) in 0.0962 seconds
Request status  OK for app: 'Access Point Proximity' (row 5461) in 0.0916 seconds
Request status  OK for app: 'Perfect Viewer' (row 330) in 0.0906 seconds
Request status  OK for app: 'Ultimate Chest Tracker' (row 7807) in 0.0877 seconds
Request status  OK for app: 'Free phone calls, free texting SMS on free number' (row 2591) in 0.0907 seconds
Request status  OK for app: 'realcommercial.com.au' (row 5673) in 0.0959 seconds
Request status  OK for app: 'CP Calculator' (row 7688) in 0.0882 seconds
Request status  OK for app: 'Cardi B HD Wallpapers Lock Screen' (row 3984) in 0.0908 seconds
Request status  OK for app: 'Cisco Webex Meetings' (row 255) in 0.0915 seconds
Request status  OK for app: 'DT Driving Test Theory' (row 8856) in 0.1116 seconds
Request status  OK for app: 'Open Camera' (row 2898) in 0.0878 seconds
Request status  OK for app: 'Moto Z Market' (row 4828) in 0.0921 seconds
Request status  OK for app: 'MouseMingle' (row 678) in 0.0886 seconds
Request status  OK for app: 'Last Day on Earth: Survival' (row 1800) in 0.0902 seconds
Request status  OK for app: 'APagri CD' (row 7153) in 0.0859 seconds
Request status  OK for app: 'EU WHO War' (row 9902) in 0.0969 seconds
Request status  OK for app: 'BZ Reminder' (row 7033) in 0.0902 seconds
Request status  OK for app: 'E.F.JUVENTUD MADRID' (row 9312) in 0.0916 seconds
Request status  OK for app: 'SayHi Chat, Meet New People' (row 2596) in 0.088 seconds
Request status  OK for app: 'EZ PZ RPG' (row 10126) in 0.0925 seconds
Request status  OK for app: 'E.W. James & Sons' (row 9989) in 0.0892 seconds
Request status  OK for app: 'Ultimate BlackJack 3D FREE' (row 6354) in 0.0972 seconds
Request status  OK for app: 'Airport + Flight Tracker Radar' (row 3225) in 0.0919 seconds
Request status  OK for app: 'Mod GTA V for MCPE' (row 4689) in 0.0953 seconds
Request status  OK for app: 'EF Summits' (row 9284) in 0.0895 seconds
Request status  OK for app: 'BNCR Token Celular' (row 6503) in 0.0889 seconds
Request status  OK for app: 'Soccer Clubs Logo Quiz' (row 10792) in 0.0937 seconds
Request status  OK for app: 'Test Server SMS FA' (row 10169) in 0.092 seconds
Request status  OK for app: 'Map Callouts for CS:GO' (row 7844) in 0.0905 seconds
Request status  OK for app: 'EU FP7 SAM' (row 9938) in 0.0902 seconds
Request status  OK for app: 'Branch' (row 1110) in 0.0934 seconds
Request status  OK for app: 'DRC Sim - Wii U Gamepad' (row 4651) in 0.0931 seconds
Request status  OK for app: 'Air Conditioner Maintenance' (row 4917) in 0.096 seconds
Request status  OK for app: 'AX Player -Nougat Video Player' (row 5784) in 0.076 seconds
Request status  OK for app: 'Big Q Car Service' (row 4525) in 0.0925 seconds
Request status  OK for app: 'Pregnancy Week By Week' (row 2311) in 0.0892 seconds
Request status  OK for app: 'Sci-Fi Sounds and Ringtones' (row 10477) in 0.0917 seconds
Request status  OK for app: 'Horn, free country requirements' (row 2671) in 0.0961 seconds
Request status  OK for app: 'Bee.Bo' (row 6569) in 0.0934 seconds
Request status  OK for app: 'Be U Salons Hair-Beauty Deals In Delhi & Bangalore' (row 4666) in 0.088 seconds
Request status  OK for app: 'Tapatalk - 100,000+ Forums' (row 2625) in 0.0921 seconds
Request status  OK for app: 'AZ Plugin 2 (newest)' (row 5872) in 0.0931 seconds
Request status  OK for app: 'Live 3D Neon Blue Love Heart Keyboard Theme' (row 3387) in 0.0924 seconds
Request status  OK for app: 'Mercato foot by Maxifoot' (row 3004) in 0.0893 seconds
Request status  OK for app: 'Weill Cornell Medicine' (row 2439) in 0.0943 seconds
Request status  OK for app: 'ap,wifi testing,iperf,ping,android,Bluetooth,tcp' (row 5466) in 0.092 seconds
Request status  OK for app: 'Casual Dating & Adult Singles - Joyride' (row 548) in 0.0961 seconds
Request status  OK for app: 'Ba Zi Fortune' (row 5934) in 0.0903 seconds
Request status  OK for app: 'Fan App for Reading FC' (row 10277) in 0.0921 seconds
Request status  OK for app: 'Telegram X' (row 4747) in 0.092 seconds
Request status  OK for app: 'MyAV Remote for Denon & Marantz AV Receivers' (row 5721) in 0.0938 seconds
Request status  OK for app: 'Ai illustrator viewer' (row 5179) in 0.0931 seconds
Request status  OK for app: 'F&M Bank - EZ Banking' (row 10158) in 0.0907 seconds
Request status  OK for app: 'CJ Apps' (row 7432) in 0.0926 seconds
Request status  OK for app: 'Heart Surgery Emergency Doctor' (row 9399) in 0.0889 seconds
Request status  OK for app: 'EY Team Connect' (row 10078) in 0.093 seconds
Request status  OK for app: 'NetClient CS' (row 7820) in 0.091 seconds
Request status  OK for app: 'Tee and Mo Bath Time Free' (row 2185) in 0.0908 seconds
Request status  OK for app: 'Little Panda Run' (row 2100) in 0.0944 seconds
Request status  OK for app: 'BANGLA TV 3G/4G' (row 6033) in 0.0893 seconds
Request status  OK for app: '7 Weeks - Habit & Goal Tracker' (row 3497) in 0.0823 seconds
Request status  OK for app: 'Fox News \u2013 Breaking News, Live Video & News Alerts' (row 3785) in 0.0991 seconds
Request status  OK for app: 'EP Gem Hunter' (row 9724) in 0.0917 seconds
Request status  OK for app: 'Free Dating & Flirt Chat - Choice of Love' (row 508) in 0.1142 seconds
Request status  OK for app: 'DZ Puzzle' (row 9096) in 0.093 seconds
Request status  OK for app: 'CURSUM B' (row 3985) in 0.0919 seconds
Request status  OK for app: 'Trello' (row 3509) in 0.0928 seconds
Request status  OK for app: 'BeautyPlus - Easy Photo Editor & Selfie Camera' (row 6054) in 0.094 seconds
Request status  OK for app: 'Lakeside AG Moultrie' (row 5108) in 0.1126 seconds
Request status  OK for app: 'Contacts+' (row 428) in 0.0939 seconds
Request status  OK for app: 'Podcast Republic - Podcast Player & Radio Player' (row 3759) in 0.0902 seconds
Request status  OK for app: 'Savory - Deals,Freebies,Sales' (row 2788) in 0.0919 seconds
Request status  OK for app: 'Messenger Lite: Free Calls & Messages' (row 4106) in 0.1075 seconds
Request status  OK for app: 'M3-X5-X6-M-\u01303-\u01308 RAC\u0130NG 2018' (row 4354) in 0.0897 seconds
Request status  OK for app: 'Gun Shoot War Q' (row 4502) in 0.0917 seconds
Request status  OK for app: 'Lerni. Learn languages.' (row 827) in 0.0939 seconds
Request status  OK for app: 'AdWords Express' (row 250) in 0.0918 seconds
Request status  OK for app: 'Eyes Makeup Beauty Tips' (row 114) in 0.0936 seconds
Request status  OK for app: 'M\xe1laga CF Wallpapers 4 Fans' (row 7274) in 0.0864 seconds
Request status  OK for app: 'Qeek for Instagram - Zoom profile insta DP' (row 8708) in 0.0908 seconds
Request status  OK for app: 'AX Video Player' (row 5791) in 0.093 seconds
Request status  OK for app: 'X Home Bar - Free' (row 4760) in 0.095 seconds
Request status  OK for app: 'BM Interventi' (row 6481) in 0.09 seconds
Request status  OK for app: 'Scarf Fashion Designer' (row 1631) in 0.0923 seconds
Request status  OK for app: 'Bubble' (row 7080) in 0.0947 seconds
Request status  OK for app: 'C B Patel Health Club' (row 7131) in 0.0908 seconds
Request status  OK for app: 'Bc Vod' (row 5985) in 0.0901 seconds
Request status  OK for app: 'Animated Photo Editor' (row 27) in 0.0875 seconds
Request status  OK for app: 'Monticello AH' (row 5172) in 0.088 seconds
Request status  OK for app: 'Arizona Trail' (row 5902) in 0.0915 seconds
Request status  OK for app: 'Today Calendar 2017' (row 3553) in 0.0913 seconds
Request status  OK for app: 'Jewels classic Prince' (row 1993) in 0.0887 seconds
Request status  OK for app: "Rope'n'Fly 4" (row 4377) in 0.0923 seconds
Request status  OK for app: 'MiniInTheBox Online Shopping' (row 2759) in 0.0903 seconds
Request status  OK for app: 'ai.type Free Emoji Keyboard' (row 3445) in 0.0926 seconds
Request status  OK for app: 'Hot or Not - Find someone right now' (row 491) in 0.0891 seconds
Request status  OK for app: 'U.S.A DV Lottery Process' (row 8958) in 0.0883 seconds
Request status  OK for app: 'Minion Rush: Despicable Me Official Game' (row 4036) in 0.0903 seconds
Request status  OK for app: 'Apartment Decorating Ideas' (row 1492) in 0.0944 seconds
Request status  OK for app: 'Whoscall - Caller ID & Block' (row 441) in 0.0925 seconds
Request status  OK for app: 'Stats CR Clan for Clash Royale' (row 7776) in 0.0882 seconds
Request status  OK for app: '500 AP World History Questions' (row 5475) in 0.0901 seconds
Request status  OK for app: 'Tunnel Town' (row 5228) in 0.0982 seconds
Request status  OK for app: 'Run R Script - Online Statistical Data Analysis' (row 4530) in 0.0925 seconds
Request status  OK for app: 'Fr Lupupa Sermons' (row 10810) in 0.0875 seconds
Request status  OK for app: 'Transit: Real-Time Transit App' (row 5964) in 0.0947 seconds
Request status  OK for app: 'OfferUp - Buy. Sell. Offer Up' (row 2656) in 0.088 seconds
Request status  OK for app: 'ooVoo Video Calls, Messaging & Stories' (row 2618) in 0.0889 seconds
Request status  OK for app: 'BL File Explorer' (row 6428) in 0.0947 seconds
Request status  OK for app: 'MARKET FO' (row 10692) in 0.0907 seconds
Request status  OK for app: 'The Visitor: Ep.2 - Sleepover Slaughter' (row 9709) in 0.0902 seconds
Request status  OK for app: 'EZ-Placard - Free Placard Calculator' (row 10164) in 0.09 seconds
Request status  OK for app: 'Smart-AC Universal Remote Free' (row 4904) in 0.0931 seconds
Request status  OK for app: 'Christian Dating For Free App' (row 517) in 0.0885 seconds
Request status  OK for app: 'Google Street View' (row 3127) in 0.0878 seconds
Request status  OK for app: 'Leica Q' (row 4512) in 0.0924 seconds
Request status  OK for app: 'Wishbone - Compare Anything' (row 6568) in 0.0886 seconds
Request status  OK for app: 'Miraculous Ladybug & Cat Noir - The Official Game' (row 1928) in 0.0955 seconds
Request status  OK for app: 'Video Downloader for FB' (row 10227) in 0.0883 seconds
Request status  OK for app: 'DH Karaoke' (row 8414) in 0.0903 seconds
Request status  OK for app: 'Chess and Mate' (row 2179) in 0.0887 seconds
Request status  OK for app: 'Masha and the Bear Child Games' (row 2148) in 0.0949 seconds
Request status  OK for app: 'AJ Bell Youinvest' (row 5236) in 0.0894 seconds
Request status  OK for app: 'B&W Photo Filter Editor' (row 6939) in 0.0877 seconds
Request status  OK for app: 'English in a Month Free' (row 9622) in 0.0888 seconds
Request status  OK for app: 'Trinomial Factoring Wizard' (row 6985) in 0.0872 seconds
Request status  OK for app: 'SCS eC' (row 9266) in 0.0915 seconds
Request status  OK for app: 'Fabulous: Motivate Me! Meditate, Relax, Sleep' (row 1436) in 0.0913 seconds
Request status  OK for app: 'FC Bayern Munich' (row 10246) in 0.088 seconds
Request status  OK for app: 'EO RAIPUR' (row 9651) in 0.0913 seconds
Request status  OK for app: 'Satellite AR' (row 5561) in 0.0889 seconds
Request status  OK for app: 'Talking Ginger' (row 4217) in 0.0884 seconds
Request status  OK for app: 'Crisis Action: 2018 NO.1 FPS' (row 5283) in 0.0895 seconds
Request status  OK for app: 'Santa Fe Map and Walks' (row 10333) in 0.0909 seconds
Request status  OK for app: 'Baby Panda Care' (row 2034) in 0.089 seconds
Request status  OK for app: 'Earn to Die 2' (row 1927) in 0.0951 seconds
Request status  OK for app: 'CI Crew' (row 7378) in 0.0881 seconds
Request status  OK for app: 'Survival Forest : Survivor Home Builder' (row 9983) in 0.0919 seconds
Request status  OK for app: 'Fast Notes FJ' (row 10516) in 0.0897 seconds
Request status  OK for app: 'Infinite Painter' (row 7) in 0.0934 seconds
Request status  OK for app: 'TripAdvisor Hotels Flights Restaurants Attractions' (row 3170) in 0.0902 seconds
Request status  OK for app: '24/7 BZ Reis' (row 7050) in 0.0878 seconds
Request status  OK for app: 'Discovery Church Florida' (row 10593) in 0.088 seconds
Request status  OK for app: 'XE Currency' (row 10034) in 0.0956 seconds
Request status  OK for app: 'DM for IG \U0001f618 - Image & Video Saver for Instagram' (row 8545) in 0.0911 seconds
Request status  OK for app: 'LivingSocial - Local Deals' (row 2779) in 0.0888 seconds
Request status  OK for app: 'Skyscanner' (row 3207) in 0.0919 seconds
Request status  OK for app: 'Caviar - Food Delivery' (row 1247) in 0.0892 seconds
Request status  OK for app: 'Dialer theme Droid L' (row 4341) in 0.0935 seconds
Request status  OK for app: 'Treadmill Workouts Free (P)' (row 6253) in 0.0907 seconds
Request status  OK for app: 'DB Event App' (row 8229) in 0.0902 seconds
Request status  OK for app: 'Puzzle Kids - Animals Shapes and Jigsaw Puzzles' (row 2032) in 0.0922 seconds
Request status  OK for app: 'Touch DV' (row 8941) in 0.0897 seconds
Request status  OK for app: 'Bsc Agri Notes' (row 6747) in 0.0907 seconds
Request status  OK for app: 'DW' (row 8985) in 0.0943 seconds
Request status  OK for app: 'Community by C Space' (row 4011) in 0.0934 seconds
Request status  OK for app: 'Quiz CS:GO players' (row 7850) in 0.0951 seconds
Request status  OK for app: 'Install images with music to make video without Net - 2018' (row 46) in 0.1053 seconds
Request status  OK for app: 'Pixel Art: Color by Number Game' (row 2003) in 0.0893 seconds
Request status  OK for app: 'Learn 50 languages' (row 800) in 0.0932 seconds
Request status  OK for app: 'Sword of Chaos - Lame du Chaos' (row 8917) in 0.0889 seconds
Request status  OK for app: 'AV-IPTV' (row 5703) in 0.0938 seconds
Request status  OK for app: 'Sketchfab' (row 5533) in 0.0862 seconds
Request status  OK for app: 'R Programing Offline Tutorial' (row 4539) in 0.0871 seconds
Request status  OK for app: 'The 5th Stand' (row 10269) in 0.0926 seconds
Request status  OK for app: 'Wallpapers AK 12' (row 5298) in 0.0874 seconds
Request status  OK for app: 'Gunship Modern Combat 3D' (row 7740) in 0.0907 seconds
Request status  OK for app: 'Arab Halls - For Wedding & Events' (row 1044) in 0.0947 seconds
Request status  OK for app: 'Reindeer VPN - Proxy VPN' (row 10795) in 0.0916 seconds
Request status  OK for app: 'EXOGEN Connects (US)' (row 2434) in 0.0957 seconds
Request status  OK for app: 'EO LAC' (row 9662) in 0.0878 seconds
Request status  OK for app: 'LIKE \u2013 Magic Video Maker & Community' (row 3693) in 0.0974 seconds
Request status  OK for app: 'Classic Calculator' (row 3310) in 0.0932 seconds
Request status  OK for app: 'SnpCupid Dating' (row 531) in 0.0976 seconds
Request status  OK for app: 'Free & Premium VPN - FinchVPN' (row 3318) in 0.0896 seconds
Request status  OK for app: 'MeetMe: Chat & Meet New People' (row 6293) in 0.0853 seconds
Request status  OK for app: 'CL Reader for Craigslist(For sale, jobs, rental..)' (row 7499) in 0.0928 seconds
Request status  OK for app: 'Dino in City-Dinosaur N Police' (row 4379) in 0.088 seconds
Request status  OK for app: 'DF Coaching' (row 8325) in 0.0925 seconds
Request status  OK for app: 'DS Connector 2.0' (row 8826) in 0.091 seconds
Request status  OK for app: 'Free intellectual training game application |' (row 728) in 0.0862 seconds
Request status  OK for app: 'Piano Kids - Music & Songs' (row 2051) in 1.1037 seconds
Request status  OK for app: 'CP Cloud' (row 7702) in 0.0928 seconds
Request status  OK for app: 'The Weather Network' (row 3647) in 0.0914 seconds
Request status  OK for app: 'Hangouts' (row 464) in 0.0873 seconds
Request status  OK for app: 'Mermaids' (row 711) in 0.0912 seconds
Request status  OK for app: 'Home Security Camera WardenCam - reuse old phones' (row 9982) in 0.0942 seconds
Request status  OK for app: 'CF Townsville' (row 7270) in 0.094 seconds
Request status  OK for app: 'The wall' (row 2667) in 0.0957 seconds
Request status  OK for app: 'Grenada Co-operative Bank' (row 7661) in 0.0892 seconds
Request status  OK for app: 'Sonic Dash' (row 1667) in 0.0977 seconds
Request status  OK for app: 'Comunidad De Fe Minitries' (row 10326) in 0.0929 seconds
Request status  OK for app: 'CM Transfer - Share any files with friends nearby' (row 7543) in 0.0922 seconds
Request status  OK for app: "AJ Men's Grooming" (row 5251) in 0.0933 seconds
Request status  OK for app: 'FE Civil Engineering Exam Prep' (row 10322) in 0.0934 seconds
Request status  OK for app: 'CR -Call Recorder' (row 7787) in 0.094 seconds
Request status  OK for app: 'FR Tides' (row 10832) in 0.0974 seconds
Request status  OK for app: 'Cr Aviation Academy' (row 7799) in 0.1096 seconds
Request status  OK for app: 'Casino AZ/Talking Stick Resort' (row 5889) in 0.0931 seconds
Request status  OK for app: 'My Tele2' (row 343) in 0.088 seconds
Request status  OK for app: 'FQ Magazine' (row 10769) in 0.0905 seconds
Request status  OK for app: 'Body scanner (prank)' (row 5447) in 0.0894 seconds
Request status  OK for app: 'Meetup' (row 2641) in 0.0908 seconds
Request status  OK for app: 'R Instructor' (row 4534) in 0.0782 seconds
Request status  OK for app: 'Aster DM Healthcare' (row 8569) in 0.0963 seconds
Request status  OK for app: 'BG Blurry HD Wallpapers' (row 6190) in 0.0922 seconds
Request status  OK for app: 'ViewRanger - Hike, Ride or Walk' (row 1366) in 0.0908 seconds
Request status  OK for app: 'lesparticuliers.fr' (row 10808) in 0.0907 seconds
Request status  OK for app: 'Fisher-Price\xae Smart Connect\u2122' (row 10757) in 0.0896 seconds
Request status  OK for app: 'Space Z \U0001f30f \U0001f680Icon Pack Theme' (row 4834) in 0.0928 seconds
Request status  OK for app: 'Clash of Clans' (row 1670) in 0.092 seconds
Request status  OK for app: 'Angelcare AH' (row 5136) in 0.0918 seconds
Request status  OK for app: 'MakeMyTrip-Flight Hotel Bus Cab IRCTC Rail Booking' (row 3163) in 0.0912 seconds
Request status  OK for app: 'Todoist: To-do lists for task management & errands' (row 3504) in 0.0945 seconds
Request status  OK for app: 'Armored Warfare: Assault' (row 5743) in 0.0894 seconds
Request status  OK for app: 'My G:' (row 4167) in 0.0927 seconds
Request status  OK for app: 'BH INVEST' (row 6234) in 0.092 seconds
Request status  OK for app: 'TO-FU Oh!SUSHI' (row 2187) in 0.0903 seconds
Request status  OK for app: 'EB-Chat \u2013 For my Events' (row 9199) in 0.0915 seconds
Request status  OK for app: 'A-Y Collection' (row 5828) in 0.088 seconds
Request status  OK for app: 'MLB At Bat' (row 3019) in 0.0932 seconds
Request status  OK for app: 'Twitch: Livestream Multiplayer Games & Esports' (row 4589) in 0.0876 seconds
Request status  OK for app: 'Profile Pictures - Best DP Status' (row 8697) in 0.0956 seconds
Request status  OK for app: 'Glitter Color By Number - Glitter Number Coloring' (row 6992) in 0.0917 seconds
Request status  OK for app: 'Skater Boy' (row 6554) in 0.0938 seconds
Request status  OK for app: 'Henry Danger Crime Warp' (row 2071) in 0.0924 seconds
Request status  OK for app: 'Fake Call From Wengie Prank' (row 9482) in 0.0966 seconds
Request status  OK for app: 'Word Search' (row 1678) in 0.0921 seconds
Request status  OK for app: 'HealtheLife' (row 2341) in 0.093 seconds
Request status  OK for app: '\u65e5\u672cAV\u5386\u53f2' (row 5698) in 0.0938 seconds
Request status  OK for app: 'Gboard - the Google Keyboard' (row 3326) in 0.0891 seconds
Request status  OK for app: 'Baby Tiger Care - My Cute Virtual Pet Friend' (row 2058) in 0.0897 seconds
Request status  OK for app: 'Lennox iComfort Wi-Fi' (row 10476) in 0.0862 seconds
Request status  OK for app: 'PGA TOUR LIVE' (row 3034) in 0.0975 seconds
Request status  OK for app: 'CB Hair Png - New Hair Png For CB Editing' (row 7128) in 0.0972 seconds
Request status  OK for app: 'Trailer Addict Movie Trailers' (row 895) in 0.0919 seconds
Request status  OK for app: 'X Home Bar - Free' (row 4760) in 0.0886 seconds
Request status  OK for app: 'The Vikings' (row 5802) in 0.092 seconds
Request status  OK for app: 'Phogy, 3D Camera' (row 9529) in 0.0885 seconds
Request status  OK for app: 'MangaToon - Comics updated Daily' (row 302) in 0.093 seconds
Request status  OK for app: 'DRAGON QUEST IV' (row 7357) in 0.0927 seconds
Request status  OK for app: 'FN pistol model 1903 explained' (row 10651) in 0.0959 seconds
Request status  OK for app: 'TeamWard \u2013 live help for LoL' (row 9486) in 0.0957 seconds
Request status  OK for app: 'MyRadar NOAA Weather Radar Ad Free' (row 4955) in 0.0988 seconds
Request status  OK for app: 'Cy-Ranch' (row 8089) in 0.096 seconds
Request status  OK for app: 'Farm Heroes Saga' (row 10186) in 0.0942 seconds
Request status  OK for app: 'Reading Race 1b: sh, ch words' (row 7339) in 0.0909 seconds
Request status  OK for app: '365Scores - Live Scores' (row 5415) in 0.0917 seconds
Request status  OK for app: 'Pixxy KWGT' (row 7364) in 0.0913 seconds
Request status  OK for app: 'CQ Ukraine' (row 7735) in 0.0936 seconds
Request status  OK for app: 'FN pistol Model 1906 explained' (row 10650) in 0.0913 seconds
Request status  OK for app: 'Gun Club Armory' (row 10684) in 0.0918 seconds
Request status  OK for app: 'Mahalaxmi Dindarshika 2018' (row 8627) in 0.0946 seconds
Request status  OK for app: 'Skyscanner' (row 3109) in 0.0924 seconds
Request status  OK for app: 'Nike+ Run Club' (row 1389) in 0.0946 seconds
Request status  OK for app: 'BZ Reminder' (row 7033) in 0.1058 seconds
Request status  OK for app: 'Bed Time Fan - White Noise Sleep Sounds' (row 1646) in 0.0934 seconds
Request status  OK for app: 'EU Flags Live Wallpaper' (row 9876) in 0.0952 seconds
Request status  OK for app: 'Flame - \u062f\u0631\u0628 \u0639\u0642\u0644\u0643 \u064a\u0648\u0645\u064a\u0627' (row 710) in 0.0918 seconds
Request status  OK for app: 'ES File Explorer File Manager' (row 3514) in 0.0986 seconds
Request status  OK for app: 'What Am I? - Brain Teasers' (row 5376) in 0.092 seconds
Request status  OK for app: 'RocketDial Dialer & Contacts' (row 439) in 0.0957 seconds
Request status  OK for app: 'NeuroNation - Focus and Brain Training' (row 745) in 0.0968 seconds
Request status  OK for app: 'EW Manager' (row 9990) in 0.0964 seconds
Request status  OK for app: 'CM FILE MANAGER HD' (row 5611) in 0.0909 seconds
Request status  OK for app: 'Adobe Illustrator Draw' (row 5209) in 0.0941 seconds
Request status  OK for app: 'Monefy - Money Manager' (row 1102) in 0.0916 seconds
Request status  OK for app: 'Get Over Your Ex' (row 10045) in 0.0897 seconds
Request status  OK for app: 'Speed Camera Detector - Traffic & Speed Alert' (row 83) in 0.0874 seconds
Request status  OK for app: 'Diamond Engagement Rings' (row 659) in 0.092 seconds
Request status  OK for app: 'Calorie Counter by FatSecret' (row 1397) in 0.0958 seconds
Request status  OK for app: 'EV Stations Hawaii' (row 9949) in 0.0917 seconds
Request status  OK for app: 'Apartment List: Housing, Apt, and Property Rentals' (row 1460) in 0.088 seconds
Request status  OK for app: 'Jeppesen CR Flight Computer' (row 7798) in 0.093 seconds
Request status  OK for app: 'CX-10DS' (row 8048) in 0.0915 seconds
Request status  OK for app: 'MARCA - Diario L\xedder Deportivo' (row 5574) in 0.0937 seconds
Request status  OK for app: 'BF 3d Images' (row 6108) in 0.0892 seconds
Request status  OK for app: 'AH Alarm Panel' (row 5144) in 0.0931 seconds
Request status  OK for app: '\u09ac\u09be\u0982\u09b2\u09beflix' (row 9200) in 0.091 seconds
Request status  OK for app: "You're an Anime" (row 2458) in 0.0846 seconds
Request status  OK for app: 'Safe Ag Systems\u2122' (row 5105) in 0.1183 seconds
Request status  OK for app: 'AirAsia' (row 3128) in 0.089 seconds
Request status  OK for app: 'Call Blocker' (row 206) in 0.0923 seconds
Request status  OK for app: 'Differential Dx Free' (row 9041) in 0.09 seconds
Request status  OK for app: 'Free Dating App & Flirt Chat - Cheers' (row 498) in 0.086 seconds
Request status  OK for app: 'Garena Free Fire' (row 10327) in 0.0888 seconds
Request status  OK for app: 'PMHNP-BC Pocket Prep' (row 2410) in 0.0905 seconds
Request status  OK for app: 'QR & Barcode Scanner BX PRO' (row 6956) in 0.0887 seconds
Request status  OK for app: 'ROBLOX' (row 1841) in 0.0894 seconds
Request status  OK for app: 'Sketch - Draw & Paint' (row 3) in 0.0862 seconds
Request status  OK for app: 'Sleep as Microsoft Band Add-On' (row 5587) in 0.1565 seconds
Request status  OK for app: 'FC Bayern Munich' (row 10246) in 0.1064 seconds
Request status  OK for app: 'CZ File Manager' (row 8131) in 0.0902 seconds
Request status  OK for app: 'EF English Live Business Tablet' (row 9276) in 0.0953 seconds
Request status  OK for app: 'FB Live' (row 10219) in 0.0887 seconds
Request status  OK for app: 'Free coupons and vouchers' (row 8388) in 0.092 seconds
Request status  OK for app: 'Google Keep' (row 3545) in 0.0924 seconds
Request status  OK for app: 'Pro 2018 - Series A and B' (row 2971) in 0.0906 seconds
Request status  OK for app: 'FK Atlantas' (row 10562) in 0.0931 seconds
Request status  OK for app: 'F-1 watchface by Delta' (row 4137) in 0.0971 seconds
Request status  OK for app: 'Word Search' (row 1678) in 0.1142 seconds
Request status  OK for app: 'Weather From DMI/YR' (row 3651) in 0.088 seconds
Request status  OK for app: 'Dp for girls' (row 8679) in 0.0927 seconds
Request status  OK for app: 'DQ Events' (row 8716) in 0.0978 seconds
Request status  OK for app: 'G-Playlists' (row 4161) in 0.0929 seconds
Request status  OK for app: 'Secure Folder' (row 225) in 0.0901 seconds
Request status  OK for app: 'Vigo Video' (row 4686) in 0.094 seconds
Request status  OK for app: 'Inf VPN - Global Proxy & Unlimited Free WIFI VPN' (row 10796) in 0.0881 seconds
Request status  OK for app: 'CP Connect 2.0' (row 7691) in 0.0899 seconds
Request status  OK for app: 'Arogyam EH' (row 9368) in 0.0919 seconds
Request status  OK for app: 'Media Sosial TNI AU' (row 5677) in 0.0934 seconds
Request status  OK for app: 'ChatBot AI Talking Girl' (row 5187) in 0.0932 seconds
Request status  OK for app: 'HD Camera - Best Cam with filters & panorama' (row 2810) in 0.0901 seconds
Request status  OK for app: 'Insight Timer - Free Meditation App' (row 1431) in 0.0913 seconds
Request status  OK for app: 'FK Sarajevo' (row 10538) in 0.0961 seconds
Request status  OK for app: 'CONNECT: The Mobile CX Summit' (row 8067) in 0.084 seconds
Request status  OK for app: 'Police Field Interview FI Card' (row 10450) in 0.0946 seconds
Request status  OK for app: 'Google News' (row 3765) in 0.0875 seconds
Request status  OK for app: 'Photo Designer - Write your name with shapes' (row 16) in 0.0931 seconds
Request status  OK for app: 'DS Speedometer & Odometer' (row 8836) in 0.0856 seconds
Request status  OK for app: 'Inches to cm conversion' (row 7566) in 0.0935 seconds
Request status  OK for app: 'Calorie Counter by FatSecret' (row 1411) in 0.0852 seconds
Request status  OK for app: 'Skywatch BL' (row 6434) in 0.0915 seconds
Request status  OK for app: 'Br. Parking - Busy road Parking 3D 2018' (row 6682) in 0.087 seconds
Request status  OK for app: 'Beauty Selfie Camera' (row 103) in 0.0904 seconds
Request status  OK for app: 'AV Tools Pro' (row 5701) in 0.0923 seconds
Request status  OK for app: 'Partymasters - Fun Idle Game' (row 1802) in 0.0931 seconds
Request status  OK for app: 'HTC Mail' (row 3483) in 0.0972 seconds
Request status  OK for app: 'Super Mario Run' (row 3897) in 0.0951 seconds
Request status  OK for app: 'DF Squid' (row 8319) in 0.0956 seconds
Request status  OK for app: '\u0160melina .cz inzer\xe1ty inzerce' (row 8133) in 0.0876 seconds
Request status  OK for app: 'Clue' (row 1832) in 0.0964 seconds
Request status  OK for app: 'U-Scan' (row 4641) in 0.0914 seconds
Request status  OK for app: 'Farm Heroes Saga' (row 2011) in 0.0889 seconds
Request status  OK for app: 'daily News' (row 3718) in 0.0925 seconds
Request status  OK for app: 'Extreme- Personal Voice Assistant' (row 5191) in 0.0914 seconds
Request status  OK for app: 'myMetro' (row 3245) in 0.0976 seconds
Request status  OK for app: 'GoPro (formerly Capture)' (row 2896) in 0.1039 seconds
Request status  OK for app: 'Pixel Draw - Number Art Coloring Book' (row 4) in 0.096 seconds
Request status  OK for app: 'Florida DMV Permit Test -Fl' (row 10573) in 0.0912 seconds
Request status  OK for app: 'CV Builder' (row 7965) in 0.092 seconds
Request status  OK for app: 'DN Radio FM' (row 8607) in 0.0984 seconds
Request status  OK for app: 'ESS Mobile for AE' (row 4995) in 0.0916 seconds
Request status  OK for app: 'ES Disk Analyzer - Storage Space' (row 9788) in 0.09 seconds
Request status  OK for app: 'FP Notebook' (row 10730) in 0.099 seconds
Request status  OK for app: 'Hangouts' (row 341) in 0.0922 seconds
Request status  OK for app: 'Manga - read Thai translation' (row 305) in 0.0934 seconds
Request status  OK for app: 'AT&T DriveMode' (row 4614) in 0.0945 seconds
Request status  OK for app: 'Word Search' (row 1678) in 0.0919 seconds
Request status  OK for app: 'Granny' (row 4148) in 0.1132 seconds
Request status  OK for app: 'YourTube Video Views BG' (row 6163) in 0.107 seconds
Request status  OK for app: 'Bubble Shooter' (row 2041) in 0.0994 seconds
Request status  OK for app: 'Portable Wi-Fi hotspot' (row 4609) in 0.1072 seconds
Request status  OK for app: 'Riptide GP: Renegade' (row 8879) in 0.092 seconds
Request status  OK for app: 'Coupe Adh\xe9mar EY 2017' (row 10108) in 0.0899 seconds
Request status  OK for app: 'GCash - Buy Load, Pay Bills, Send Money' (row 1079) in 0.0926 seconds
Request status  OK for app: 'Mirror Photo:Editor Collage (HD)' (row 2926) in 0.0909 seconds
Request status  OK for app: 'Hafizi Quran 15 lines per page' (row 5342) in 0.0938 seconds
Request status  OK for app: 'Home Remedies for Bacterial Infections' (row 6893) in 0.0903 seconds
Request status  OK for app: 'Weather BZ' (row 7036) in 0.0891 seconds
Request status  OK for app: 'R Language Reference Guide' (row 4529) in 0.0905 seconds
Request status  OK for app: 'Photo Studio' (row 2920) in 0.0895 seconds
Request status  OK for app: 'Fast Scanner : Free PDF Scan' (row 232) in 0.0906 seconds
Request status  OK for app: 'CF Appreciation' (row 7242) in 0.0881 seconds
Request status  OK for app: 'C Locker Pro' (row 3997) in 0.0891 seconds
Request status  OK for app: 'Word Hunt' (row 6495) in 0.088 seconds
Request status  OK for app: "Educational Children's Songs" (row 3599) in 0.0903 seconds
Request status  OK for app: 'DK Pittsburgh Sports' (row 8479) in 0.0865 seconds
Request status  OK for app: 'WiFi-o-Matic' (row 4428) in 0.0911 seconds
Request status  OK for app: 'DC Rider' (row 8271) in 0.0882 seconds
Request status  OK for app: 'Clash Royale' (row 1660) in 0.088 seconds
Request status  OK for app: 'YouCamp EU' (row 9869) in 0.0874 seconds
Request status  OK for app: 'TelaDoc' (row 2528) in 0.0917 seconds
Request status  OK for app: 'GO Launcher EX UI5.0 theme' (row 10038) in 0.0942 seconds
Request status  OK for app: 'Unit Converter' (row 3305) in 0.0891 seconds
Request status  OK for app: 'Live 4D Results ! (MY & SG)' (row 1573) in 0.0925 seconds
Request status  OK for app: 'Sleep as Microsoft Band Add-On' (row 5587) in 0.0832 seconds
Request status  OK for app: 'Asana: organize team projects' (row 248) in 0.0905 seconds
Request status  OK for app: '\u4e57\u63dbNAVITIME\u3000Timetable & Route Search in Japan Tokyo' (row 3824) in 0.0941 seconds
Request status  OK for app: "Al'Quran Bahasa Indonesia PRO" (row 5341) in 0.0976 seconds
Request status  OK for app: 'ScriptSave WellRx Rx Discounts' (row 2499) in 0.0928 seconds
Request status  OK for app: 'TN Electricity (TNEB)' (row 9219) in 0.0916 seconds
Request status  OK for app: 'Cathay Pacific' (row 8041) in 0.0914 seconds
Request status  OK for app: 'Best Design CD Ideas' (row 7168) in 0.0949 seconds
Request status  OK for app: 'United Airlines' (row 3160) in 0.093 seconds
Request status  OK for app: 'CE KISIO' (row 7222) in 0.091 seconds
Request status  OK for app: 'Google PDF Viewer' (row 8320) in 0.0931 seconds
Request status  OK for app: 'Kaspersky Mobile Antivirus: AppLock & Web Security' (row 5719) in 0.0914 seconds
Request status  OK for app: 'Gayvox - Gay Lesbian Bi Dating' (row 6263) in 0.0867 seconds
Request status  OK for app: 'Zombie Tsunami' (row 1914) in 0.092 seconds
Request status  OK for app: 'HTC Sense Input - ES' (row 9808) in 0.0893 seconds
Request status  OK for app: 'Photo Lock App - Hide Pictures & Videos' (row 3390) in 0.094 seconds
Request status  OK for app: 'Labs on Demand' (row 2445) in 0.092 seconds
Request status  OK for app: 'EZ Quran' (row 10161) in 0.0929 seconds
Request status  OK for app: 'Lifetime - Watch Full Episodes & Original Movies' (row 981) in 0.0952 seconds
Request status  OK for app: 'CW Seed' (row 941) in 0.084 seconds
Request status  OK for app: 'Deck Advisor for CR' (row 7764) in 0.0915 seconds
Request status  OK for app: 'St. Petersburg, FL - weather and more' (row 10625) in 0.0879 seconds
Request status  OK for app: 'GRE Flashcards' (row 771) in 0.0965 seconds
Request status  OK for app: 'AV HD Video Player' (row 5700) in 0.0935 seconds
Request status  OK for app: 'Trulia Real Estate & Rentals' (row 1506) in 0.0903 seconds
Request status  OK for app: 'PIO bv Transport App' (row 6890) in 0.0957 seconds
Request status  OK for app: 'Dr. Unblock' (row 8775) in 0.091 seconds
Request status  OK for app: 'Fantasy Football & NFL News' (row 3086) in 0.0929 seconds
Request status  OK for app: 'Box' (row 265) in 0.0921 seconds
Request status  OK for app: 'Phone Tracker : Family Locator' (row 2576) in 0.0882 seconds
Request status  OK for app: 'Doctor On Demand' (row 2312) in 0.0903 seconds
Request status  OK for app: 'Google Photos' (row 2884) in 0.1514 seconds
Request status  OK for app: 'Airplane Fly Hawaii' (row 10441) in 0.0921 seconds
Request status  OK for app: 'Learn SQL' (row 764) in 0.0872 seconds
Request status  OK for app: 'Ever After High\u2122 Charmed Style' (row 2221) in 0.0951 seconds
Request status  OK for app: 'Advanced EX for FIAT' (row 10051) in 0.094 seconds
Request status  OK for app: 'End Anxiety Pro - Stress, Panic Attack Help' (row 2292) in 0.0904 seconds
Request status  OK for app: 'Khan Academy' (row 702) in 0.0971 seconds
Request status  OK for app: 'Active Soccer 2 DX' (row 9045) in 0.0902 seconds
Request status  OK for app: 'Ad Remove Plugin for App2SD' (row 4977) in 0.0886 seconds
Request status  OK for app: 'Betterment' (row 1150) in 0.0901 seconds
Request status  OK for app: 'Repair Hyundai Santa Fe' (row 10345) in 0.0943 seconds
Request status  OK for app: 'InBrowser - Incognito Browsing' (row 422) in 0.0889 seconds
Request status  OK for app: 'Best Blood Type AB: Food Diet & Personality' (row 4889) in 0.0916 seconds
Request status  OK for app: 'Youboox - Livres, BD et magazines' (row 6032) in 0.0911 seconds
Request status  OK for app: 'DB Customer Connect' (row 8227) in 0.0969 seconds
Request status  OK for app: 'CoinMarketApp - CryptoCurrency Portfolio, News,ICO' (row 6982) in 0.0897 seconds
Request status  OK for app: 'Florida map' (row 10608) in 0.0908 seconds
Request status  OK for app: 'BP Fitness Lead Scanner' (row 6624) in 0.0891 seconds
Request status  OK for app: 'DF Squid' (row 8319) in 0.0849 seconds
Request status  OK for app: 'Simply Yoga - Fitness Trainer for Workouts & Poses' (row 1339) in 0.0905 seconds
Request status  OK for app: 'My Tele2' (row 343) in 0.0853 seconds
Request status  OK for app: 'AX-PIC Pedidos' (row 5816) in 0.0908 seconds
Request status  OK for app: 'Arena of Valor: 5v5 Arena Game' (row 5408) in 0.0905 seconds
Request status  OK for app: 'FunForMobile Ringtones & Chat' (row 10714) in 0.0944 seconds
Request status  OK for app: 'Free phone calls, free texting SMS on free number' (row 8440) in 0.0902 seconds
Request status  OK for app: 'Fruit Ninja\xae' (row 4037) in 0.0898 seconds
Request status  OK for app: 'Yahoo Fantasy Sports - #1 Rated Fantasy App' (row 3042) in 0.091 seconds
Request status  OK for app: 'Clue' (row 1832) in 0.0875 seconds
Request status  OK for app: 'Bk Usha behn' (row 6396) in 0.0896 seconds
Request status  OK for app: 'iBP Blood Pressure' (row 6584) in 0.0906 seconds
Request status  OK for app: 'Meme Generator Free' (row 8443) in 0.086 seconds
Request status  OK for app: 'Ay Sabz Gunbad Waly' (row 5833) in 0.0902 seconds
Request status  OK for app: 'lesparticuliers.fr' (row 10808) in 0.0883 seconds
Request status  OK for app: 'Modern Action Commando 3D' (row 5764) in 0.0911 seconds
Request status  OK for app: 'Thumbnail Maker' (row 10726) in 0.088 seconds
Request status  OK for app: 'Status For WhatsApp DP - pro' (row 8694) in 0.0902 seconds
Request status  OK for app: 'Qatar Airways' (row 3171) in 0.0909 seconds
Request status  OK for app: 'Survival Prison Escape v2: Free Action Game' (row 10372) in 0.0871 seconds
Request status  OK for app: 'Avast Mobile Security 2018 - Antivirus & App Lock' (row 4808) in 0.0941 seconds
Request status  OK for app: 'ePazar.bg' (row 6182) in 0.0886 seconds
Request status  OK for app: 'Hustle Castle: Fantasy Kingdom' (row 1857) in 0.092 seconds
Request status  OK for app: 'Zara' (row 1633) in 0.091 seconds
Request status  OK for app: 'EF App' (row 9293) in 0.0906 seconds
Request status  OK for app: 'CW TV' (row 7990) in 0.0926 seconds
Request status  OK for app: 'High School Simulator 2017' (row 5422) in 0.093 seconds
Request status  OK for app: 'Sniper Traning for CS GO' (row 7819) in 0.088 seconds
Request status  OK for app: 'Showtime Anytime' (row 954) in 0.0889 seconds
Request status  OK for app: 'Gas Prices (Germany only)' (row 56) in 0.0953 seconds
Request status  OK for app: 'Bu Hangi Firma?' (row 6829) in 0.0941 seconds
Request status  OK for app: 'Moto File Manager' (row 3233) in 0.0936 seconds
Request status  OK for app: 'Easy Cv maker 2018' (row 7946) in 0.0888 seconds
Request status  OK for app: 'ES Remote' (row 8615) in 0.0936 seconds
Request status  OK for app: 'AP Physics 1 Prep: Practice Tests and Flashcards' (row 5477) in 0.0924 seconds
Request status  OK for app: 'Perfect Piano' (row 3974) in 0.0907 seconds
Request status  OK for app: 'Sudoku Master' (row 10112) in 0.0888 seconds
Request status  OK for app: 'Disaster Will Strike' (row 9428) in 0.092 seconds
Request status  OK for app: 'HDFC Bank MobileBanking' (row 1174) in 0.0945 seconds
Request status  OK for app: 'CB SMART LIFE' (row 7114) in 0.093 seconds
Request status  OK for app: 'Football Live Scores' (row 2970) in 0.0962 seconds
Request status  OK for app: 'EC\u30ca\u30d3\xd7\u30b7\u30e5\u30d5\u30fc' (row 9248) in 0.0925 seconds
Request status  OK for app: 'Booking.com Travel Deals' (row 3112) in 0.0896 seconds
Request status  OK for app: 'Woodman Deluxe' (row 5826) in 0.0909 seconds
Request status  OK for app: 'SCB EASY' (row 1055) in 0.0901 seconds
Request status  OK for app: 'Absolute RC Heli Simulator' (row 8074) in 0.0909 seconds
Request status  OK for app: 'Nancy Drew Codes and Clues' (row 2147) in 0.0931 seconds
Request status  OK for app: 'Myjob@BM' (row 6460) in 0.0885 seconds
Request status  OK for app: 'Ax 3 Domaines' (row 5820) in 0.0935 seconds
Request status  OK for app: 'e-Boks.dk' (row 8485) in 0.0891 seconds
Request status  OK for app: 'Penny Puss' (row 8368) in 0.0856 seconds
Request status  OK for app: 'CB Fit' (row 7122) in 0.088 seconds
Request status  OK for app: 'Trading 212 - Forex, Stocks, CFDs' (row 1145) in 0.0891 seconds
Request status  OK for app: 'BK Travel Solutions' (row 6394) in 0.0907 seconds
Request status  OK for app: 'Pok\xe9mon TV' (row 7615) in 0.088 seconds
Request status  OK for app: 'Phone Clean Best Speed Booster' (row 8111) in 0.0935 seconds
Request status  OK for app: 'VMate' (row 4673) in 0.0915 seconds
Request status  OK for app: 'Real Sheet \u221e: Pathfinder + DT' (row 8853) in 0.0916 seconds
Request status  OK for app: 'BTNotification' (row 6763) in 0.0935 seconds
Request status  OK for app: 'Anti Adware' (row 4960) in 0.0904 seconds
Request status  OK for app: 'Disaster Will Strike' (row 9428) in 0.0853 seconds
Request status  OK for app: 'Dr. Shogi' (row 8802) in 0.0958 seconds
Request status  OK for app: 'BG Advisor\u2122' (row 6128) in 0.0913 seconds
Request status  OK for app: 'Graffiti Letters (A-Z)' (row 5890) in 0.0938 seconds
Request status  OK for app: 'Dr. Panda Caf\xe9 Freemium' (row 8796) in 0.098 seconds
Request status  OK for app: 'Organizer' (row 10122) in 0.0931 seconds
Request status  OK for app: 'Square Point of Sale - POS' (row 208) in 0.0923 seconds
Request status  OK for app: 'EK Carevec' (row 9509) in 0.089 seconds
Request status  OK for app: 'CE AR LOG' (row 7231) in 0.0928 seconds
Request status  OK for app: 'InterracialCupid - Interracial Dating App' (row 522) in 0.0969 seconds
Request status  OK for app: 'Moovit: Bus Time & Train Time Live Info' (row 5516) in 0.0896 seconds
Request status  OK for app: '\ubf55\ud2f0\ube44 - \uac1c\uc778\ubc29\uc1a1, \uc778\ud130\ub137\ubc29\uc1a1, BJ\ubc29\uc1a1' (row 6334) in 0.0872 seconds
Request status  OK for app: 'CR Monitor' (row 7790) in 0.0907 seconds
Request status  OK for app: 'DG Card' (row 8384) in 0.0916 seconds
Request status  OK for app: 'AP Manager' (row 5453) in 0.0913 seconds
Request status  OK for app: 'Quick PDF Scanner + OCR FREE' (row 222) in 0.0956 seconds
Request status  OK for app: 'Sufara.ba' (row 5931) in 0.0945 seconds
Request status  OK for app: 'Dots puzzle' (row 7333) in 0.0926 seconds
Request status  OK for app: 'Amazon for Tablets' (row 2654) in 0.0954 seconds
Request status  OK for app: 'Wallpapers FN Herstal FNP 9' (row 10654) in 0.0977 seconds
Request status  OK for app: 'EU Flags Live Wallpaper' (row 9876) in 0.0861 seconds
Request status  OK for app: 'ew-Magazin' (row 9992) in 0.0941 seconds
Request status  OK for app: 'HD Wallpapers Volvo FH Trucks' (row 10413) in 0.095 seconds
Request status  OK for app: 'Florida Travel Guide - TOURIAS' (row 10603) in 0.0914 seconds
Request status  OK for app: 'Daily Ab Workout - Core & Abs Fitness Exercises' (row 4872) in 0.0926 seconds
Request status  OK for app: 'BZ Dealer' (row 7056) in 0.0962 seconds
Request status  OK for app: 'BF Abstract 3d Pictures' (row 6116) in 0.0942 seconds
Request status  OK for app: 'CL Pebble Apps' (row 7527) in 0.0998 seconds
Request status  OK for app: 'Maricopa AH' (row 2436) in 0.0984 seconds
Request status  OK for app: 'Math Solver' (row 8120) in 0.0805 seconds
Request status  OK for app: 'Alizay, pirate girl' (row 2154) in 0.0977 seconds
Request status  OK for app: 'N+ News Bulgaria' (row 6208) in 0.0972 seconds
Request status  OK for app: 'AnatomyMapp' (row 2400) in 0.088 seconds
Request status  OK for app: 'World History Quick e-Book' (row 4081) in 0.0912 seconds
Request status  OK for app: 'DW Event' (row 8997) in 0.0935 seconds
Request status  OK for app: 'B@dL!bs Lite' (row 6740) in 0.095 seconds
Request status  OK for app: 'AJ Bell Youinvest' (row 5236) in 0.0892 seconds
Request status  OK for app: 'Wendy\u2019s \u2013 Food and Offers' (row 1217) in 0.0931 seconds
Request status  OK for app: "We're Working Out - Al Kavadlo" (row 5337) in 0.0914 seconds
Request status  OK for app: 'BD Field Force' (row 6024) in 0.0942 seconds
Request status  OK for app: 'AE Roundy POP' (row 5003) in 0.1521 seconds
Request status  OK for app: 'Who Viewed My FB Profile' (row 10204) in 0.0882 seconds
Request status  OK for app: 'The PCH App' (row 5398) in 0.0949 seconds
Request status  OK for app: 'Legend - Animate Text in Video' (row 5399) in 0.0914 seconds
Request status  OK for app: 'Fishdom' (row 1895) in 0.0854 seconds
Request status  OK for app: 'FL Racing Manager 2018 Lite' (row 10582) in 0.1392 seconds
Request status  OK for app: 'Ay Hasnain k Nana Milad Naat' (row 5842) in 0.1472 seconds
Request status  OK for app: 'Teeny Titans - Teen Titans Go!' (row 7586) in 0.1306 seconds
Request status  OK for app: 'AliExpress - Smarter Shopping, Better Living' (row 2756) in 0.1507 seconds
Request status  OK for app: 'Lyrics of Ek Paheli Leela' (row 9531) in 0.1368 seconds
Request status  OK for app: 'easyJet: Travel App' (row 3194) in 0.1469 seconds
Request status  OK for app: 'Jorte Calendar & Organizer' (row 3560) in 0.0915 seconds
Request status  OK for app: 'Flud (Ad free)' (row 4946) in 0.0887 seconds
Request status  OK for app: 'Secure Folder' (row 225) in 0.0882 seconds
Request status  OK for app: 'Blitzer.de' (row 3855) in 0.0888 seconds
Request status  OK for app: 'QuickPic - Photo Gallery with Google Drive Support' (row 2886) in 0.0957 seconds
Request status  OK for app: 'English to Hindi Dictionary' (row 9644) in 0.0892 seconds
Request status  OK for app: 'Economic Times : Market News' (row 9824) in 0.0901 seconds
Request status  OK for app: 'Dialer theme G Black Gold' (row 4178) in 0.0881 seconds
Request status  OK for app: 'Emergency Brain CT' (row 7862) in 0.0908 seconds
Request status  OK for app: 'T-Mobile\xae FamilyMode\u2122' (row 4608) in 0.0969 seconds
Request status  OK for app: 'AutoScout24 - used car finder' (row 8289) in 0.0925 seconds
Request status  OK for app: 'Advanced Download Manager Holo' (row 8533) in 0.0864 seconds
Request status  OK for app: 'Telstra' (row 1576) in 0.0899 seconds
Request status  OK for app: 'MOTOBAZAR EU' (row 9918) in 0.0941 seconds
Request status  OK for app: 'Granny' (row 1754) in 0.0948 seconds
Request status  OK for app: 'GEM\u2122' (row 6218) in 0.0918 seconds
Request status  OK for app: 'Job CV Maker & Portfolio Maker' (row 7971) in 0.0894 seconds
Request status  OK for app: 'Vegas Crime Simulator' (row 4798) in 0.089 seconds
Request status  OK for app: 'U-Craft Mobile' (row 4662) in 0.0907 seconds
Request status  OK for app: 'Kiss Me! Lip Kissing Test' (row 9492) in 0.0904 seconds
Request status  OK for app: 'Klix.ba' (row 5947) in 0.0882 seconds
Request status  OK for app: 'Crunchyroll - Everything Anime' (row 933) in 0.0891 seconds
Request status  OK for app: 'Amazing CG Backgrounds' (row 7301) in 0.0906 seconds
Request status  OK for app: 'Texas HoldEm Poker Deluxe' (row 8432) in 0.0899 seconds
Request status  OK for app: 'EU-Schwerbehinderung' (row 9930) in 0.091 seconds
Request status  OK for app: 'Soundtrack Attack' (row 7596) in 0.0913 seconds
Request status  OK for app: 'Ek Do Teen Song Videos - Baaghi 2 Video Songs' (row 9527) in 0.0895 seconds
Request status  OK for app: 'Hangouts' (row 464) in 0.0806 seconds
Request status  OK for app: 'L!FE Premium Training' (row 10337) in 0.089 seconds
Request status  OK for app: 'Pro 2018 - Series A and B' (row 2971) in 0.0868 seconds
Request status  OK for app: 'AI Benchmark' (row 5195) in 0.0893 seconds
Request status  OK for app: 'BR Video Player' (row 6681) in 0.0887 seconds
Request status  OK for app: 'PDF Reader \u2013 PDF Editor 2018' (row 8352) in 0.0915 seconds
Request status  OK for app: 'Dungeon Hunter 5 \u2013 Action RPG' (row 5524) in 0.0888 seconds
Request status  OK for app: 'BP Scanner Prank' (row 6616) in 0.0933 seconds
Request status  OK for app: 'Painting Lulu DC Super Friends' (row 8283) in 0.0761 seconds
Request status  OK for app: 'Adobe Acrobat Reader' (row 3524) in 0.0934 seconds
Request status  OK for app: 'Hostelworld: Hostels & Cheap Hotels Travel App' (row 3113) in 0.0878 seconds
Request status  OK for app: 'BN Pro BlueICS-b HD Text' (row 6505) in 0.0906 seconds
Request status  OK for app: 'Jetpack Joyride' (row 4249) in 0.0891 seconds
Request status  OK for app: 'MLB At Bat' (row 5620) in 0.0894 seconds
Request status  OK for app: 'HTC Speak' (row 1580) in 0.0928 seconds
Request status  OK for app: 'EP Research Service' (row 9712) in 0.0912 seconds
Request status  OK for app: 'AC CE BJT Actorial' (row 7211) in 0.0934 seconds
Request status  OK for app: 'Educationboard Results BD' (row 6037) in 0.0937 seconds
Request status  OK for app: 'European Union Simulator' (row 9864) in 0.0913 seconds
Request status  OK for app: 'SofaScore Live Score' (row 5424) in 0.0944 seconds
Request status  OK for app: 'Yahoo Mail \u2013 Stay Organized' (row 345) in 0.0857 seconds
Request status  OK for app: 'Turo - Better Than Car Rental' (row 3218) in 0.0883 seconds
Request status  OK for app: 'ES App Locker' (row 9789) in 0.0929 seconds
Request status  OK for app: 'Block Puzzle - Wood Legend' (row 10193) in 0.0933 seconds
Request status  OK for app: 'KeePass DX Pro' (row 9030) in 0.0927 seconds
Request status  OK for app: 'Newsroom: News Worth Sharing' (row 3815) in 0.0927 seconds
Request status  OK for app: 'BK murli today (Mobile Murli) - Gyan' (row 6392) in 0.0898 seconds
Request status  OK for app: 'Cb browser' (row 7142) in 0.0871 seconds
Request status  OK for app: 'Last Day on Earth: Survival' (row 4327) in 0.0895 seconds
Request status  OK for app: 'SVT Play' (row 3706) in 0.0985 seconds
Request status  OK for app: 'Viva Decora - Decoration, Photos, Architecture, House' (row 1447) in 0.0878 seconds
Request status  OK for app: 'Angry Birds Classic' (row 1740) in 0.0928 seconds
Request status  OK for app: 'Angry Birds Rio' (row 4869) in 0.0922 seconds
Request status  OK for app: 'Octo U: Your driving companion' (row 4642) in 0.0949 seconds
Request status  OK for app: 'Guns of Glory' (row 1824) in 0.0908 seconds
Request status  OK for app: 'TripAdvisor Hotels Flights Restaurants Attractions' (row 4744) in 0.0898 seconds
Request status  OK for app: 'DV Car Service' (row 8947) in 0.0919 seconds
Request status  OK for app: 'PDF Reader \u2013 PDF Editor 2018' (row 8352) in 0.0845 seconds
Request status  OK for app: 'F N Bail Bonds' (row 10663) in 0.0917 seconds
Request status  OK for app: 'Geometry Dash SubZero' (row 8185) in 0.094 seconds
Request status  OK for app: 'Flim Af Somali Hindi Fanproj' (row 5043) in 0.098 seconds
Request status  OK for app: 'CM FILE MANAGER HD' (row 5611) in 0.0833 seconds
Request status  OK for app: 'TripAdvisor Hotels Flights Restaurants Attractions' (row 3136) in 0.0853 seconds
Request status  OK for app: 'Ab Workouts' (row 4892) in 0.0852 seconds
Request status  OK for app: 'NCAA March Madness Live' (row 3073) in 0.0871 seconds
Request status  OK for app: 'DHV accountancy BV' (row 6878) in 0.085 seconds
Request status  OK for app: 'Ultimate Fighter Z' (row 4850) in 0.09 seconds
Request status  OK for app: 'BR Video Player' (row 6681) in 0.0871 seconds
Request status  OK for app: 'Moco+ - Chat, Meet People' (row 476) in 0.0894 seconds
Request status  OK for app: '3D DJ \u2013 DJ Mixer 2018' (row 6344) in 0.0914 seconds
Request status  OK for app: 'JW Library' (row 9625) in 0.0898 seconds
Request status  OK for app: 'Dino War: Rise of Beasts' (row 1821) in 0.0901 seconds
Request status  OK for app: 'Bank Of Cyprus' (row 8127) in 0.0944 seconds
Request status  OK for app: 'Garden Fever - Free!' (row 10028) in 0.0946 seconds
Request status  OK for app: 'Alumni BJ' (row 6333) in 0.092 seconds
Request status  OK for app: 'Banorte Movil' (row 1072) in 0.0875 seconds
Request status  OK for app: "Bo's School Day" (row 6570) in 0.0891 seconds
Request status  OK for app: 'Laftel - Watching and Announcing Snooping, Streaming' (row 334) in 0.0912 seconds
Request status  OK for app: 'MIX by Camera360' (row 2882) in 0.0872 seconds
Request status  OK for app: 'ASCP\xae CG Exam Flashcards 2018' (row 7308) in 0.0927 seconds
Request status  OK for app: 'Pinoy Kid Song Ako ay may Lobo' (row 5848) in 0.0884 seconds
Request status  OK for app: '17th Edition Cable Sizer' (row 6760) in 0.0914 seconds
Request status  OK for app: 'Chrome Beta' (row 7329) in 0.0946 seconds
Request status  OK for app: 'Agoda \u2013 Hotel Booking Deals' (row 3217) in 0.0915 seconds
Request status  OK for app: 'Square Analog Clock AW-7' (row 5759) in 0.0822 seconds
Request status  OK for app: 'CB Background - Free HD Wallpaper Images' (row 7119) in 0.088 seconds
Request status  OK for app: 'Outdoor Movies BC' (row 5987) in 0.0915 seconds
Request status  OK for app: 'F-1 watchface by Delta' (row 4137) in 0.0863 seconds
Request status  OK for app: 'Expedia Hotels, Flights & Car Rental Travel Deals' (row 3129) in 0.0921 seconds
Request status  OK for app: 'EF English Live Business Tablet' (row 9276) in 0.0897 seconds
Request status  OK for app: '\u4e2d\u56fd\u8a9e AQ\u30ea\u30b9\u30cb\u30f3\u30b0' (row 5513) in 0.1027 seconds
Request status  OK for app: 'Resume Maker - Creator' (row 7976) in 0.0939 seconds
Request status  OK for app: 'Dr Dre - Beatmaker' (row 8784) in 0.0865 seconds
Request status  OK for app: 'DreamStream By EL AL' (row 9543) in 0.0992 seconds
Request status  OK for app: 'HTC Sense Input-CA' (row 3279) in 0.0905 seconds
Request status  OK for app: 'DisneyNOW \u2013 TV Shows & Games' (row 7613) in 0.0907 seconds
Request status  OK for app: 'Fox Business' (row 1138) in 0.0915 seconds
Request status  OK for app: 'Google Allo' (row 410) in 0.0976 seconds
Request status  OK for app: 'Paint Hit' (row 1766) in 0.0951 seconds
Request status  OK for app: 'Eurostat Country Profiles' (row 9881) in 0.0929 seconds
Request status  OK for app: 'Pushbullet - SMS on PC' (row 3501) in 0.1574 seconds
Request status  OK for app: 'Anonymous caller detection' (row 163) in 0.0903 seconds
Request status  OK for app: 'Mini for Facebook lite' (row 10231) in 0.1023 seconds
Request status  OK for app: 'American Airlines' (row 3158) in 0.0901 seconds
Request status  OK for app: 'Oxford Dictionary of English : Free' (row 9642) in 0.0926 seconds
Request status  OK for app: 'auto fines' (row 93) in 0.0943 seconds
Request status  OK for app: 'VUE: video editor & camcorder' (row 3714) in 0.0858 seconds
Request status  OK for app: 'S\xfcdtirol2Go' (row 7062) in 0.0865 seconds
Request status  OK for app: 'BET NOW - Watch Shows' (row 951) in 0.0923 seconds
Request status  OK for app: 'FD e-paper' (row 10313) in 0.0929 seconds
Request status  OK for app: 'Rockstars of Ooo' (row 7614) in 0.0909 seconds
Request status  OK for app: 'Gems or jewels ?' (row 1983) in 0.0893 seconds
Request status  OK for app: 'Students.ch' (row 7361) in 0.0907 seconds
Request status  OK for app: 'Docs To Go\u2122 Free Office Suite' (row 192) in 0.0901 seconds
Request status  OK for app: 'BL \u5973\u6027\u5411\u3051\u604b\u611b\u30b2\u30fc\u30e0\u25c6\u4ffa\u30d7\u30ea\u30af\u30ed\u30b9' (row 6406) in 0.0946 seconds
Request status  OK for app: 'Modern Combat 5: eSports FPS' (row 9166) in 0.0905 seconds
Request status  OK for app: 'BL Taxi' (row 6441) in 0.0914 seconds
Request status  OK for app: 'EMT PASS' (row 2266) in 0.0921 seconds
Request status  OK for app: 'Duolingo: Learn Languages Free' (row 8439) in 0.0933 seconds
Request status  OK for app: 'DV KING 4K' (row 8951) in 0.0915 seconds
Request status  OK for app: 'Remind: School Communication' (row 823) in 0.0864 seconds
Request status  OK for app: 'BL ONLINE PERSONAL TRAINING' (row 6437) in 0.1157 seconds
Request status  OK for app: 'Cardio-FR' (row 10824) in 0.0972 seconds
Request status  OK for app: 'Caviar - Food Delivery' (row 1247) in 0.0901 seconds
Request status  OK for app: 'How Do I Look' (row 4230) in 0.0976 seconds
Request status  OK for app: 'IP address BW' (row 6928) in 0.0904 seconds
Request status  OK for app: 'DF@realtime' (row 8323) in 0.0912 seconds
Request status  OK for app: 'AU Mobile Indonesia' (row 5653) in 0.0881 seconds
Thread ends in  95.8518 seconds with requests times: mean 0.0938 std 0.0331 min 0.076 max 1.1037
